[1.435s] DEBUG:colcon:Command line arguments: ['/usr/bin/colcon', 'build', '--packages-select', 'serial_imu1']
[1.435s] DEBUG:colcon:Parsed command line arguments: Namespace(log_base=None, log_level=None, verb_name='build', build_base='build', install_base='install', merge_install=False, symlink_install=False, test_result_base=None, continue_on_error=False, executor='parallel', parallel_workers=4, event_handlers=None, ignore_user_meta=False, metas=['./colcon.meta'], base_paths=['.'], packages_ignore=None, packages_ignore_regex=None, paths=None, packages_up_to=None, packages_up_to_regex=None, packages_above=None, packages_above_and_dependencies=None, packages_above_depth=None, packages_select_by_dep=None, packages_skip_by_dep=None, packages_skip_up_to=None, packages_select_build_failed=False, packages_skip_build_finished=False, packages_select_test_failures=False, packages_skip_test_passed=False, packages_select=['serial_imu1'], packages_skip=None, packages_select_regex=None, packages_skip_regex=None, packages_start=None, packages_end=None, allow_overriding=[], cmake_args=None, cmake_target=None, cmake_target_skip_unavailable=False, cmake_clean_cache=False, cmake_clean_first=False, cmake_force_configure=False, ament_cmake_args=None, catkin_cmake_args=None, catkin_skip_building_tests=False, verb_parser=<colcon_defaults.argument_parser.defaults.DefaultArgumentsDecorator object at 0x7ff082fec460>, verb_extension=<colcon_core.verb.build.BuildVerb object at 0x7ff083dc73d0>, main=<bound method BuildVerb.main of <colcon_core.verb.build.BuildVerb object at 0x7ff083dc73d0>>)
[1.499s] Level 1:colcon.colcon_core.package_discovery:discover_packages(colcon_meta) check parameters
[1.499s] Level 1:colcon.colcon_core.package_discovery:discover_packages(recursive) check parameters
[1.499s] Level 1:colcon.colcon_core.package_discovery:discover_packages(ignore) check parameters
[1.500s] Level 1:colcon.colcon_core.package_discovery:discover_packages(path) check parameters
[1.500s] Level 1:colcon.colcon_core.package_discovery:discover_packages(colcon_meta) discover
[1.500s] Level 1:colcon.colcon_core.package_discovery:discover_packages(recursive) discover
[1.500s] INFO:colcon.colcon_core.package_discovery:Crawling recursively for packages in '/home/sajjad/Downloads/demo_ros2'
[1.500s] Level 1:colcon.colcon_core.package_identification:_identify(.) by extensions ['ignore', 'ignore_ament_install']
[1.500s] Level 1:colcon.colcon_core.package_identification:_identify(.) by extension 'ignore'
[1.500s] Level 1:colcon.colcon_core.package_identification:_identify(.) by extension 'ignore_ament_install'
[1.500s] Level 1:colcon.colcon_core.package_identification:_identify(.) by extensions ['colcon_pkg']
[1.500s] Level 1:colcon.colcon_core.package_identification:_identify(.) by extension 'colcon_pkg'
[1.500s] Level 1:colcon.colcon_core.package_identification:_identify(.) by extensions ['colcon_meta']
[1.500s] Level 1:colcon.colcon_core.package_identification:_identify(.) by extension 'colcon_meta'
[1.500s] Level 1:colcon.colcon_core.package_identification:_identify(.) by extensions ['ros']
[1.500s] Level 1:colcon.colcon_core.package_identification:_identify(.) by extension 'ros'
[1.513s] Level 1:colcon.colcon_core.package_identification:_identify(.) by extensions ['cmake', 'python']
[1.513s] Level 1:colcon.colcon_core.package_identification:_identify(.) by extension 'cmake'
[1.513s] Level 1:colcon.colcon_core.package_identification:_identify(.) by extension 'python'
[1.513s] Level 1:colcon.colcon_core.package_identification:_identify(.) by extensions ['python_setup_py']
[1.513s] Level 1:colcon.colcon_core.package_identification:_identify(.) by extension 'python_setup_py'
[1.514s] Level 1:colcon.colcon_core.package_identification:_identify(build) by extensions ['ignore', 'ignore_ament_install']
[1.514s] Level 1:colcon.colcon_core.package_identification:_identify(build) by extension 'ignore'
[1.514s] Level 1:colcon.colcon_core.package_identification:_identify(build) ignored
[1.514s] Level 1:colcon.colcon_core.package_identification:_identify(install) by extensions ['ignore', 'ignore_ament_install']
[1.514s] Level 1:colcon.colcon_core.package_identification:_identify(install) by extension 'ignore'
[1.514s] Level 1:colcon.colcon_core.package_identification:_identify(install) ignored
[1.514s] Level 1:colcon.colcon_core.package_identification:_identify(log) by extensions ['ignore', 'ignore_ament_install']
[1.514s] Level 1:colcon.colcon_core.package_identification:_identify(log) by extension 'ignore'
[1.514s] Level 1:colcon.colcon_core.package_identification:_identify(log) ignored
[1.514s] Level 1:colcon.colcon_core.package_identification:_identify(ros2_ws) by extensions ['ignore', 'ignore_ament_install']
[1.515s] Level 1:colcon.colcon_core.package_identification:_identify(ros2_ws) by extension 'ignore'
[1.515s] Level 1:colcon.colcon_core.package_identification:_identify(ros2_ws) by extension 'ignore_ament_install'
[1.515s] Level 1:colcon.colcon_core.package_identification:_identify(ros2_ws) by extensions ['colcon_pkg']
[1.515s] Level 1:colcon.colcon_core.package_identification:_identify(ros2_ws) by extension 'colcon_pkg'
[1.515s] Level 1:colcon.colcon_core.package_identification:_identify(ros2_ws) by extensions ['colcon_meta']
[1.515s] Level 1:colcon.colcon_core.package_identification:_identify(ros2_ws) by extension 'colcon_meta'
[1.515s] Level 1:colcon.colcon_core.package_identification:_identify(ros2_ws) by extensions ['ros']
[1.515s] Level 1:colcon.colcon_core.package_identification:_identify(ros2_ws) by extension 'ros'
[1.515s] Level 1:colcon.colcon_core.package_identification:_identify(ros2_ws) by extensions ['cmake', 'python']
[1.515s] Level 1:colcon.colcon_core.package_identification:_identify(ros2_ws) by extension 'cmake'
[1.515s] Level 1:colcon.colcon_core.package_identification:_identify(ros2_ws) by extension 'python'
[1.515s] Level 1:colcon.colcon_core.package_identification:_identify(ros2_ws) by extensions ['python_setup_py']
[1.515s] Level 1:colcon.colcon_core.package_identification:_identify(ros2_ws) by extension 'python_setup_py'
[1.515s] Level 1:colcon.colcon_core.package_identification:_identify(ros2_ws/build) by extensions ['ignore', 'ignore_ament_install']
[1.515s] Level 1:colcon.colcon_core.package_identification:_identify(ros2_ws/build) by extension 'ignore'
[1.515s] Level 1:colcon.colcon_core.package_identification:_identify(ros2_ws/build) ignored
[1.516s] Level 1:colcon.colcon_core.package_identification:_identify(ros2_ws/install) by extensions ['ignore', 'ignore_ament_install']
[1.516s] Level 1:colcon.colcon_core.package_identification:_identify(ros2_ws/install) by extension 'ignore'
[1.516s] Level 1:colcon.colcon_core.package_identification:_identify(ros2_ws/install) ignored
[1.516s] Level 1:colcon.colcon_core.package_identification:_identify(ros2_ws/log) by extensions ['ignore', 'ignore_ament_install']
[1.516s] Level 1:colcon.colcon_core.package_identification:_identify(ros2_ws/log) by extension 'ignore'
[1.516s] Level 1:colcon.colcon_core.package_identification:_identify(ros2_ws/log) ignored
[1.516s] Level 1:colcon.colcon_core.package_identification:_identify(ros2_ws/src) by extensions ['ignore', 'ignore_ament_install']
[1.516s] Level 1:colcon.colcon_core.package_identification:_identify(ros2_ws/src) by extension 'ignore'
[1.516s] Level 1:colcon.colcon_core.package_identification:_identify(ros2_ws/src) by extension 'ignore_ament_install'
[1.516s] Level 1:colcon.colcon_core.package_identification:_identify(ros2_ws/src) by extensions ['colcon_pkg']
[1.516s] Level 1:colcon.colcon_core.package_identification:_identify(ros2_ws/src) by extension 'colcon_pkg'
[1.516s] Level 1:colcon.colcon_core.package_identification:_identify(ros2_ws/src) by extensions ['colcon_meta']
[1.516s] Level 1:colcon.colcon_core.package_identification:_identify(ros2_ws/src) by extension 'colcon_meta'
[1.517s] Level 1:colcon.colcon_core.package_identification:_identify(ros2_ws/src) by extensions ['ros']
[1.517s] Level 1:colcon.colcon_core.package_identification:_identify(ros2_ws/src) by extension 'ros'
[1.517s] Level 1:colcon.colcon_core.package_identification:_identify(ros2_ws/src) by extensions ['cmake', 'python']
[1.517s] Level 1:colcon.colcon_core.package_identification:_identify(ros2_ws/src) by extension 'cmake'
[1.517s] Level 1:colcon.colcon_core.package_identification:_identify(ros2_ws/src) by extension 'python'
[1.517s] Level 1:colcon.colcon_core.package_identification:_identify(ros2_ws/src) by extensions ['python_setup_py']
[1.517s] Level 1:colcon.colcon_core.package_identification:_identify(ros2_ws/src) by extension 'python_setup_py'
[1.517s] Level 1:colcon.colcon_core.package_identification:_identify(ros2_ws/src/custom_msg) by extensions ['ignore', 'ignore_ament_install']
[1.517s] Level 1:colcon.colcon_core.package_identification:_identify(ros2_ws/src/custom_msg) by extension 'ignore'
[1.517s] Level 1:colcon.colcon_core.package_identification:_identify(ros2_ws/src/custom_msg) by extension 'ignore_ament_install'
[1.517s] Level 1:colcon.colcon_core.package_identification:_identify(ros2_ws/src/custom_msg) by extensions ['colcon_pkg']
[1.517s] Level 1:colcon.colcon_core.package_identification:_identify(ros2_ws/src/custom_msg) by extension 'colcon_pkg'
[1.517s] Level 1:colcon.colcon_core.package_identification:_identify(ros2_ws/src/custom_msg) by extensions ['colcon_meta']
[1.517s] Level 1:colcon.colcon_core.package_identification:_identify(ros2_ws/src/custom_msg) by extension 'colcon_meta'
[1.517s] Level 1:colcon.colcon_core.package_identification:_identify(ros2_ws/src/custom_msg) by extensions ['ros']
[1.517s] Level 1:colcon.colcon_core.package_identification:_identify(ros2_ws/src/custom_msg) by extension 'ros'
[1.520s] DEBUG:colcon.colcon_core.package_identification:Package 'ros2_ws/src/custom_msg' with type 'ros.ament_cmake' and name 'custom_msg'
[1.521s] Level 1:colcon.colcon_core.package_identification:_identify(ros2_ws/src/custom_msg1) by extensions ['ignore', 'ignore_ament_install']
[1.521s] Level 1:colcon.colcon_core.package_identification:_identify(ros2_ws/src/custom_msg1) by extension 'ignore'
[1.521s] Level 1:colcon.colcon_core.package_identification:_identify(ros2_ws/src/custom_msg1) by extension 'ignore_ament_install'
[1.521s] Level 1:colcon.colcon_core.package_identification:_identify(ros2_ws/src/custom_msg1) by extensions ['colcon_pkg']
[1.521s] Level 1:colcon.colcon_core.package_identification:_identify(ros2_ws/src/custom_msg1) by extension 'colcon_pkg'
[1.521s] Level 1:colcon.colcon_core.package_identification:_identify(ros2_ws/src/custom_msg1) by extensions ['colcon_meta']
[1.521s] Level 1:colcon.colcon_core.package_identification:_identify(ros2_ws/src/custom_msg1) by extension 'colcon_meta'
[1.521s] Level 1:colcon.colcon_core.package_identification:_identify(ros2_ws/src/custom_msg1) by extensions ['ros']
[1.521s] Level 1:colcon.colcon_core.package_identification:_identify(ros2_ws/src/custom_msg1) by extension 'ros'
[1.522s] DEBUG:colcon.colcon_core.package_identification:Package 'ros2_ws/src/custom_msg1' with type 'ros.ament_cmake' and name 'custom_msg1'
[1.522s] Level 1:colcon.colcon_core.package_identification:_identify(ros2_ws/src/my_robot_interfaces) by extensions ['ignore', 'ignore_ament_install']
[1.522s] Level 1:colcon.colcon_core.package_identification:_identify(ros2_ws/src/my_robot_interfaces) by extension 'ignore'
[1.522s] Level 1:colcon.colcon_core.package_identification:_identify(ros2_ws/src/my_robot_interfaces) by extension 'ignore_ament_install'
[1.522s] Level 1:colcon.colcon_core.package_identification:_identify(ros2_ws/src/my_robot_interfaces) by extensions ['colcon_pkg']
[1.522s] Level 1:colcon.colcon_core.package_identification:_identify(ros2_ws/src/my_robot_interfaces) by extension 'colcon_pkg'
[1.522s] Level 1:colcon.colcon_core.package_identification:_identify(ros2_ws/src/my_robot_interfaces) by extensions ['colcon_meta']
[1.522s] Level 1:colcon.colcon_core.package_identification:_identify(ros2_ws/src/my_robot_interfaces) by extension 'colcon_meta'
[1.522s] Level 1:colcon.colcon_core.package_identification:_identify(ros2_ws/src/my_robot_interfaces) by extensions ['ros']
[1.522s] Level 1:colcon.colcon_core.package_identification:_identify(ros2_ws/src/my_robot_interfaces) by extension 'ros'
[1.523s] DEBUG:colcon.colcon_core.package_identification:Package 'ros2_ws/src/my_robot_interfaces' with type 'ros.ament_cmake' and name 'my_robot_interfaces'
[1.523s] Level 1:colcon.colcon_core.package_identification:_identify(ros2_ws/src/pub_sub_custom_msg) by extensions ['ignore', 'ignore_ament_install']
[1.523s] Level 1:colcon.colcon_core.package_identification:_identify(ros2_ws/src/pub_sub_custom_msg) by extension 'ignore'
[1.524s] Level 1:colcon.colcon_core.package_identification:_identify(ros2_ws/src/pub_sub_custom_msg) by extension 'ignore_ament_install'
[1.524s] Level 1:colcon.colcon_core.package_identification:_identify(ros2_ws/src/pub_sub_custom_msg) by extensions ['colcon_pkg']
[1.524s] Level 1:colcon.colcon_core.package_identification:_identify(ros2_ws/src/pub_sub_custom_msg) by extension 'colcon_pkg'
[1.524s] Level 1:colcon.colcon_core.package_identification:_identify(ros2_ws/src/pub_sub_custom_msg) by extensions ['colcon_meta']
[1.524s] Level 1:colcon.colcon_core.package_identification:_identify(ros2_ws/src/pub_sub_custom_msg) by extension 'colcon_meta'
[1.524s] Level 1:colcon.colcon_core.package_identification:_identify(ros2_ws/src/pub_sub_custom_msg) by extensions ['ros']
[1.524s] Level 1:colcon.colcon_core.package_identification:_identify(ros2_ws/src/pub_sub_custom_msg) by extension 'ros'
[1.525s] DEBUG:colcon.colcon_core.package_identification:Package 'ros2_ws/src/pub_sub_custom_msg' with type 'ros.ament_cmake' and name 'pub_sub_custom_msg'
[1.525s] Level 1:colcon.colcon_core.package_identification:_identify(ros2_ws/src/pub_sub_custom_msg1) by extensions ['ignore', 'ignore_ament_install']
[1.525s] Level 1:colcon.colcon_core.package_identification:_identify(ros2_ws/src/pub_sub_custom_msg1) by extension 'ignore'
[1.525s] Level 1:colcon.colcon_core.package_identification:_identify(ros2_ws/src/pub_sub_custom_msg1) by extension 'ignore_ament_install'
[1.525s] Level 1:colcon.colcon_core.package_identification:_identify(ros2_ws/src/pub_sub_custom_msg1) by extensions ['colcon_pkg']
[1.525s] Level 1:colcon.colcon_core.package_identification:_identify(ros2_ws/src/pub_sub_custom_msg1) by extension 'colcon_pkg'
[1.525s] Level 1:colcon.colcon_core.package_identification:_identify(ros2_ws/src/pub_sub_custom_msg1) by extensions ['colcon_meta']
[1.525s] Level 1:colcon.colcon_core.package_identification:_identify(ros2_ws/src/pub_sub_custom_msg1) by extension 'colcon_meta'
[1.525s] Level 1:colcon.colcon_core.package_identification:_identify(ros2_ws/src/pub_sub_custom_msg1) by extensions ['ros']
[1.525s] Level 1:colcon.colcon_core.package_identification:_identify(ros2_ws/src/pub_sub_custom_msg1) by extension 'ros'
[1.526s] DEBUG:colcon.colcon_core.package_identification:Package 'ros2_ws/src/pub_sub_custom_msg1' with type 'ros.ament_cmake' and name 'pub_sub_custom_msg1'
[1.526s] Level 1:colcon.colcon_core.package_identification:_identify(ros2_ws/src/ros2_msg) by extensions ['ignore', 'ignore_ament_install']
[1.526s] Level 1:colcon.colcon_core.package_identification:_identify(ros2_ws/src/ros2_msg) by extension 'ignore'
[1.526s] Level 1:colcon.colcon_core.package_identification:_identify(ros2_ws/src/ros2_msg) by extension 'ignore_ament_install'
[1.526s] Level 1:colcon.colcon_core.package_identification:_identify(ros2_ws/src/ros2_msg) by extensions ['colcon_pkg']
[1.526s] Level 1:colcon.colcon_core.package_identification:_identify(ros2_ws/src/ros2_msg) by extension 'colcon_pkg'
[1.526s] Level 1:colcon.colcon_core.package_identification:_identify(ros2_ws/src/ros2_msg) by extensions ['colcon_meta']
[1.526s] Level 1:colcon.colcon_core.package_identification:_identify(ros2_ws/src/ros2_msg) by extension 'colcon_meta'
[1.526s] Level 1:colcon.colcon_core.package_identification:_identify(ros2_ws/src/ros2_msg) by extensions ['ros']
[1.526s] Level 1:colcon.colcon_core.package_identification:_identify(ros2_ws/src/ros2_msg) by extension 'ros'
[1.527s] DEBUG:colcon.colcon_core.package_identification:Package 'ros2_ws/src/ros2_msg' with type 'ros.ament_cmake' and name 'ros2_msg'
[1.527s] Level 1:colcon.colcon_core.package_identification:_identify(ros2_ws/src/serial_imu) by extensions ['ignore', 'ignore_ament_install']
[1.527s] Level 1:colcon.colcon_core.package_identification:_identify(ros2_ws/src/serial_imu) by extension 'ignore'
[1.527s] Level 1:colcon.colcon_core.package_identification:_identify(ros2_ws/src/serial_imu) by extension 'ignore_ament_install'
[1.528s] Level 1:colcon.colcon_core.package_identification:_identify(ros2_ws/src/serial_imu) by extensions ['colcon_pkg']
[1.528s] Level 1:colcon.colcon_core.package_identification:_identify(ros2_ws/src/serial_imu) by extension 'colcon_pkg'
[1.528s] Level 1:colcon.colcon_core.package_identification:_identify(ros2_ws/src/serial_imu) by extensions ['colcon_meta']
[1.528s] Level 1:colcon.colcon_core.package_identification:_identify(ros2_ws/src/serial_imu) by extension 'colcon_meta'
[1.528s] Level 1:colcon.colcon_core.package_identification:_identify(ros2_ws/src/serial_imu) by extensions ['ros']
[1.528s] Level 1:colcon.colcon_core.package_identification:_identify(ros2_ws/src/serial_imu) by extension 'ros'
[1.528s] DEBUG:colcon.colcon_core.package_identification:Package 'ros2_ws/src/serial_imu' with type 'ros.ament_cmake' and name 'serial_imu'
[1.529s] Level 1:colcon.colcon_core.package_identification:_identify(ros2_ws/src/serial_imu1) by extensions ['ignore', 'ignore_ament_install']
[1.529s] Level 1:colcon.colcon_core.package_identification:_identify(ros2_ws/src/serial_imu1) by extension 'ignore'
[1.529s] Level 1:colcon.colcon_core.package_identification:_identify(ros2_ws/src/serial_imu1) by extension 'ignore_ament_install'
[1.529s] Level 1:colcon.colcon_core.package_identification:_identify(ros2_ws/src/serial_imu1) by extensions ['colcon_pkg']
[1.529s] Level 1:colcon.colcon_core.package_identification:_identify(ros2_ws/src/serial_imu1) by extension 'colcon_pkg'
[1.529s] Level 1:colcon.colcon_core.package_identification:_identify(ros2_ws/src/serial_imu1) by extensions ['colcon_meta']
[1.529s] Level 1:colcon.colcon_core.package_identification:_identify(ros2_ws/src/serial_imu1) by extension 'colcon_meta'
[1.529s] Level 1:colcon.colcon_core.package_identification:_identify(ros2_ws/src/serial_imu1) by extensions ['ros']
[1.529s] Level 1:colcon.colcon_core.package_identification:_identify(ros2_ws/src/serial_imu1) by extension 'ros'
[1.530s] DEBUG:colcon.colcon_core.package_identification:Package 'ros2_ws/src/serial_imu1' with type 'ros.ament_cmake' and name 'serial_imu1'
[1.530s] Level 1:colcon.colcon_core.package_identification:_identify(ros2_ws/src/serial_imu_ws) by extensions ['ignore', 'ignore_ament_install']
[1.530s] Level 1:colcon.colcon_core.package_identification:_identify(ros2_ws/src/serial_imu_ws) by extension 'ignore'
[1.530s] Level 1:colcon.colcon_core.package_identification:_identify(ros2_ws/src/serial_imu_ws) by extension 'ignore_ament_install'
[1.530s] Level 1:colcon.colcon_core.package_identification:_identify(ros2_ws/src/serial_imu_ws) by extensions ['colcon_pkg']
[1.530s] Level 1:colcon.colcon_core.package_identification:_identify(ros2_ws/src/serial_imu_ws) by extension 'colcon_pkg'
[1.530s] Level 1:colcon.colcon_core.package_identification:_identify(ros2_ws/src/serial_imu_ws) by extensions ['colcon_meta']
[1.530s] Level 1:colcon.colcon_core.package_identification:_identify(ros2_ws/src/serial_imu_ws) by extension 'colcon_meta'
[1.530s] Level 1:colcon.colcon_core.package_identification:_identify(ros2_ws/src/serial_imu_ws) by extensions ['ros']
[1.530s] Level 1:colcon.colcon_core.package_identification:_identify(ros2_ws/src/serial_imu_ws) by extension 'ros'
[1.530s] Level 1:colcon.colcon_core.package_identification:_identify(ros2_ws/src/serial_imu_ws) by extensions ['cmake', 'python']
[1.531s] Level 1:colcon.colcon_core.package_identification:_identify(ros2_ws/src/serial_imu_ws) by extension 'cmake'
[1.531s] Level 1:colcon.colcon_core.package_identification:_identify(ros2_ws/src/serial_imu_ws) by extension 'python'
[1.531s] Level 1:colcon.colcon_core.package_identification:_identify(ros2_ws/src/serial_imu_ws) by extensions ['python_setup_py']
[1.531s] Level 1:colcon.colcon_core.package_identification:_identify(ros2_ws/src/serial_imu_ws) by extension 'python_setup_py'
[1.531s] Level 1:colcon.colcon_core.package_identification:_identify(ros2_ws/src/serial_imu_ws/build) by extensions ['ignore', 'ignore_ament_install']
[1.531s] Level 1:colcon.colcon_core.package_identification:_identify(ros2_ws/src/serial_imu_ws/build) by extension 'ignore'
[1.531s] Level 1:colcon.colcon_core.package_identification:_identify(ros2_ws/src/serial_imu_ws/build) ignored
[1.531s] Level 1:colcon.colcon_core.package_identification:_identify(ros2_ws/src/serial_imu_ws/install) by extensions ['ignore', 'ignore_ament_install']
[1.531s] Level 1:colcon.colcon_core.package_identification:_identify(ros2_ws/src/serial_imu_ws/install) by extension 'ignore'
[1.531s] Level 1:colcon.colcon_core.package_identification:_identify(ros2_ws/src/serial_imu_ws/install) ignored
[1.531s] Level 1:colcon.colcon_core.package_identification:_identify(ros2_ws/src/serial_imu_ws/log) by extensions ['ignore', 'ignore_ament_install']
[1.531s] Level 1:colcon.colcon_core.package_identification:_identify(ros2_ws/src/serial_imu_ws/log) by extension 'ignore'
[1.531s] Level 1:colcon.colcon_core.package_identification:_identify(ros2_ws/src/serial_imu_ws/log) ignored
[1.532s] Level 1:colcon.colcon_core.package_identification:_identify(ros2_ws/src/serial_imu_ws/src) by extensions ['ignore', 'ignore_ament_install']
[1.532s] Level 1:colcon.colcon_core.package_identification:_identify(ros2_ws/src/serial_imu_ws/src) by extension 'ignore'
[1.532s] Level 1:colcon.colcon_core.package_identification:_identify(ros2_ws/src/serial_imu_ws/src) by extension 'ignore_ament_install'
[1.532s] Level 1:colcon.colcon_core.package_identification:_identify(ros2_ws/src/serial_imu_ws/src) by extensions ['colcon_pkg']
[1.532s] Level 1:colcon.colcon_core.package_identification:_identify(ros2_ws/src/serial_imu_ws/src) by extension 'colcon_pkg'
[1.532s] Level 1:colcon.colcon_core.package_identification:_identify(ros2_ws/src/serial_imu_ws/src) by extensions ['colcon_meta']
[1.532s] Level 1:colcon.colcon_core.package_identification:_identify(ros2_ws/src/serial_imu_ws/src) by extension 'colcon_meta'
[1.532s] Level 1:colcon.colcon_core.package_identification:_identify(ros2_ws/src/serial_imu_ws/src) by extensions ['ros']
[1.532s] Level 1:colcon.colcon_core.package_identification:_identify(ros2_ws/src/serial_imu_ws/src) by extension 'ros'
[1.532s] Level 1:colcon.colcon_core.package_identification:_identify(ros2_ws/src/serial_imu_ws/src) by extensions ['cmake', 'python']
[1.532s] Level 1:colcon.colcon_core.package_identification:_identify(ros2_ws/src/serial_imu_ws/src) by extension 'cmake'
[1.532s] Level 1:colcon.colcon_core.package_identification:_identify(ros2_ws/src/serial_imu_ws/src) by extension 'python'
[1.532s] Level 1:colcon.colcon_core.package_identification:_identify(ros2_ws/src/serial_imu_ws/src) by extensions ['python_setup_py']
[1.532s] Level 1:colcon.colcon_core.package_identification:_identify(ros2_ws/src/serial_imu_ws/src) by extension 'python_setup_py'
[1.532s] Level 1:colcon.colcon_core.package_identification:_identify(ros2_ws/src/serial_imu_ws/src/serial_imu) by extensions ['ignore', 'ignore_ament_install']
[1.533s] Level 1:colcon.colcon_core.package_identification:_identify(ros2_ws/src/serial_imu_ws/src/serial_imu) by extension 'ignore'
[1.533s] Level 1:colcon.colcon_core.package_identification:_identify(ros2_ws/src/serial_imu_ws/src/serial_imu) by extension 'ignore_ament_install'
[1.533s] Level 1:colcon.colcon_core.package_identification:_identify(ros2_ws/src/serial_imu_ws/src/serial_imu) by extensions ['colcon_pkg']
[1.533s] Level 1:colcon.colcon_core.package_identification:_identify(ros2_ws/src/serial_imu_ws/src/serial_imu) by extension 'colcon_pkg'
[1.533s] Level 1:colcon.colcon_core.package_identification:_identify(ros2_ws/src/serial_imu_ws/src/serial_imu) by extensions ['colcon_meta']
[1.533s] Level 1:colcon.colcon_core.package_identification:_identify(ros2_ws/src/serial_imu_ws/src/serial_imu) by extension 'colcon_meta'
[1.533s] Level 1:colcon.colcon_core.package_identification:_identify(ros2_ws/src/serial_imu_ws/src/serial_imu) by extensions ['ros']
[1.533s] Level 1:colcon.colcon_core.package_identification:_identify(ros2_ws/src/serial_imu_ws/src/serial_imu) by extension 'ros'
[1.534s] DEBUG:colcon.colcon_core.package_identification:Package 'ros2_ws/src/serial_imu_ws/src/serial_imu' with type 'ros.ament_cmake' and name 'serial_imu'
[1.534s] Level 1:colcon.colcon_core.package_identification:_identify(ros2_ws/src/serial_test) by extensions ['ignore', 'ignore_ament_install']
[1.534s] Level 1:colcon.colcon_core.package_identification:_identify(ros2_ws/src/serial_test) by extension 'ignore'
[1.534s] Level 1:colcon.colcon_core.package_identification:_identify(ros2_ws/src/serial_test) by extension 'ignore_ament_install'
[1.534s] Level 1:colcon.colcon_core.package_identification:_identify(ros2_ws/src/serial_test) by extensions ['colcon_pkg']
[1.534s] Level 1:colcon.colcon_core.package_identification:_identify(ros2_ws/src/serial_test) by extension 'colcon_pkg'
[1.534s] Level 1:colcon.colcon_core.package_identification:_identify(ros2_ws/src/serial_test) by extensions ['colcon_meta']
[1.534s] Level 1:colcon.colcon_core.package_identification:_identify(ros2_ws/src/serial_test) by extension 'colcon_meta'
[1.534s] Level 1:colcon.colcon_core.package_identification:_identify(ros2_ws/src/serial_test) by extensions ['ros']
[1.534s] Level 1:colcon.colcon_core.package_identification:_identify(ros2_ws/src/serial_test) by extension 'ros'
[1.534s] Level 1:colcon.colcon_core.package_identification:_identify(ros2_ws/src/serial_test) by extensions ['cmake', 'python']
[1.534s] Level 1:colcon.colcon_core.package_identification:_identify(ros2_ws/src/serial_test) by extension 'cmake'
[1.534s] Level 1:colcon.colcon_core.package_identification:_identify(ros2_ws/src/serial_test) by extension 'python'
[1.534s] Level 1:colcon.colcon_core.package_identification:_identify(ros2_ws/src/serial_test) by extensions ['python_setup_py']
[1.534s] Level 1:colcon.colcon_core.package_identification:_identify(ros2_ws/src/serial_test) by extension 'python_setup_py'
[1.535s] Level 1:colcon.colcon_core.package_identification:_identify(ros2_ws/src/serial_test/build) by extensions ['ignore', 'ignore_ament_install']
[1.535s] Level 1:colcon.colcon_core.package_identification:_identify(ros2_ws/src/serial_test/build) by extension 'ignore'
[1.535s] Level 1:colcon.colcon_core.package_identification:_identify(ros2_ws/src/serial_test/build) ignored
[1.535s] Level 1:colcon.colcon_core.package_identification:_identify(ros2_ws/src/serial_test/install) by extensions ['ignore', 'ignore_ament_install']
[1.535s] Level 1:colcon.colcon_core.package_identification:_identify(ros2_ws/src/serial_test/install) by extension 'ignore'
[1.535s] Level 1:colcon.colcon_core.package_identification:_identify(ros2_ws/src/serial_test/install) ignored
[1.535s] Level 1:colcon.colcon_core.package_identification:_identify(ros2_ws/src/serial_test/log) by extensions ['ignore', 'ignore_ament_install']
[1.535s] Level 1:colcon.colcon_core.package_identification:_identify(ros2_ws/src/serial_test/log) by extension 'ignore'
[1.535s] Level 1:colcon.colcon_core.package_identification:_identify(ros2_ws/src/serial_test/log) ignored
[1.535s] Level 1:colcon.colcon_core.package_identification:_identify(ros2_ws/src/serial_test/src) by extensions ['ignore', 'ignore_ament_install']
[1.536s] Level 1:colcon.colcon_core.package_identification:_identify(ros2_ws/src/serial_test/src) by extension 'ignore'
[1.536s] Level 1:colcon.colcon_core.package_identification:_identify(ros2_ws/src/serial_test/src) by extension 'ignore_ament_install'
[1.536s] Level 1:colcon.colcon_core.package_identification:_identify(ros2_ws/src/serial_test/src) by extensions ['colcon_pkg']
[1.536s] Level 1:colcon.colcon_core.package_identification:_identify(ros2_ws/src/serial_test/src) by extension 'colcon_pkg'
[1.536s] Level 1:colcon.colcon_core.package_identification:_identify(ros2_ws/src/serial_test/src) by extensions ['colcon_meta']
[1.536s] Level 1:colcon.colcon_core.package_identification:_identify(ros2_ws/src/serial_test/src) by extension 'colcon_meta'
[1.536s] Level 1:colcon.colcon_core.package_identification:_identify(ros2_ws/src/serial_test/src) by extensions ['ros']
[1.536s] Level 1:colcon.colcon_core.package_identification:_identify(ros2_ws/src/serial_test/src) by extension 'ros'
[1.536s] Level 1:colcon.colcon_core.package_identification:_identify(ros2_ws/src/serial_test/src) by extensions ['cmake', 'python']
[1.536s] Level 1:colcon.colcon_core.package_identification:_identify(ros2_ws/src/serial_test/src) by extension 'cmake'
[1.536s] Level 1:colcon.colcon_core.package_identification:_identify(ros2_ws/src/serial_test/src) by extension 'python'
[1.536s] Level 1:colcon.colcon_core.package_identification:_identify(ros2_ws/src/serial_test/src) by extensions ['python_setup_py']
[1.536s] Level 1:colcon.colcon_core.package_identification:_identify(ros2_ws/src/serial_test/src) by extension 'python_setup_py'
[1.536s] Level 1:colcon.colcon_core.package_identification:_identify(ros2_ws/src/serial_test/src/serial_imu) by extensions ['ignore', 'ignore_ament_install']
[1.536s] Level 1:colcon.colcon_core.package_identification:_identify(ros2_ws/src/serial_test/src/serial_imu) by extension 'ignore'
[1.536s] Level 1:colcon.colcon_core.package_identification:_identify(ros2_ws/src/serial_test/src/serial_imu) by extension 'ignore_ament_install'
[1.537s] Level 1:colcon.colcon_core.package_identification:_identify(ros2_ws/src/serial_test/src/serial_imu) by extensions ['colcon_pkg']
[1.537s] Level 1:colcon.colcon_core.package_identification:_identify(ros2_ws/src/serial_test/src/serial_imu) by extension 'colcon_pkg'
[1.537s] Level 1:colcon.colcon_core.package_identification:_identify(ros2_ws/src/serial_test/src/serial_imu) by extensions ['colcon_meta']
[1.537s] Level 1:colcon.colcon_core.package_identification:_identify(ros2_ws/src/serial_test/src/serial_imu) by extension 'colcon_meta'
[1.537s] Level 1:colcon.colcon_core.package_identification:_identify(ros2_ws/src/serial_test/src/serial_imu) by extensions ['ros']
[1.537s] Level 1:colcon.colcon_core.package_identification:_identify(ros2_ws/src/serial_test/src/serial_imu) by extension 'ros'
[1.537s] DEBUG:colcon.colcon_core.package_identification:Package 'ros2_ws/src/serial_test/src/serial_imu' with type 'ros.ament_cmake' and name 'serial_imu'
[1.538s] Level 1:colcon.colcon_core.package_discovery:discover_packages(recursive) using defaults
[1.538s] Level 1:colcon.colcon_core.package_discovery:discover_packages(ignore) discover
[1.538s] Level 1:colcon.colcon_core.package_discovery:discover_packages(ignore) using defaults
[1.538s] Level 1:colcon.colcon_core.package_discovery:discover_packages(path) discover
[1.538s] Level 1:colcon.colcon_core.package_discovery:discover_packages(path) using defaults
[1.628s] INFO:colcon.colcon_core.package_selection:Skipping not selected package 'custom_msg' in 'ros2_ws/src/custom_msg'
[1.628s] INFO:colcon.colcon_core.package_selection:Skipping not selected package 'custom_msg1' in 'ros2_ws/src/custom_msg1'
[1.628s] INFO:colcon.colcon_core.package_selection:Skipping not selected package 'my_robot_interfaces' in 'ros2_ws/src/my_robot_interfaces'
[1.628s] INFO:colcon.colcon_core.package_selection:Skipping not selected package 'ros2_msg' in 'ros2_ws/src/ros2_msg'
[1.628s] INFO:colcon.colcon_core.package_selection:Skipping not selected package 'serial_imu' in 'ros2_ws/src/serial_imu'
[1.628s] INFO:colcon.colcon_core.package_selection:Skipping not selected package 'serial_imu' in 'ros2_ws/src/serial_imu_ws/src/serial_imu'
[1.628s] INFO:colcon.colcon_core.package_selection:Skipping not selected package 'serial_imu' in 'ros2_ws/src/serial_test/src/serial_imu'
[1.628s] INFO:colcon.colcon_core.package_selection:Skipping not selected package 'pub_sub_custom_msg' in 'ros2_ws/src/pub_sub_custom_msg'
[1.628s] INFO:colcon.colcon_core.package_selection:Skipping not selected package 'pub_sub_custom_msg1' in 'ros2_ws/src/pub_sub_custom_msg1'
[1.681s] Level 1:colcon.colcon_core.package_discovery:discover_packages(prefix_path) check parameters
[1.681s] Level 1:colcon.colcon_core.package_discovery:discover_packages(prefix_path) discover
[1.726s] DEBUG:colcon.colcon_installed_package_information.package_discovery:Found 3 installed packages in /home/sajjad/Downloads/demo_ros2/install
[1.748s] DEBUG:colcon.colcon_installed_package_information.package_discovery:Found 270 installed packages in /opt/ros/humble
[1.749s] Level 1:colcon.colcon_core.package_discovery:discover_packages(prefix_path) using defaults
[1.865s] Level 5:colcon.colcon_core.verb:set package 'serial_imu1' build argument 'cmake_args' from command line to 'None'
[1.866s] Level 5:colcon.colcon_core.verb:set package 'serial_imu1' build argument 'cmake_target' from command line to 'None'
[1.866s] Level 5:colcon.colcon_core.verb:set package 'serial_imu1' build argument 'cmake_target_skip_unavailable' from command line to 'False'
[1.866s] Level 5:colcon.colcon_core.verb:set package 'serial_imu1' build argument 'cmake_clean_cache' from command line to 'False'
[1.866s] Level 5:colcon.colcon_core.verb:set package 'serial_imu1' build argument 'cmake_clean_first' from command line to 'False'
[1.866s] Level 5:colcon.colcon_core.verb:set package 'serial_imu1' build argument 'cmake_force_configure' from command line to 'False'
[1.866s] Level 5:colcon.colcon_core.verb:set package 'serial_imu1' build argument 'ament_cmake_args' from command line to 'None'
[1.866s] Level 5:colcon.colcon_core.verb:set package 'serial_imu1' build argument 'catkin_cmake_args' from command line to 'None'
[1.866s] Level 5:colcon.colcon_core.verb:set package 'serial_imu1' build argument 'catkin_skip_building_tests' from command line to 'False'
[1.866s] DEBUG:colcon.colcon_core.verb:Building package 'serial_imu1' with the following arguments: {'ament_cmake_args': None, 'build_base': '/home/sajjad/Downloads/demo_ros2/build/serial_imu1', 'catkin_cmake_args': None, 'catkin_skip_building_tests': False, 'cmake_args': None, 'cmake_clean_cache': False, 'cmake_clean_first': False, 'cmake_force_configure': False, 'cmake_target': None, 'cmake_target_skip_unavailable': False, 'install_base': '/home/sajjad/Downloads/demo_ros2/install/serial_imu1', 'merge_install': False, 'path': '/home/sajjad/Downloads/demo_ros2/ros2_ws/src/serial_imu1', 'symlink_install': False, 'test_result_base': None}
[1.890s] INFO:colcon.colcon_core.executor:Executing jobs using 'parallel' executor
[1.912s] DEBUG:colcon.colcon_parallel_executor.executor.parallel:run_until_complete
[1.912s] INFO:colcon.colcon_ros.task.ament_cmake.build:Building ROS package in '/home/sajjad/Downloads/demo_ros2/ros2_ws/src/serial_imu1' with build type 'ament_cmake'
[1.913s] INFO:colcon.colcon_cmake.task.cmake.build:Building CMake package in '/home/sajjad/Downloads/demo_ros2/ros2_ws/src/serial_imu1'
[1.941s] INFO:colcon.colcon_core.plugin_system:Skipping extension 'colcon_core.shell.bat': Not used on non-Windows systems
[1.941s] INFO:colcon.colcon_core.shell:Skip shell extension 'powershell' for command environment: Not usable outside of PowerShell
[1.941s] DEBUG:colcon.colcon_core.shell:Skip shell extension 'dsv' for command environment
[2.023s] DEBUG:colcon.colcon_core.event_handler.log_command:Invoking command in '/home/sajjad/Downloads/demo_ros2/build/serial_imu1': CMAKE_PREFIX_PATH=/home/sajjad/Downloads/demo_ros2/install/custom_msg1:/home/sajjad/Downloads/demo_ros2/install/pub_sub_custom_msg1:/opt/ros/humble /usr/bin/cmake --build /home/sajjad/Downloads/demo_ros2/build/serial_imu1 -- -j4 -l4
[8.360s] DEBUG:colcon.colcon_core.event_handler.log_command:Invoked command in '/home/sajjad/Downloads/demo_ros2/build/serial_imu1' returned '0': CMAKE_PREFIX_PATH=/home/sajjad/Downloads/demo_ros2/install/custom_msg1:/home/sajjad/Downloads/demo_ros2/install/pub_sub_custom_msg1:/opt/ros/humble /usr/bin/cmake --build /home/sajjad/Downloads/demo_ros2/build/serial_imu1 -- -j4 -l4
[8.420s] DEBUG:colcon.colcon_core.event_handler.log_command:Invoking command in '/home/sajjad/Downloads/demo_ros2/build/serial_imu1': CMAKE_PREFIX_PATH=/home/sajjad/Downloads/demo_ros2/install/custom_msg1:/home/sajjad/Downloads/demo_ros2/install/pub_sub_custom_msg1:/opt/ros/humble /usr/bin/cmake --install /home/sajjad/Downloads/demo_ros2/build/serial_imu1
[8.443s] Level 1:colcon.colcon_core.environment:create_environment_scripts_only(serial_imu1)
[8.444s] DEBUG:colcon.colcon_core.event_handler.log_command:Invoked command in '/home/sajjad/Downloads/demo_ros2/build/serial_imu1' returned '0': CMAKE_PREFIX_PATH=/home/sajjad/Downloads/demo_ros2/install/custom_msg1:/home/sajjad/Downloads/demo_ros2/install/pub_sub_custom_msg1:/opt/ros/humble /usr/bin/cmake --install /home/sajjad/Downloads/demo_ros2/build/serial_imu1
[8.468s] Level 1:colcon.colcon_core.environment:checking '/home/sajjad/Downloads/demo_ros2/install/serial_imu1' for CMake module files
[8.469s] Level 1:colcon.colcon_core.environment:checking '/home/sajjad/Downloads/demo_ros2/install/serial_imu1' for CMake config files
[8.469s] Level 1:colcon.colcon_core.shell:create_environment_hook('serial_imu1', 'cmake_prefix_path')
[8.492s] INFO:colcon.colcon_core.shell:Creating environment hook '/home/sajjad/Downloads/demo_ros2/install/serial_imu1/share/serial_imu1/hook/cmake_prefix_path.ps1'
[8.493s] INFO:colcon.colcon_core.shell:Creating environment descriptor '/home/sajjad/Downloads/demo_ros2/install/serial_imu1/share/serial_imu1/hook/cmake_prefix_path.dsv'
[8.494s] INFO:colcon.colcon_core.shell:Creating environment hook '/home/sajjad/Downloads/demo_ros2/install/serial_imu1/share/serial_imu1/hook/cmake_prefix_path.sh'
[8.494s] Level 1:colcon.colcon_core.environment:checking '/home/sajjad/Downloads/demo_ros2/install/serial_imu1/lib'
[8.495s] Level 1:colcon.colcon_core.environment:checking '/home/sajjad/Downloads/demo_ros2/install/serial_imu1/bin'
[8.495s] Level 1:colcon.colcon_core.environment:checking '/home/sajjad/Downloads/demo_ros2/install/serial_imu1/lib/pkgconfig/serial_imu1.pc'
[8.495s] Level 1:colcon.colcon_core.environment:checking '/home/sajjad/Downloads/demo_ros2/install/serial_imu1/lib/python3.10/site-packages'
[8.496s] Level 1:colcon.colcon_core.environment:checking '/home/sajjad/Downloads/demo_ros2/install/serial_imu1/bin'
[8.517s] INFO:colcon.colcon_core.shell:Creating package script '/home/sajjad/Downloads/demo_ros2/install/serial_imu1/share/serial_imu1/package.ps1'
[8.518s] INFO:colcon.colcon_core.shell:Creating package descriptor '/home/sajjad/Downloads/demo_ros2/install/serial_imu1/share/serial_imu1/package.dsv'
[8.519s] INFO:colcon.colcon_core.shell:Creating package script '/home/sajjad/Downloads/demo_ros2/install/serial_imu1/share/serial_imu1/package.sh'
[8.520s] INFO:colcon.colcon_core.shell:Creating package script '/home/sajjad/Downloads/demo_ros2/install/serial_imu1/share/serial_imu1/package.bash'
[8.521s] INFO:colcon.colcon_core.shell:Creating package script '/home/sajjad/Downloads/demo_ros2/install/serial_imu1/share/serial_imu1/package.zsh'
[8.522s] Level 1:colcon.colcon_core.environment:create_file_with_runtime_dependencies(/home/sajjad/Downloads/demo_ros2/install/serial_imu1/share/colcon-core/packages/serial_imu1)
[8.588s] Level 1:colcon.colcon_core.environment:create_environment_scripts_only(serial_imu1)
[8.623s] Level 1:colcon.colcon_core.environment:checking '/home/sajjad/Downloads/demo_ros2/install/serial_imu1' for CMake module files
[8.623s] Level 1:colcon.colcon_core.environment:checking '/home/sajjad/Downloads/demo_ros2/install/serial_imu1' for CMake config files
[8.624s] Level 1:colcon.colcon_core.shell:create_environment_hook('serial_imu1', 'cmake_prefix_path')
[8.646s] INFO:colcon.colcon_core.shell:Creating environment hook '/home/sajjad/Downloads/demo_ros2/install/serial_imu1/share/serial_imu1/hook/cmake_prefix_path.ps1'
[8.647s] INFO:colcon.colcon_core.shell:Creating environment descriptor '/home/sajjad/Downloads/demo_ros2/install/serial_imu1/share/serial_imu1/hook/cmake_prefix_path.dsv'
[8.648s] INFO:colcon.colcon_core.shell:Creating environment hook '/home/sajjad/Downloads/demo_ros2/install/serial_imu1/share/serial_imu1/hook/cmake_prefix_path.sh'
[8.648s] Level 1:colcon.colcon_core.environment:checking '/home/sajjad/Downloads/demo_ros2/install/serial_imu1/lib'
[8.649s] Level 1:colcon.colcon_core.environment:checking '/home/sajjad/Downloads/demo_ros2/install/serial_imu1/bin'
[8.649s] Level 1:colcon.colcon_core.environment:checking '/home/sajjad/Downloads/demo_ros2/install/serial_imu1/lib/pkgconfig/serial_imu1.pc'
[8.649s] Level 1:colcon.colcon_core.environment:checking '/home/sajjad/Downloads/demo_ros2/install/serial_imu1/lib/python3.10/site-packages'
[8.649s] Level 1:colcon.colcon_core.environment:checking '/home/sajjad/Downloads/demo_ros2/install/serial_imu1/bin'
[8.671s] INFO:colcon.colcon_core.shell:Creating package script '/home/sajjad/Downloads/demo_ros2/install/serial_imu1/share/serial_imu1/package.ps1'
[8.672s] INFO:colcon.colcon_core.shell:Creating package descriptor '/home/sajjad/Downloads/demo_ros2/install/serial_imu1/share/serial_imu1/package.dsv'
[8.673s] INFO:colcon.colcon_core.shell:Creating package script '/home/sajjad/Downloads/demo_ros2/install/serial_imu1/share/serial_imu1/package.sh'
[8.673s] INFO:colcon.colcon_core.shell:Creating package script '/home/sajjad/Downloads/demo_ros2/install/serial_imu1/share/serial_imu1/package.bash'
[8.674s] INFO:colcon.colcon_core.shell:Creating package script '/home/sajjad/Downloads/demo_ros2/install/serial_imu1/share/serial_imu1/package.zsh'
[8.674s] Level 1:colcon.colcon_core.environment:create_file_with_runtime_dependencies(/home/sajjad/Downloads/demo_ros2/install/serial_imu1/share/colcon-core/packages/serial_imu1)
[8.675s] DEBUG:colcon.colcon_parallel_executor.executor.parallel:closing loop
[8.676s] DEBUG:colcon.colcon_parallel_executor.executor.parallel:loop closed
[8.676s] DEBUG:colcon.colcon_parallel_executor.executor.parallel:run_until_complete finished with '0'
[8.676s] DEBUG:colcon.colcon_core.event_reactor:joining thread
[8.708s] INFO:colcon.colcon_core.plugin_system:Skipping extension 'colcon_notification.desktop_notification.terminal_notifier': Not used on non-Darwin systems
[8.708s] INFO:colcon.colcon_core.plugin_system:Skipping extension 'colcon_notification.desktop_notification.win32': Not used on non-Windows systems
[8.708s] INFO:colcon.colcon_notification.desktop_notification:Sending desktop notification using 'notify2'
[8.725s] DEBUG:colcon.colcon_core.event_reactor:joined thread
[8.754s] INFO:colcon.colcon_core.shell:Creating prefix script '/home/sajjad/Downloads/demo_ros2/install/local_setup.ps1'
[8.755s] INFO:colcon.colcon_core.shell:Creating prefix util module '/home/sajjad/Downloads/demo_ros2/install/_local_setup_util_ps1.py'
[8.756s] INFO:colcon.colcon_core.shell:Creating prefix chain script '/home/sajjad/Downloads/demo_ros2/install/setup.ps1'
[8.781s] INFO:colcon.colcon_core.shell:Creating prefix script '/home/sajjad/Downloads/demo_ros2/install/local_setup.sh'
[8.782s] INFO:colcon.colcon_core.shell:Creating prefix util module '/home/sajjad/Downloads/demo_ros2/install/_local_setup_util_sh.py'
[8.782s] INFO:colcon.colcon_core.shell:Creating prefix chain script '/home/sajjad/Downloads/demo_ros2/install/setup.sh'
[8.807s] INFO:colcon.colcon_core.shell:Creating prefix script '/home/sajjad/Downloads/demo_ros2/install/local_setup.bash'
[8.807s] INFO:colcon.colcon_core.shell:Creating prefix chain script '/home/sajjad/Downloads/demo_ros2/install/setup.bash'
[8.833s] INFO:colcon.colcon_core.shell:Creating prefix script '/home/sajjad/Downloads/demo_ros2/install/local_setup.zsh'
[8.833s] INFO:colcon.colcon_core.shell:Creating prefix chain script '/home/sajjad/Downloads/demo_ros2/install/setup.zsh'
