[1.454s] DEBUG:colcon:Command line arguments: ['/usr/bin/colcon', 'build', '--packages-select', 'custom_msg1']
[1.454s] DEBUG:colcon:Parsed command line arguments: Namespace(log_base=None, log_level=None, verb_name='build', build_base='build', install_base='install', merge_install=False, symlink_install=False, test_result_base=None, continue_on_error=False, executor='parallel', parallel_workers=4, event_handlers=None, ignore_user_meta=False, metas=['./colcon.meta'], base_paths=['.'], packages_ignore=None, packages_ignore_regex=None, paths=None, packages_up_to=None, packages_up_to_regex=None, packages_above=None, packages_above_and_dependencies=None, packages_above_depth=None, packages_select_by_dep=None, packages_skip_by_dep=None, packages_skip_up_to=None, packages_select_build_failed=False, packages_skip_build_finished=False, packages_select_test_failures=False, packages_skip_test_passed=False, packages_select=['custom_msg1'], packages_skip=None, packages_select_regex=None, packages_skip_regex=None, packages_start=None, packages_end=None, allow_overriding=[], cmake_args=None, cmake_target=None, cmake_target_skip_unavailable=False, cmake_clean_cache=False, cmake_clean_first=False, cmake_force_configure=False, ament_cmake_args=None, catkin_cmake_args=None, catkin_skip_building_tests=False, verb_parser=<colcon_defaults.argument_parser.defaults.DefaultArgumentsDecorator object at 0x7feb8e8ed150>, verb_extension=<colcon_core.verb.build.BuildVerb object at 0x7feb8f6c3190>, main=<bound method BuildVerb.main of <colcon_core.verb.build.BuildVerb object at 0x7feb8f6c3190>>)
[1.518s] Level 1:colcon.colcon_core.package_discovery:discover_packages(colcon_meta) check parameters
[1.518s] Level 1:colcon.colcon_core.package_discovery:discover_packages(recursive) check parameters
[1.518s] Level 1:colcon.colcon_core.package_discovery:discover_packages(ignore) check parameters
[1.518s] Level 1:colcon.colcon_core.package_discovery:discover_packages(path) check parameters
[1.518s] Level 1:colcon.colcon_core.package_discovery:discover_packages(colcon_meta) discover
[1.519s] Level 1:colcon.colcon_core.package_discovery:discover_packages(recursive) discover
[1.519s] INFO:colcon.colcon_core.package_discovery:Crawling recursively for packages in '/home/sajjad/Downloads/demo_ros2'
[1.519s] Level 1:colcon.colcon_core.package_identification:_identify(.) by extensions ['ignore', 'ignore_ament_install']
[1.519s] Level 1:colcon.colcon_core.package_identification:_identify(.) by extension 'ignore'
[1.519s] Level 1:colcon.colcon_core.package_identification:_identify(.) by extension 'ignore_ament_install'
[1.519s] Level 1:colcon.colcon_core.package_identification:_identify(.) by extensions ['colcon_pkg']
[1.519s] Level 1:colcon.colcon_core.package_identification:_identify(.) by extension 'colcon_pkg'
[1.519s] Level 1:colcon.colcon_core.package_identification:_identify(.) by extensions ['colcon_meta']
[1.519s] Level 1:colcon.colcon_core.package_identification:_identify(.) by extension 'colcon_meta'
[1.519s] Level 1:colcon.colcon_core.package_identification:_identify(.) by extensions ['ros']
[1.519s] Level 1:colcon.colcon_core.package_identification:_identify(.) by extension 'ros'
[1.532s] Level 1:colcon.colcon_core.package_identification:_identify(.) by extensions ['cmake', 'python']
[1.532s] Level 1:colcon.colcon_core.package_identification:_identify(.) by extension 'cmake'
[1.532s] Level 1:colcon.colcon_core.package_identification:_identify(.) by extension 'python'
[1.533s] Level 1:colcon.colcon_core.package_identification:_identify(.) by extensions ['python_setup_py']
[1.533s] Level 1:colcon.colcon_core.package_identification:_identify(.) by extension 'python_setup_py'
[1.533s] Level 1:colcon.colcon_core.package_identification:_identify(build) by extensions ['ignore', 'ignore_ament_install']
[1.533s] Level 1:colcon.colcon_core.package_identification:_identify(build) by extension 'ignore'
[1.533s] Level 1:colcon.colcon_core.package_identification:_identify(build) ignored
[1.533s] Level 1:colcon.colcon_core.package_identification:_identify(install) by extensions ['ignore', 'ignore_ament_install']
[1.533s] Level 1:colcon.colcon_core.package_identification:_identify(install) by extension 'ignore'
[1.533s] Level 1:colcon.colcon_core.package_identification:_identify(install) ignored
[1.533s] Level 1:colcon.colcon_core.package_identification:_identify(log) by extensions ['ignore', 'ignore_ament_install']
[1.533s] Level 1:colcon.colcon_core.package_identification:_identify(log) by extension 'ignore'
[1.533s] Level 1:colcon.colcon_core.package_identification:_identify(log) ignored
[1.534s] Level 1:colcon.colcon_core.package_identification:_identify(ros2_ws) by extensions ['ignore', 'ignore_ament_install']
[1.534s] Level 1:colcon.colcon_core.package_identification:_identify(ros2_ws) by extension 'ignore'
[1.534s] Level 1:colcon.colcon_core.package_identification:_identify(ros2_ws) by extension 'ignore_ament_install'
[1.534s] Level 1:colcon.colcon_core.package_identification:_identify(ros2_ws) by extensions ['colcon_pkg']
[1.534s] Level 1:colcon.colcon_core.package_identification:_identify(ros2_ws) by extension 'colcon_pkg'
[1.534s] Level 1:colcon.colcon_core.package_identification:_identify(ros2_ws) by extensions ['colcon_meta']
[1.534s] Level 1:colcon.colcon_core.package_identification:_identify(ros2_ws) by extension 'colcon_meta'
[1.534s] Level 1:colcon.colcon_core.package_identification:_identify(ros2_ws) by extensions ['ros']
[1.534s] Level 1:colcon.colcon_core.package_identification:_identify(ros2_ws) by extension 'ros'
[1.534s] Level 1:colcon.colcon_core.package_identification:_identify(ros2_ws) by extensions ['cmake', 'python']
[1.534s] Level 1:colcon.colcon_core.package_identification:_identify(ros2_ws) by extension 'cmake'
[1.534s] Level 1:colcon.colcon_core.package_identification:_identify(ros2_ws) by extension 'python'
[1.534s] Level 1:colcon.colcon_core.package_identification:_identify(ros2_ws) by extensions ['python_setup_py']
[1.534s] Level 1:colcon.colcon_core.package_identification:_identify(ros2_ws) by extension 'python_setup_py'
[1.534s] Level 1:colcon.colcon_core.package_identification:_identify(ros2_ws/build) by extensions ['ignore', 'ignore_ament_install']
[1.534s] Level 1:colcon.colcon_core.package_identification:_identify(ros2_ws/build) by extension 'ignore'
[1.534s] Level 1:colcon.colcon_core.package_identification:_identify(ros2_ws/build) ignored
[1.535s] Level 1:colcon.colcon_core.package_identification:_identify(ros2_ws/install) by extensions ['ignore', 'ignore_ament_install']
[1.535s] Level 1:colcon.colcon_core.package_identification:_identify(ros2_ws/install) by extension 'ignore'
[1.535s] Level 1:colcon.colcon_core.package_identification:_identify(ros2_ws/install) ignored
[1.535s] Level 1:colcon.colcon_core.package_identification:_identify(ros2_ws/log) by extensions ['ignore', 'ignore_ament_install']
[1.535s] Level 1:colcon.colcon_core.package_identification:_identify(ros2_ws/log) by extension 'ignore'
[1.535s] Level 1:colcon.colcon_core.package_identification:_identify(ros2_ws/log) ignored
[1.535s] Level 1:colcon.colcon_core.package_identification:_identify(ros2_ws/src) by extensions ['ignore', 'ignore_ament_install']
[1.535s] Level 1:colcon.colcon_core.package_identification:_identify(ros2_ws/src) by extension 'ignore'
[1.535s] Level 1:colcon.colcon_core.package_identification:_identify(ros2_ws/src) by extension 'ignore_ament_install'
[1.535s] Level 1:colcon.colcon_core.package_identification:_identify(ros2_ws/src) by extensions ['colcon_pkg']
[1.535s] Level 1:colcon.colcon_core.package_identification:_identify(ros2_ws/src) by extension 'colcon_pkg'
[1.535s] Level 1:colcon.colcon_core.package_identification:_identify(ros2_ws/src) by extensions ['colcon_meta']
[1.535s] Level 1:colcon.colcon_core.package_identification:_identify(ros2_ws/src) by extension 'colcon_meta'
[1.536s] Level 1:colcon.colcon_core.package_identification:_identify(ros2_ws/src) by extensions ['ros']
[1.536s] Level 1:colcon.colcon_core.package_identification:_identify(ros2_ws/src) by extension 'ros'
[1.536s] Level 1:colcon.colcon_core.package_identification:_identify(ros2_ws/src) by extensions ['cmake', 'python']
[1.536s] Level 1:colcon.colcon_core.package_identification:_identify(ros2_ws/src) by extension 'cmake'
[1.536s] Level 1:colcon.colcon_core.package_identification:_identify(ros2_ws/src) by extension 'python'
[1.536s] Level 1:colcon.colcon_core.package_identification:_identify(ros2_ws/src) by extensions ['python_setup_py']
[1.536s] Level 1:colcon.colcon_core.package_identification:_identify(ros2_ws/src) by extension 'python_setup_py'
[1.536s] Level 1:colcon.colcon_core.package_identification:_identify(ros2_ws/src/custom_msg) by extensions ['ignore', 'ignore_ament_install']
[1.536s] Level 1:colcon.colcon_core.package_identification:_identify(ros2_ws/src/custom_msg) by extension 'ignore'
[1.536s] Level 1:colcon.colcon_core.package_identification:_identify(ros2_ws/src/custom_msg) by extension 'ignore_ament_install'
[1.536s] Level 1:colcon.colcon_core.package_identification:_identify(ros2_ws/src/custom_msg) by extensions ['colcon_pkg']
[1.536s] Level 1:colcon.colcon_core.package_identification:_identify(ros2_ws/src/custom_msg) by extension 'colcon_pkg'
[1.536s] Level 1:colcon.colcon_core.package_identification:_identify(ros2_ws/src/custom_msg) by extensions ['colcon_meta']
[1.536s] Level 1:colcon.colcon_core.package_identification:_identify(ros2_ws/src/custom_msg) by extension 'colcon_meta'
[1.536s] Level 1:colcon.colcon_core.package_identification:_identify(ros2_ws/src/custom_msg) by extensions ['ros']
[1.536s] Level 1:colcon.colcon_core.package_identification:_identify(ros2_ws/src/custom_msg) by extension 'ros'
[1.539s] DEBUG:colcon.colcon_core.package_identification:Package 'ros2_ws/src/custom_msg' with type 'ros.ament_cmake' and name 'custom_msg'
[1.540s] Level 1:colcon.colcon_core.package_identification:_identify(ros2_ws/src/custom_msg1) by extensions ['ignore', 'ignore_ament_install']
[1.540s] Level 1:colcon.colcon_core.package_identification:_identify(ros2_ws/src/custom_msg1) by extension 'ignore'
[1.540s] Level 1:colcon.colcon_core.package_identification:_identify(ros2_ws/src/custom_msg1) by extension 'ignore_ament_install'
[1.540s] Level 1:colcon.colcon_core.package_identification:_identify(ros2_ws/src/custom_msg1) by extensions ['colcon_pkg']
[1.540s] Level 1:colcon.colcon_core.package_identification:_identify(ros2_ws/src/custom_msg1) by extension 'colcon_pkg'
[1.540s] Level 1:colcon.colcon_core.package_identification:_identify(ros2_ws/src/custom_msg1) by extensions ['colcon_meta']
[1.540s] Level 1:colcon.colcon_core.package_identification:_identify(ros2_ws/src/custom_msg1) by extension 'colcon_meta'
[1.540s] Level 1:colcon.colcon_core.package_identification:_identify(ros2_ws/src/custom_msg1) by extensions ['ros']
[1.540s] Level 1:colcon.colcon_core.package_identification:_identify(ros2_ws/src/custom_msg1) by extension 'ros'
[1.541s] DEBUG:colcon.colcon_core.package_identification:Package 'ros2_ws/src/custom_msg1' with type 'ros.ament_cmake' and name 'custom_msg1'
[1.541s] Level 1:colcon.colcon_core.package_identification:_identify(ros2_ws/src/my_robot_interfaces) by extensions ['ignore', 'ignore_ament_install']
[1.541s] Level 1:colcon.colcon_core.package_identification:_identify(ros2_ws/src/my_robot_interfaces) by extension 'ignore'
[1.541s] Level 1:colcon.colcon_core.package_identification:_identify(ros2_ws/src/my_robot_interfaces) by extension 'ignore_ament_install'
[1.541s] Level 1:colcon.colcon_core.package_identification:_identify(ros2_ws/src/my_robot_interfaces) by extensions ['colcon_pkg']
[1.541s] Level 1:colcon.colcon_core.package_identification:_identify(ros2_ws/src/my_robot_interfaces) by extension 'colcon_pkg'
[1.541s] Level 1:colcon.colcon_core.package_identification:_identify(ros2_ws/src/my_robot_interfaces) by extensions ['colcon_meta']
[1.541s] Level 1:colcon.colcon_core.package_identification:_identify(ros2_ws/src/my_robot_interfaces) by extension 'colcon_meta'
[1.541s] Level 1:colcon.colcon_core.package_identification:_identify(ros2_ws/src/my_robot_interfaces) by extensions ['ros']
[1.541s] Level 1:colcon.colcon_core.package_identification:_identify(ros2_ws/src/my_robot_interfaces) by extension 'ros'
[1.542s] DEBUG:colcon.colcon_core.package_identification:Package 'ros2_ws/src/my_robot_interfaces' with type 'ros.ament_cmake' and name 'my_robot_interfaces'
[1.542s] Level 1:colcon.colcon_core.package_identification:_identify(ros2_ws/src/pub_sub_custom_msg) by extensions ['ignore', 'ignore_ament_install']
[1.542s] Level 1:colcon.colcon_core.package_identification:_identify(ros2_ws/src/pub_sub_custom_msg) by extension 'ignore'
[1.542s] Level 1:colcon.colcon_core.package_identification:_identify(ros2_ws/src/pub_sub_custom_msg) by extension 'ignore_ament_install'
[1.542s] Level 1:colcon.colcon_core.package_identification:_identify(ros2_ws/src/pub_sub_custom_msg) by extensions ['colcon_pkg']
[1.543s] Level 1:colcon.colcon_core.package_identification:_identify(ros2_ws/src/pub_sub_custom_msg) by extension 'colcon_pkg'
[1.543s] Level 1:colcon.colcon_core.package_identification:_identify(ros2_ws/src/pub_sub_custom_msg) by extensions ['colcon_meta']
[1.543s] Level 1:colcon.colcon_core.package_identification:_identify(ros2_ws/src/pub_sub_custom_msg) by extension 'colcon_meta'
[1.543s] Level 1:colcon.colcon_core.package_identification:_identify(ros2_ws/src/pub_sub_custom_msg) by extensions ['ros']
[1.543s] Level 1:colcon.colcon_core.package_identification:_identify(ros2_ws/src/pub_sub_custom_msg) by extension 'ros'
[1.543s] DEBUG:colcon.colcon_core.package_identification:Package 'ros2_ws/src/pub_sub_custom_msg' with type 'ros.ament_cmake' and name 'pub_sub_custom_msg'
[1.544s] Level 1:colcon.colcon_core.package_identification:_identify(ros2_ws/src/ros2_msg) by extensions ['ignore', 'ignore_ament_install']
[1.544s] Level 1:colcon.colcon_core.package_identification:_identify(ros2_ws/src/ros2_msg) by extension 'ignore'
[1.544s] Level 1:colcon.colcon_core.package_identification:_identify(ros2_ws/src/ros2_msg) by extension 'ignore_ament_install'
[1.544s] Level 1:colcon.colcon_core.package_identification:_identify(ros2_ws/src/ros2_msg) by extensions ['colcon_pkg']
[1.544s] Level 1:colcon.colcon_core.package_identification:_identify(ros2_ws/src/ros2_msg) by extension 'colcon_pkg'
[1.544s] Level 1:colcon.colcon_core.package_identification:_identify(ros2_ws/src/ros2_msg) by extensions ['colcon_meta']
[1.544s] Level 1:colcon.colcon_core.package_identification:_identify(ros2_ws/src/ros2_msg) by extension 'colcon_meta'
[1.544s] Level 1:colcon.colcon_core.package_identification:_identify(ros2_ws/src/ros2_msg) by extensions ['ros']
[1.544s] Level 1:colcon.colcon_core.package_identification:_identify(ros2_ws/src/ros2_msg) by extension 'ros'
[1.545s] DEBUG:colcon.colcon_core.package_identification:Package 'ros2_ws/src/ros2_msg' with type 'ros.ament_cmake' and name 'ros2_msg'
[1.545s] Level 1:colcon.colcon_core.package_identification:_identify(serial_imu_ws) by extensions ['ignore', 'ignore_ament_install']
[1.545s] Level 1:colcon.colcon_core.package_identification:_identify(serial_imu_ws) by extension 'ignore'
[1.545s] Level 1:colcon.colcon_core.package_identification:_identify(serial_imu_ws) by extension 'ignore_ament_install'
[1.545s] Level 1:colcon.colcon_core.package_identification:_identify(serial_imu_ws) by extensions ['colcon_pkg']
[1.545s] Level 1:colcon.colcon_core.package_identification:_identify(serial_imu_ws) by extension 'colcon_pkg'
[1.545s] Level 1:colcon.colcon_core.package_identification:_identify(serial_imu_ws) by extensions ['colcon_meta']
[1.545s] Level 1:colcon.colcon_core.package_identification:_identify(serial_imu_ws) by extension 'colcon_meta'
[1.545s] Level 1:colcon.colcon_core.package_identification:_identify(serial_imu_ws) by extensions ['ros']
[1.545s] Level 1:colcon.colcon_core.package_identification:_identify(serial_imu_ws) by extension 'ros'
[1.545s] Level 1:colcon.colcon_core.package_identification:_identify(serial_imu_ws) by extensions ['cmake', 'python']
[1.545s] Level 1:colcon.colcon_core.package_identification:_identify(serial_imu_ws) by extension 'cmake'
[1.545s] Level 1:colcon.colcon_core.package_identification:_identify(serial_imu_ws) by extension 'python'
[1.546s] Level 1:colcon.colcon_core.package_identification:_identify(serial_imu_ws) by extensions ['python_setup_py']
[1.546s] Level 1:colcon.colcon_core.package_identification:_identify(serial_imu_ws) by extension 'python_setup_py'
[1.546s] Level 1:colcon.colcon_core.package_identification:_identify(serial_imu_ws/build) by extensions ['ignore', 'ignore_ament_install']
[1.546s] Level 1:colcon.colcon_core.package_identification:_identify(serial_imu_ws/build) by extension 'ignore'
[1.546s] Level 1:colcon.colcon_core.package_identification:_identify(serial_imu_ws/build) ignored
[1.547s] Level 1:colcon.colcon_core.package_identification:_identify(serial_imu_ws/install) by extensions ['ignore', 'ignore_ament_install']
[1.547s] Level 1:colcon.colcon_core.package_identification:_identify(serial_imu_ws/install) by extension 'ignore'
[1.547s] Level 1:colcon.colcon_core.package_identification:_identify(serial_imu_ws/install) ignored
[1.547s] Level 1:colcon.colcon_core.package_identification:_identify(serial_imu_ws/log) by extensions ['ignore', 'ignore_ament_install']
[1.547s] Level 1:colcon.colcon_core.package_identification:_identify(serial_imu_ws/log) by extension 'ignore'
[1.547s] Level 1:colcon.colcon_core.package_identification:_identify(serial_imu_ws/log) ignored
[1.548s] Level 1:colcon.colcon_core.package_identification:_identify(serial_imu_ws/src) by extensions ['ignore', 'ignore_ament_install']
[1.548s] Level 1:colcon.colcon_core.package_identification:_identify(serial_imu_ws/src) by extension 'ignore'
[1.548s] Level 1:colcon.colcon_core.package_identification:_identify(serial_imu_ws/src) by extension 'ignore_ament_install'
[1.548s] Level 1:colcon.colcon_core.package_identification:_identify(serial_imu_ws/src) by extensions ['colcon_pkg']
[1.548s] Level 1:colcon.colcon_core.package_identification:_identify(serial_imu_ws/src) by extension 'colcon_pkg'
[1.548s] Level 1:colcon.colcon_core.package_identification:_identify(serial_imu_ws/src) by extensions ['colcon_meta']
[1.548s] Level 1:colcon.colcon_core.package_identification:_identify(serial_imu_ws/src) by extension 'colcon_meta'
[1.548s] Level 1:colcon.colcon_core.package_identification:_identify(serial_imu_ws/src) by extensions ['ros']
[1.548s] Level 1:colcon.colcon_core.package_identification:_identify(serial_imu_ws/src) by extension 'ros'
[1.548s] Level 1:colcon.colcon_core.package_identification:_identify(serial_imu_ws/src) by extensions ['cmake', 'python']
[1.548s] Level 1:colcon.colcon_core.package_identification:_identify(serial_imu_ws/src) by extension 'cmake'
[1.548s] Level 1:colcon.colcon_core.package_identification:_identify(serial_imu_ws/src) by extension 'python'
[1.548s] Level 1:colcon.colcon_core.package_identification:_identify(serial_imu_ws/src) by extensions ['python_setup_py']
[1.548s] Level 1:colcon.colcon_core.package_identification:_identify(serial_imu_ws/src) by extension 'python_setup_py'
[1.549s] Level 1:colcon.colcon_core.package_identification:_identify(serial_imu_ws/src/serial_imu) by extensions ['ignore', 'ignore_ament_install']
[1.549s] Level 1:colcon.colcon_core.package_identification:_identify(serial_imu_ws/src/serial_imu) by extension 'ignore'
[1.549s] Level 1:colcon.colcon_core.package_identification:_identify(serial_imu_ws/src/serial_imu) by extension 'ignore_ament_install'
[1.549s] Level 1:colcon.colcon_core.package_identification:_identify(serial_imu_ws/src/serial_imu) by extensions ['colcon_pkg']
[1.549s] Level 1:colcon.colcon_core.package_identification:_identify(serial_imu_ws/src/serial_imu) by extension 'colcon_pkg'
[1.549s] Level 1:colcon.colcon_core.package_identification:_identify(serial_imu_ws/src/serial_imu) by extensions ['colcon_meta']
[1.549s] Level 1:colcon.colcon_core.package_identification:_identify(serial_imu_ws/src/serial_imu) by extension 'colcon_meta'
[1.549s] Level 1:colcon.colcon_core.package_identification:_identify(serial_imu_ws/src/serial_imu) by extensions ['ros']
[1.549s] Level 1:colcon.colcon_core.package_identification:_identify(serial_imu_ws/src/serial_imu) by extension 'ros'
[1.550s] DEBUG:colcon.colcon_core.package_identification:Package 'serial_imu_ws/src/serial_imu' with type 'ros.ament_cmake' and name 'serial_imu'
[1.550s] Level 1:colcon.colcon_core.package_identification:_identify(serial_test) by extensions ['ignore', 'ignore_ament_install']
[1.551s] Level 1:colcon.colcon_core.package_identification:_identify(serial_test) by extension 'ignore'
[1.551s] Level 1:colcon.colcon_core.package_identification:_identify(serial_test) by extension 'ignore_ament_install'
[1.551s] Level 1:colcon.colcon_core.package_identification:_identify(serial_test) by extensions ['colcon_pkg']
[1.551s] Level 1:colcon.colcon_core.package_identification:_identify(serial_test) by extension 'colcon_pkg'
[1.551s] Level 1:colcon.colcon_core.package_identification:_identify(serial_test) by extensions ['colcon_meta']
[1.551s] Level 1:colcon.colcon_core.package_identification:_identify(serial_test) by extension 'colcon_meta'
[1.551s] Level 1:colcon.colcon_core.package_identification:_identify(serial_test) by extensions ['ros']
[1.551s] Level 1:colcon.colcon_core.package_identification:_identify(serial_test) by extension 'ros'
[1.551s] Level 1:colcon.colcon_core.package_identification:_identify(serial_test) by extensions ['cmake', 'python']
[1.551s] Level 1:colcon.colcon_core.package_identification:_identify(serial_test) by extension 'cmake'
[1.551s] Level 1:colcon.colcon_core.package_identification:_identify(serial_test) by extension 'python'
[1.551s] Level 1:colcon.colcon_core.package_identification:_identify(serial_test) by extensions ['python_setup_py']
[1.551s] Level 1:colcon.colcon_core.package_identification:_identify(serial_test) by extension 'python_setup_py'
[1.552s] Level 1:colcon.colcon_core.package_identification:_identify(serial_test/build) by extensions ['ignore', 'ignore_ament_install']
[1.552s] Level 1:colcon.colcon_core.package_identification:_identify(serial_test/build) by extension 'ignore'
[1.552s] Level 1:colcon.colcon_core.package_identification:_identify(serial_test/build) ignored
[1.552s] Level 1:colcon.colcon_core.package_identification:_identify(serial_test/install) by extensions ['ignore', 'ignore_ament_install']
[1.552s] Level 1:colcon.colcon_core.package_identification:_identify(serial_test/install) by extension 'ignore'
[1.552s] Level 1:colcon.colcon_core.package_identification:_identify(serial_test/install) ignored
[1.553s] Level 1:colcon.colcon_core.package_identification:_identify(serial_test/log) by extensions ['ignore', 'ignore_ament_install']
[1.553s] Level 1:colcon.colcon_core.package_identification:_identify(serial_test/log) by extension 'ignore'
[1.553s] Level 1:colcon.colcon_core.package_identification:_identify(serial_test/log) ignored
[1.553s] Level 1:colcon.colcon_core.package_identification:_identify(serial_test/src) by extensions ['ignore', 'ignore_ament_install']
[1.553s] Level 1:colcon.colcon_core.package_identification:_identify(serial_test/src) by extension 'ignore'
[1.553s] Level 1:colcon.colcon_core.package_identification:_identify(serial_test/src) by extension 'ignore_ament_install'
[1.553s] Level 1:colcon.colcon_core.package_identification:_identify(serial_test/src) by extensions ['colcon_pkg']
[1.553s] Level 1:colcon.colcon_core.package_identification:_identify(serial_test/src) by extension 'colcon_pkg'
[1.553s] Level 1:colcon.colcon_core.package_identification:_identify(serial_test/src) by extensions ['colcon_meta']
[1.553s] Level 1:colcon.colcon_core.package_identification:_identify(serial_test/src) by extension 'colcon_meta'
[1.553s] Level 1:colcon.colcon_core.package_identification:_identify(serial_test/src) by extensions ['ros']
[1.553s] Level 1:colcon.colcon_core.package_identification:_identify(serial_test/src) by extension 'ros'
[1.554s] Level 1:colcon.colcon_core.package_identification:_identify(serial_test/src) by extensions ['cmake', 'python']
[1.554s] Level 1:colcon.colcon_core.package_identification:_identify(serial_test/src) by extension 'cmake'
[1.554s] Level 1:colcon.colcon_core.package_identification:_identify(serial_test/src) by extension 'python'
[1.554s] Level 1:colcon.colcon_core.package_identification:_identify(serial_test/src) by extensions ['python_setup_py']
[1.554s] Level 1:colcon.colcon_core.package_identification:_identify(serial_test/src) by extension 'python_setup_py'
[1.554s] Level 1:colcon.colcon_core.package_identification:_identify(serial_test/src/serial_imu) by extensions ['ignore', 'ignore_ament_install']
[1.554s] Level 1:colcon.colcon_core.package_identification:_identify(serial_test/src/serial_imu) by extension 'ignore'
[1.554s] Level 1:colcon.colcon_core.package_identification:_identify(serial_test/src/serial_imu) by extension 'ignore_ament_install'
[1.554s] Level 1:colcon.colcon_core.package_identification:_identify(serial_test/src/serial_imu) by extensions ['colcon_pkg']
[1.554s] Level 1:colcon.colcon_core.package_identification:_identify(serial_test/src/serial_imu) by extension 'colcon_pkg'
[1.554s] Level 1:colcon.colcon_core.package_identification:_identify(serial_test/src/serial_imu) by extensions ['colcon_meta']
[1.554s] Level 1:colcon.colcon_core.package_identification:_identify(serial_test/src/serial_imu) by extension 'colcon_meta'
[1.554s] Level 1:colcon.colcon_core.package_identification:_identify(serial_test/src/serial_imu) by extensions ['ros']
[1.554s] Level 1:colcon.colcon_core.package_identification:_identify(serial_test/src/serial_imu) by extension 'ros'
[1.555s] DEBUG:colcon.colcon_core.package_identification:Package 'serial_test/src/serial_imu' with type 'ros.ament_cmake' and name 'serial_imu'
[1.555s] Level 1:colcon.colcon_core.package_discovery:discover_packages(recursive) using defaults
[1.556s] Level 1:colcon.colcon_core.package_discovery:discover_packages(ignore) discover
[1.556s] Level 1:colcon.colcon_core.package_discovery:discover_packages(ignore) using defaults
[1.556s] Level 1:colcon.colcon_core.package_discovery:discover_packages(path) discover
[1.556s] Level 1:colcon.colcon_core.package_discovery:discover_packages(path) using defaults
[1.643s] INFO:colcon.colcon_core.package_selection:Skipping not selected package 'custom_msg' in 'ros2_ws/src/custom_msg'
[1.643s] INFO:colcon.colcon_core.package_selection:Skipping not selected package 'my_robot_interfaces' in 'ros2_ws/src/my_robot_interfaces'
[1.643s] INFO:colcon.colcon_core.package_selection:Skipping not selected package 'ros2_msg' in 'ros2_ws/src/ros2_msg'
[1.643s] INFO:colcon.colcon_core.package_selection:Skipping not selected package 'serial_imu' in 'serial_imu_ws/src/serial_imu'
[1.643s] INFO:colcon.colcon_core.package_selection:Skipping not selected package 'serial_imu' in 'serial_test/src/serial_imu'
[1.643s] INFO:colcon.colcon_core.package_selection:Skipping not selected package 'pub_sub_custom_msg' in 'ros2_ws/src/pub_sub_custom_msg'
[1.686s] Level 1:colcon.colcon_core.package_discovery:discover_packages(prefix_path) check parameters
[1.686s] Level 1:colcon.colcon_core.package_discovery:discover_packages(prefix_path) discover
[1.733s] DEBUG:colcon.colcon_installed_package_information.package_discovery:Found 270 installed packages in /opt/ros/humble
[1.734s] Level 1:colcon.colcon_core.package_discovery:discover_packages(prefix_path) using defaults
[1.849s] Level 5:colcon.colcon_core.verb:set package 'custom_msg1' build argument 'cmake_args' from command line to 'None'
[1.849s] Level 5:colcon.colcon_core.verb:set package 'custom_msg1' build argument 'cmake_target' from command line to 'None'
[1.849s] Level 5:colcon.colcon_core.verb:set package 'custom_msg1' build argument 'cmake_target_skip_unavailable' from command line to 'False'
[1.849s] Level 5:colcon.colcon_core.verb:set package 'custom_msg1' build argument 'cmake_clean_cache' from command line to 'False'
[1.849s] Level 5:colcon.colcon_core.verb:set package 'custom_msg1' build argument 'cmake_clean_first' from command line to 'False'
[1.849s] Level 5:colcon.colcon_core.verb:set package 'custom_msg1' build argument 'cmake_force_configure' from command line to 'False'
[1.849s] Level 5:colcon.colcon_core.verb:set package 'custom_msg1' build argument 'ament_cmake_args' from command line to 'None'
[1.849s] Level 5:colcon.colcon_core.verb:set package 'custom_msg1' build argument 'catkin_cmake_args' from command line to 'None'
[1.849s] Level 5:colcon.colcon_core.verb:set package 'custom_msg1' build argument 'catkin_skip_building_tests' from command line to 'False'
[1.849s] DEBUG:colcon.colcon_core.verb:Building package 'custom_msg1' with the following arguments: {'ament_cmake_args': None, 'build_base': '/home/sajjad/Downloads/demo_ros2/build/custom_msg1', 'catkin_cmake_args': None, 'catkin_skip_building_tests': False, 'cmake_args': None, 'cmake_clean_cache': False, 'cmake_clean_first': False, 'cmake_force_configure': False, 'cmake_target': None, 'cmake_target_skip_unavailable': False, 'install_base': '/home/sajjad/Downloads/demo_ros2/install/custom_msg1', 'merge_install': False, 'path': '/home/sajjad/Downloads/demo_ros2/ros2_ws/src/custom_msg1', 'symlink_install': False, 'test_result_base': None}
[1.870s] INFO:colcon.colcon_core.executor:Executing jobs using 'parallel' executor
[1.892s] DEBUG:colcon.colcon_parallel_executor.executor.parallel:run_until_complete
[1.892s] INFO:colcon.colcon_ros.task.ament_cmake.build:Building ROS package in '/home/sajjad/Downloads/demo_ros2/ros2_ws/src/custom_msg1' with build type 'ament_cmake'
[1.892s] INFO:colcon.colcon_cmake.task.cmake.build:Building CMake package in '/home/sajjad/Downloads/demo_ros2/ros2_ws/src/custom_msg1'
[1.917s] INFO:colcon.colcon_core.plugin_system:Skipping extension 'colcon_core.shell.bat': Not used on non-Windows systems
[1.917s] INFO:colcon.colcon_core.shell:Skip shell extension 'powershell' for command environment: Not usable outside of PowerShell
[1.917s] DEBUG:colcon.colcon_core.shell:Skip shell extension 'dsv' for command environment
[1.971s] DEBUG:colcon.colcon_core.event_handler.log_command:Invoking command in '/home/sajjad/Downloads/demo_ros2/build/custom_msg1': CMAKE_PREFIX_PATH=/opt/ros/humble /usr/bin/cmake /home/sajjad/Downloads/demo_ros2/ros2_ws/src/custom_msg1 -DCMAKE_INSTALL_PREFIX=/home/sajjad/Downloads/demo_ros2/install/custom_msg1
[3.005s] DEBUG:colcon.colcon_core.event_handler.log_command:Invoked command in '/home/sajjad/Downloads/demo_ros2/build/custom_msg1' returned '1': CMAKE_PREFIX_PATH=/opt/ros/humble /usr/bin/cmake /home/sajjad/Downloads/demo_ros2/ros2_ws/src/custom_msg1 -DCMAKE_INSTALL_PREFIX=/home/sajjad/Downloads/demo_ros2/install/custom_msg1
[3.021s] Level 1:colcon.colcon_core.environment:create_environment_scripts_only(custom_msg1)
[3.048s] Level 1:colcon.colcon_core.environment:checking '/home/sajjad/Downloads/demo_ros2/install/custom_msg1' for CMake module files
[3.048s] Level 1:colcon.colcon_core.environment:checking '/home/sajjad/Downloads/demo_ros2/install/custom_msg1' for CMake config files
[3.049s] Level 1:colcon.colcon_core.environment:checking '/home/sajjad/Downloads/demo_ros2/install/custom_msg1/bin'
[3.049s] Level 1:colcon.colcon_core.environment:checking '/home/sajjad/Downloads/demo_ros2/install/custom_msg1/lib/pkgconfig/custom_msg1.pc'
[3.049s] Level 1:colcon.colcon_core.environment:checking '/home/sajjad/Downloads/demo_ros2/install/custom_msg1/lib/python3.10/site-packages'
[3.049s] Level 1:colcon.colcon_core.environment:checking '/home/sajjad/Downloads/demo_ros2/install/custom_msg1/bin'
[3.071s] INFO:colcon.colcon_core.shell:Creating package script '/home/sajjad/Downloads/demo_ros2/install/custom_msg1/share/custom_msg1/package.ps1'
[3.071s] INFO:colcon.colcon_core.shell:Creating package descriptor '/home/sajjad/Downloads/demo_ros2/install/custom_msg1/share/custom_msg1/package.dsv'
[3.072s] INFO:colcon.colcon_core.shell:Creating package script '/home/sajjad/Downloads/demo_ros2/install/custom_msg1/share/custom_msg1/package.sh'
[3.073s] INFO:colcon.colcon_core.shell:Creating package script '/home/sajjad/Downloads/demo_ros2/install/custom_msg1/share/custom_msg1/package.bash'
[3.073s] INFO:colcon.colcon_core.shell:Creating package script '/home/sajjad/Downloads/demo_ros2/install/custom_msg1/share/custom_msg1/package.zsh'
[3.074s] Level 1:colcon.colcon_core.environment:create_file_with_runtime_dependencies(/home/sajjad/Downloads/demo_ros2/install/custom_msg1/share/colcon-core/packages/custom_msg1)
[3.085s] DEBUG:colcon.colcon_parallel_executor.executor.parallel:closing loop
[3.085s] DEBUG:colcon.colcon_parallel_executor.executor.parallel:loop closed
[3.085s] DEBUG:colcon.colcon_parallel_executor.executor.parallel:run_until_complete finished with '1'
[3.085s] DEBUG:colcon.colcon_core.event_reactor:joining thread
[3.118s] INFO:colcon.colcon_core.plugin_system:Skipping extension 'colcon_notification.desktop_notification.terminal_notifier': Not used on non-Darwin systems
[3.119s] INFO:colcon.colcon_core.plugin_system:Skipping extension 'colcon_notification.desktop_notification.win32': Not used on non-Windows systems
[3.119s] INFO:colcon.colcon_notification.desktop_notification:Sending desktop notification using 'notify2'
[3.143s] DEBUG:colcon.colcon_core.event_reactor:joined thread
[3.184s] INFO:colcon.colcon_core.shell:Creating prefix script '/home/sajjad/Downloads/demo_ros2/install/local_setup.ps1'
[3.187s] INFO:colcon.colcon_core.shell:Creating prefix util module '/home/sajjad/Downloads/demo_ros2/install/_local_setup_util_ps1.py'
[3.190s] INFO:colcon.colcon_core.shell:Creating prefix chain script '/home/sajjad/Downloads/demo_ros2/install/setup.ps1'
[3.220s] INFO:colcon.colcon_core.shell:Creating prefix script '/home/sajjad/Downloads/demo_ros2/install/local_setup.sh'
[3.220s] INFO:colcon.colcon_core.shell:Creating prefix util module '/home/sajjad/Downloads/demo_ros2/install/_local_setup_util_sh.py'
[3.221s] INFO:colcon.colcon_core.shell:Creating prefix chain script '/home/sajjad/Downloads/demo_ros2/install/setup.sh'
[3.260s] INFO:colcon.colcon_core.shell:Creating prefix script '/home/sajjad/Downloads/demo_ros2/install/local_setup.bash'
[3.260s] INFO:colcon.colcon_core.shell:Creating prefix chain script '/home/sajjad/Downloads/demo_ros2/install/setup.bash'
[3.284s] INFO:colcon.colcon_core.shell:Creating prefix script '/home/sajjad/Downloads/demo_ros2/install/local_setup.zsh'
[3.285s] INFO:colcon.colcon_core.shell:Creating prefix chain script '/home/sajjad/Downloads/demo_ros2/install/setup.zsh'
