[35m[1mConsolidate compiler generated dependencies of target talker[0m
[ 40%] Built target listener
[ 60%] [32mBuilding CXX object CMakeFiles/talker.dir/src/serial_port.cpp.o[0m
[ 80%] [32mBuilding C object CMakeFiles/talker.dir/src/ch_serial.c.o[0m
[01m[K/home/sajjad/Downloads/demo_ros2/serial_imu_ws/src/serial_imu/src/ch_serial.c:[m[K In function ‘[01m[Kdecode_ch[m[K’:
[01m[K/home/sajjad/Downloads/demo_ros2/serial_imu_ws/src/serial_imu/src/ch_serial.c:227:5:[m[K [01;35m[Kwarning: [m[Kimplicit declaration of function ‘[01m[Kprintf[m[K’ [[01;35m[K]8;;https://gcc.gnu.org/onlinedocs/gcc/Warning-Options.html#index-Wimplicit-function-declaration-Wimplicit-function-declaration]8;;[m[K]
  227 |     [01;35m[Kprintf[m[K("decode_ch...");
      |     [01;35m[K^~~~~~[m[K
[01m[K/home/sajjad/Downloads/demo_ros2/serial_imu_ws/src/serial_imu/src/ch_serial.c:2:1:[m[K [01;36m[Knote: [m[Kinclude ‘[01m[K<stdio.h>[m[K’ or provide a declaration of ‘[01m[Kprintf[m[K’
    1 | #include "ch_serial.h"
  +++ |+[32m[K#include <stdio.h>[m[K
    2 | 
[01m[K/home/sajjad/Downloads/demo_ros2/serial_imu_ws/src/serial_imu/src/ch_serial.c:227:5:[m[K [01;35m[Kwarning: [m[Kincompatible implicit declaration of built-in function ‘[01m[Kprintf[m[K’ [[01;35m[K]8;;https://gcc.gnu.org/onlinedocs/gcc/Warning-Options.html#index-Wbuiltin-declaration-mismatch-Wbuiltin-declaration-mismatch]8;;[m[K]
  227 |     [01;35m[Kprintf[m[K("decode_ch...");
      |     [01;35m[K^~~~~~[m[K
[01m[K/home/sajjad/Downloads/demo_ros2/serial_imu_ws/src/serial_imu/src/ch_serial.c:227:5:[m[K [01;36m[Knote: [m[Kinclude ‘[01m[K<stdio.h>[m[K’ or provide a declaration of ‘[01m[Kprintf[m[K’
[100%] [32m[1mLinking CXX executable talker[0m
[100%] Built target talker
-- Install configuration: ""
-- Installing: /home/sajjad/Downloads/demo_ros2/serial_imu_ws/install/serial_imu/lib/serial_imu/talker
-- Set runtime path of "/home/sajjad/Downloads/demo_ros2/serial_imu_ws/install/serial_imu/lib/serial_imu/talker" to ""
-- Up-to-date: /home/sajjad/Downloads/demo_ros2/serial_imu_ws/install/serial_imu/lib/serial_imu/listener
-- Up-to-date: /home/sajjad/Downloads/demo_ros2/serial_imu_ws/install/serial_imu/share/serial_imu/launch
-- Up-to-date: /home/sajjad/Downloads/demo_ros2/serial_imu_ws/install/serial_imu/share/serial_imu/launch/imu_spec_msg.launch.py
-- Up-to-date: /home/sajjad/Downloads/demo_ros2/serial_imu_ws/install/serial_imu/share/ament_index/resource_index/package_run_dependencies/serial_imu
-- Up-to-date: /home/sajjad/Downloads/demo_ros2/serial_imu_ws/install/serial_imu/share/ament_index/resource_index/parent_prefix_path/serial_imu
-- Up-to-date: /home/sajjad/Downloads/demo_ros2/serial_imu_ws/install/serial_imu/share/serial_imu/environment/ament_prefix_path.sh
-- Up-to-date: /home/sajjad/Downloads/demo_ros2/serial_imu_ws/install/serial_imu/share/serial_imu/environment/ament_prefix_path.dsv
-- Up-to-date: /home/sajjad/Downloads/demo_ros2/serial_imu_ws/install/serial_imu/share/serial_imu/environment/path.sh
-- Up-to-date: /home/sajjad/Downloads/demo_ros2/serial_imu_ws/install/serial_imu/share/serial_imu/environment/path.dsv
-- Up-to-date: /home/sajjad/Downloads/demo_ros2/serial_imu_ws/install/serial_imu/share/serial_imu/local_setup.bash
-- Up-to-date: /home/sajjad/Downloads/demo_ros2/serial_imu_ws/install/serial_imu/share/serial_imu/local_setup.sh
-- Up-to-date: /home/sajjad/Downloads/demo_ros2/serial_imu_ws/install/serial_imu/share/serial_imu/local_setup.zsh
-- Up-to-date: /home/sajjad/Downloads/demo_ros2/serial_imu_ws/install/serial_imu/share/serial_imu/local_setup.dsv
-- Installing: /home/sajjad/Downloads/demo_ros2/serial_imu_ws/install/serial_imu/share/serial_imu/package.dsv
-- Up-to-date: /home/sajjad/Downloads/demo_ros2/serial_imu_ws/install/serial_imu/share/ament_index/resource_index/packages/serial_imu
-- Up-to-date: /home/sajjad/Downloads/demo_ros2/serial_imu_ws/install/serial_imu/share/serial_imu/cmake/serial_imuConfig.cmake
-- Up-to-date: /home/sajjad/Downloads/demo_ros2/serial_imu_ws/install/serial_imu/share/serial_imu/cmake/serial_imuConfig-version.cmake
-- Up-to-date: /home/sajjad/Downloads/demo_ros2/serial_imu_ws/install/serial_imu/share/serial_imu/package.xml
