[1.411s] DEBUG:colcon:Command line arguments: ['/usr/bin/colcon', 'build', '--packages-select', 'serial_test']
[1.412s] DEBUG:colcon:Parsed command line arguments: Namespace(log_base=None, log_level=None, verb_name='build', build_base='build', install_base='install', merge_install=False, symlink_install=False, test_result_base=None, continue_on_error=False, executor='parallel', parallel_workers=4, event_handlers=None, ignore_user_meta=False, metas=['./colcon.meta'], base_paths=['.'], packages_ignore=None, packages_ignore_regex=None, paths=None, packages_up_to=None, packages_up_to_regex=None, packages_above=None, packages_above_and_dependencies=None, packages_above_depth=None, packages_select_by_dep=None, packages_skip_by_dep=None, packages_skip_up_to=None, packages_select_build_failed=False, packages_skip_build_finished=False, packages_select_test_failures=False, packages_skip_test_passed=False, packages_select=['serial_test'], packages_skip=None, packages_select_regex=None, packages_skip_regex=None, packages_start=None, packages_end=None, allow_overriding=[], cmake_args=None, cmake_target=None, cmake_target_skip_unavailable=False, cmake_clean_cache=False, cmake_clean_first=False, cmake_force_configure=False, ament_cmake_args=None, catkin_cmake_args=None, catkin_skip_building_tests=False, verb_parser=<colcon_defaults.argument_parser.defaults.DefaultArgumentsDecorator object at 0x7f0c825e65f0>, verb_extension=<colcon_core.verb.build.BuildVerb object at 0x7f0c8344b3d0>, main=<bound method BuildVerb.main of <colcon_core.verb.build.BuildVerb object at 0x7f0c8344b3d0>>)
[1.476s] Level 1:colcon.colcon_core.package_discovery:discover_packages(colcon_meta) check parameters
[1.476s] Level 1:colcon.colcon_core.package_discovery:discover_packages(recursive) check parameters
[1.477s] Level 1:colcon.colcon_core.package_discovery:discover_packages(ignore) check parameters
[1.477s] Level 1:colcon.colcon_core.package_discovery:discover_packages(path) check parameters
[1.477s] Level 1:colcon.colcon_core.package_discovery:discover_packages(colcon_meta) discover
[1.477s] Level 1:colcon.colcon_core.package_discovery:discover_packages(recursive) discover
[1.477s] INFO:colcon.colcon_core.package_discovery:Crawling recursively for packages in '/home/sajjad/Downloads/demo_ros2'
[1.477s] Level 1:colcon.colcon_core.package_identification:_identify(.) by extensions ['ignore', 'ignore_ament_install']
[1.477s] Level 1:colcon.colcon_core.package_identification:_identify(.) by extension 'ignore'
[1.477s] Level 1:colcon.colcon_core.package_identification:_identify(.) by extension 'ignore_ament_install'
[1.477s] Level 1:colcon.colcon_core.package_identification:_identify(.) by extensions ['colcon_pkg']
[1.477s] Level 1:colcon.colcon_core.package_identification:_identify(.) by extension 'colcon_pkg'
[1.477s] Level 1:colcon.colcon_core.package_identification:_identify(.) by extensions ['colcon_meta']
[1.477s] Level 1:colcon.colcon_core.package_identification:_identify(.) by extension 'colcon_meta'
[1.477s] Level 1:colcon.colcon_core.package_identification:_identify(.) by extensions ['ros']
[1.477s] Level 1:colcon.colcon_core.package_identification:_identify(.) by extension 'ros'
[1.490s] Level 1:colcon.colcon_core.package_identification:_identify(.) by extensions ['cmake', 'python']
[1.490s] Level 1:colcon.colcon_core.package_identification:_identify(.) by extension 'cmake'
[1.490s] Level 1:colcon.colcon_core.package_identification:_identify(.) by extension 'python'
[1.490s] Level 1:colcon.colcon_core.package_identification:_identify(.) by extensions ['python_setup_py']
[1.490s] Level 1:colcon.colcon_core.package_identification:_identify(.) by extension 'python_setup_py'
[1.491s] Level 1:colcon.colcon_core.package_identification:_identify(build) by extensions ['ignore', 'ignore_ament_install']
[1.491s] Level 1:colcon.colcon_core.package_identification:_identify(build) by extension 'ignore'
[1.491s] Level 1:colcon.colcon_core.package_identification:_identify(build) ignored
[1.491s] Level 1:colcon.colcon_core.package_identification:_identify(install) by extensions ['ignore', 'ignore_ament_install']
[1.491s] Level 1:colcon.colcon_core.package_identification:_identify(install) by extension 'ignore'
[1.491s] Level 1:colcon.colcon_core.package_identification:_identify(install) ignored
[1.491s] Level 1:colcon.colcon_core.package_identification:_identify(log) by extensions ['ignore', 'ignore_ament_install']
[1.491s] Level 1:colcon.colcon_core.package_identification:_identify(log) by extension 'ignore'
[1.491s] Level 1:colcon.colcon_core.package_identification:_identify(log) ignored
[1.491s] Level 1:colcon.colcon_core.package_identification:_identify(ros2_ws) by extensions ['ignore', 'ignore_ament_install']
[1.492s] Level 1:colcon.colcon_core.package_identification:_identify(ros2_ws) by extension 'ignore'
[1.492s] Level 1:colcon.colcon_core.package_identification:_identify(ros2_ws) by extension 'ignore_ament_install'
[1.492s] Level 1:colcon.colcon_core.package_identification:_identify(ros2_ws) by extensions ['colcon_pkg']
[1.492s] Level 1:colcon.colcon_core.package_identification:_identify(ros2_ws) by extension 'colcon_pkg'
[1.492s] Level 1:colcon.colcon_core.package_identification:_identify(ros2_ws) by extensions ['colcon_meta']
[1.492s] Level 1:colcon.colcon_core.package_identification:_identify(ros2_ws) by extension 'colcon_meta'
[1.492s] Level 1:colcon.colcon_core.package_identification:_identify(ros2_ws) by extensions ['ros']
[1.492s] Level 1:colcon.colcon_core.package_identification:_identify(ros2_ws) by extension 'ros'
[1.492s] Level 1:colcon.colcon_core.package_identification:_identify(ros2_ws) by extensions ['cmake', 'python']
[1.492s] Level 1:colcon.colcon_core.package_identification:_identify(ros2_ws) by extension 'cmake'
[1.492s] Level 1:colcon.colcon_core.package_identification:_identify(ros2_ws) by extension 'python'
[1.492s] Level 1:colcon.colcon_core.package_identification:_identify(ros2_ws) by extensions ['python_setup_py']
[1.492s] Level 1:colcon.colcon_core.package_identification:_identify(ros2_ws) by extension 'python_setup_py'
[1.492s] Level 1:colcon.colcon_core.package_identification:_identify(ros2_ws/build) by extensions ['ignore', 'ignore_ament_install']
[1.492s] Level 1:colcon.colcon_core.package_identification:_identify(ros2_ws/build) by extension 'ignore'
[1.492s] Level 1:colcon.colcon_core.package_identification:_identify(ros2_ws/build) ignored
[1.492s] Level 1:colcon.colcon_core.package_identification:_identify(ros2_ws/install) by extensions ['ignore', 'ignore_ament_install']
[1.493s] Level 1:colcon.colcon_core.package_identification:_identify(ros2_ws/install) by extension 'ignore'
[1.493s] Level 1:colcon.colcon_core.package_identification:_identify(ros2_ws/install) ignored
[1.493s] Level 1:colcon.colcon_core.package_identification:_identify(ros2_ws/log) by extensions ['ignore', 'ignore_ament_install']
[1.493s] Level 1:colcon.colcon_core.package_identification:_identify(ros2_ws/log) by extension 'ignore'
[1.493s] Level 1:colcon.colcon_core.package_identification:_identify(ros2_ws/log) ignored
[1.493s] Level 1:colcon.colcon_core.package_identification:_identify(ros2_ws/src) by extensions ['ignore', 'ignore_ament_install']
[1.493s] Level 1:colcon.colcon_core.package_identification:_identify(ros2_ws/src) by extension 'ignore'
[1.493s] Level 1:colcon.colcon_core.package_identification:_identify(ros2_ws/src) by extension 'ignore_ament_install'
[1.493s] Level 1:colcon.colcon_core.package_identification:_identify(ros2_ws/src) by extensions ['colcon_pkg']
[1.493s] Level 1:colcon.colcon_core.package_identification:_identify(ros2_ws/src) by extension 'colcon_pkg'
[1.493s] Level 1:colcon.colcon_core.package_identification:_identify(ros2_ws/src) by extensions ['colcon_meta']
[1.493s] Level 1:colcon.colcon_core.package_identification:_identify(ros2_ws/src) by extension 'colcon_meta'
[1.493s] Level 1:colcon.colcon_core.package_identification:_identify(ros2_ws/src) by extensions ['ros']
[1.493s] Level 1:colcon.colcon_core.package_identification:_identify(ros2_ws/src) by extension 'ros'
[1.494s] Level 1:colcon.colcon_core.package_identification:_identify(ros2_ws/src) by extensions ['cmake', 'python']
[1.494s] Level 1:colcon.colcon_core.package_identification:_identify(ros2_ws/src) by extension 'cmake'
[1.494s] Level 1:colcon.colcon_core.package_identification:_identify(ros2_ws/src) by extension 'python'
[1.494s] Level 1:colcon.colcon_core.package_identification:_identify(ros2_ws/src) by extensions ['python_setup_py']
[1.494s] Level 1:colcon.colcon_core.package_identification:_identify(ros2_ws/src) by extension 'python_setup_py'
[1.494s] Level 1:colcon.colcon_core.package_identification:_identify(ros2_ws/src/custom_msg) by extensions ['ignore', 'ignore_ament_install']
[1.494s] Level 1:colcon.colcon_core.package_identification:_identify(ros2_ws/src/custom_msg) by extension 'ignore'
[1.494s] Level 1:colcon.colcon_core.package_identification:_identify(ros2_ws/src/custom_msg) by extension 'ignore_ament_install'
[1.494s] Level 1:colcon.colcon_core.package_identification:_identify(ros2_ws/src/custom_msg) by extensions ['colcon_pkg']
[1.494s] Level 1:colcon.colcon_core.package_identification:_identify(ros2_ws/src/custom_msg) by extension 'colcon_pkg'
[1.494s] Level 1:colcon.colcon_core.package_identification:_identify(ros2_ws/src/custom_msg) by extensions ['colcon_meta']
[1.494s] Level 1:colcon.colcon_core.package_identification:_identify(ros2_ws/src/custom_msg) by extension 'colcon_meta'
[1.494s] Level 1:colcon.colcon_core.package_identification:_identify(ros2_ws/src/custom_msg) by extensions ['ros']
[1.494s] Level 1:colcon.colcon_core.package_identification:_identify(ros2_ws/src/custom_msg) by extension 'ros'
[1.497s] DEBUG:colcon.colcon_core.package_identification:Package 'ros2_ws/src/custom_msg' with type 'ros.ament_cmake' and name 'custom_msg'
[1.497s] Level 1:colcon.colcon_core.package_identification:_identify(ros2_ws/src/custom_msg1) by extensions ['ignore', 'ignore_ament_install']
[1.498s] Level 1:colcon.colcon_core.package_identification:_identify(ros2_ws/src/custom_msg1) by extension 'ignore'
[1.498s] Level 1:colcon.colcon_core.package_identification:_identify(ros2_ws/src/custom_msg1) by extension 'ignore_ament_install'
[1.498s] Level 1:colcon.colcon_core.package_identification:_identify(ros2_ws/src/custom_msg1) by extensions ['colcon_pkg']
[1.498s] Level 1:colcon.colcon_core.package_identification:_identify(ros2_ws/src/custom_msg1) by extension 'colcon_pkg'
[1.498s] Level 1:colcon.colcon_core.package_identification:_identify(ros2_ws/src/custom_msg1) by extensions ['colcon_meta']
[1.498s] Level 1:colcon.colcon_core.package_identification:_identify(ros2_ws/src/custom_msg1) by extension 'colcon_meta'
[1.498s] Level 1:colcon.colcon_core.package_identification:_identify(ros2_ws/src/custom_msg1) by extensions ['ros']
[1.498s] Level 1:colcon.colcon_core.package_identification:_identify(ros2_ws/src/custom_msg1) by extension 'ros'
[1.499s] DEBUG:colcon.colcon_core.package_identification:Package 'ros2_ws/src/custom_msg1' with type 'ros.ament_cmake' and name 'custom_msg1'
[1.499s] Level 1:colcon.colcon_core.package_identification:_identify(ros2_ws/src/my_robot_interfaces) by extensions ['ignore', 'ignore_ament_install']
[1.499s] Level 1:colcon.colcon_core.package_identification:_identify(ros2_ws/src/my_robot_interfaces) by extension 'ignore'
[1.499s] Level 1:colcon.colcon_core.package_identification:_identify(ros2_ws/src/my_robot_interfaces) by extension 'ignore_ament_install'
[1.499s] Level 1:colcon.colcon_core.package_identification:_identify(ros2_ws/src/my_robot_interfaces) by extensions ['colcon_pkg']
[1.499s] Level 1:colcon.colcon_core.package_identification:_identify(ros2_ws/src/my_robot_interfaces) by extension 'colcon_pkg'
[1.499s] Level 1:colcon.colcon_core.package_identification:_identify(ros2_ws/src/my_robot_interfaces) by extensions ['colcon_meta']
[1.499s] Level 1:colcon.colcon_core.package_identification:_identify(ros2_ws/src/my_robot_interfaces) by extension 'colcon_meta'
[1.499s] Level 1:colcon.colcon_core.package_identification:_identify(ros2_ws/src/my_robot_interfaces) by extensions ['ros']
[1.499s] Level 1:colcon.colcon_core.package_identification:_identify(ros2_ws/src/my_robot_interfaces) by extension 'ros'
[1.500s] DEBUG:colcon.colcon_core.package_identification:Package 'ros2_ws/src/my_robot_interfaces' with type 'ros.ament_cmake' and name 'my_robot_interfaces'
[1.500s] Level 1:colcon.colcon_core.package_identification:_identify(ros2_ws/src/pub_sub_custom_msg) by extensions ['ignore', 'ignore_ament_install']
[1.500s] Level 1:colcon.colcon_core.package_identification:_identify(ros2_ws/src/pub_sub_custom_msg) by extension 'ignore'
[1.500s] Level 1:colcon.colcon_core.package_identification:_identify(ros2_ws/src/pub_sub_custom_msg) by extension 'ignore_ament_install'
[1.500s] Level 1:colcon.colcon_core.package_identification:_identify(ros2_ws/src/pub_sub_custom_msg) by extensions ['colcon_pkg']
[1.500s] Level 1:colcon.colcon_core.package_identification:_identify(ros2_ws/src/pub_sub_custom_msg) by extension 'colcon_pkg'
[1.500s] Level 1:colcon.colcon_core.package_identification:_identify(ros2_ws/src/pub_sub_custom_msg) by extensions ['colcon_meta']
[1.501s] Level 1:colcon.colcon_core.package_identification:_identify(ros2_ws/src/pub_sub_custom_msg) by extension 'colcon_meta'
[1.501s] Level 1:colcon.colcon_core.package_identification:_identify(ros2_ws/src/pub_sub_custom_msg) by extensions ['ros']
[1.501s] Level 1:colcon.colcon_core.package_identification:_identify(ros2_ws/src/pub_sub_custom_msg) by extension 'ros'
[1.501s] DEBUG:colcon.colcon_core.package_identification:Package 'ros2_ws/src/pub_sub_custom_msg' with type 'ros.ament_cmake' and name 'pub_sub_custom_msg'
[1.502s] Level 1:colcon.colcon_core.package_identification:_identify(ros2_ws/src/pub_sub_custom_msg1) by extensions ['ignore', 'ignore_ament_install']
[1.502s] Level 1:colcon.colcon_core.package_identification:_identify(ros2_ws/src/pub_sub_custom_msg1) by extension 'ignore'
[1.502s] Level 1:colcon.colcon_core.package_identification:_identify(ros2_ws/src/pub_sub_custom_msg1) by extension 'ignore_ament_install'
[1.502s] Level 1:colcon.colcon_core.package_identification:_identify(ros2_ws/src/pub_sub_custom_msg1) by extensions ['colcon_pkg']
[1.502s] Level 1:colcon.colcon_core.package_identification:_identify(ros2_ws/src/pub_sub_custom_msg1) by extension 'colcon_pkg'
[1.502s] Level 1:colcon.colcon_core.package_identification:_identify(ros2_ws/src/pub_sub_custom_msg1) by extensions ['colcon_meta']
[1.502s] Level 1:colcon.colcon_core.package_identification:_identify(ros2_ws/src/pub_sub_custom_msg1) by extension 'colcon_meta'
[1.502s] Level 1:colcon.colcon_core.package_identification:_identify(ros2_ws/src/pub_sub_custom_msg1) by extensions ['ros']
[1.502s] Level 1:colcon.colcon_core.package_identification:_identify(ros2_ws/src/pub_sub_custom_msg1) by extension 'ros'
[1.503s] DEBUG:colcon.colcon_core.package_identification:Package 'ros2_ws/src/pub_sub_custom_msg1' with type 'ros.ament_cmake' and name 'pub_sub_custom_msg1'
[1.503s] Level 1:colcon.colcon_core.package_identification:_identify(ros2_ws/src/ros2_msg) by extensions ['ignore', 'ignore_ament_install']
[1.503s] Level 1:colcon.colcon_core.package_identification:_identify(ros2_ws/src/ros2_msg) by extension 'ignore'
[1.503s] Level 1:colcon.colcon_core.package_identification:_identify(ros2_ws/src/ros2_msg) by extension 'ignore_ament_install'
[1.503s] Level 1:colcon.colcon_core.package_identification:_identify(ros2_ws/src/ros2_msg) by extensions ['colcon_pkg']
[1.503s] Level 1:colcon.colcon_core.package_identification:_identify(ros2_ws/src/ros2_msg) by extension 'colcon_pkg'
[1.503s] Level 1:colcon.colcon_core.package_identification:_identify(ros2_ws/src/ros2_msg) by extensions ['colcon_meta']
[1.503s] Level 1:colcon.colcon_core.package_identification:_identify(ros2_ws/src/ros2_msg) by extension 'colcon_meta'
[1.503s] Level 1:colcon.colcon_core.package_identification:_identify(ros2_ws/src/ros2_msg) by extensions ['ros']
[1.503s] Level 1:colcon.colcon_core.package_identification:_identify(ros2_ws/src/ros2_msg) by extension 'ros'
[1.504s] DEBUG:colcon.colcon_core.package_identification:Package 'ros2_ws/src/ros2_msg' with type 'ros.ament_cmake' and name 'ros2_msg'
[1.504s] Level 1:colcon.colcon_core.package_identification:_identify(ros2_ws/src/serial_imu) by extensions ['ignore', 'ignore_ament_install']
[1.504s] Level 1:colcon.colcon_core.package_identification:_identify(ros2_ws/src/serial_imu) by extension 'ignore'
[1.504s] Level 1:colcon.colcon_core.package_identification:_identify(ros2_ws/src/serial_imu) by extension 'ignore_ament_install'
[1.504s] Level 1:colcon.colcon_core.package_identification:_identify(ros2_ws/src/serial_imu) by extensions ['colcon_pkg']
[1.504s] Level 1:colcon.colcon_core.package_identification:_identify(ros2_ws/src/serial_imu) by extension 'colcon_pkg'
[1.504s] Level 1:colcon.colcon_core.package_identification:_identify(ros2_ws/src/serial_imu) by extensions ['colcon_meta']
[1.504s] Level 1:colcon.colcon_core.package_identification:_identify(ros2_ws/src/serial_imu) by extension 'colcon_meta'
[1.505s] Level 1:colcon.colcon_core.package_identification:_identify(ros2_ws/src/serial_imu) by extensions ['ros']
[1.505s] Level 1:colcon.colcon_core.package_identification:_identify(ros2_ws/src/serial_imu) by extension 'ros'
[1.505s] DEBUG:colcon.colcon_core.package_identification:Package 'ros2_ws/src/serial_imu' with type 'ros.ament_cmake' and name 'serial_imu'
[1.505s] Level 1:colcon.colcon_core.package_identification:_identify(ros2_ws/src/serial_imu1) by extensions ['ignore', 'ignore_ament_install']
[1.506s] Level 1:colcon.colcon_core.package_identification:_identify(ros2_ws/src/serial_imu1) by extension 'ignore'
[1.506s] Level 1:colcon.colcon_core.package_identification:_identify(ros2_ws/src/serial_imu1) by extension 'ignore_ament_install'
[1.506s] Level 1:colcon.colcon_core.package_identification:_identify(ros2_ws/src/serial_imu1) by extensions ['colcon_pkg']
[1.506s] Level 1:colcon.colcon_core.package_identification:_identify(ros2_ws/src/serial_imu1) by extension 'colcon_pkg'
[1.506s] Level 1:colcon.colcon_core.package_identification:_identify(ros2_ws/src/serial_imu1) by extensions ['colcon_meta']
[1.506s] Level 1:colcon.colcon_core.package_identification:_identify(ros2_ws/src/serial_imu1) by extension 'colcon_meta'
[1.506s] Level 1:colcon.colcon_core.package_identification:_identify(ros2_ws/src/serial_imu1) by extensions ['ros']
[1.506s] Level 1:colcon.colcon_core.package_identification:_identify(ros2_ws/src/serial_imu1) by extension 'ros'
[1.507s] DEBUG:colcon.colcon_core.package_identification:Package 'ros2_ws/src/serial_imu1' with type 'ros.ament_cmake' and name 'serial_imu1'
[1.507s] Level 1:colcon.colcon_core.package_identification:_identify(ros2_ws/src/serial_imu_ws) by extensions ['ignore', 'ignore_ament_install']
[1.507s] Level 1:colcon.colcon_core.package_identification:_identify(ros2_ws/src/serial_imu_ws) by extension 'ignore'
[1.507s] Level 1:colcon.colcon_core.package_identification:_identify(ros2_ws/src/serial_imu_ws) by extension 'ignore_ament_install'
[1.507s] Level 1:colcon.colcon_core.package_identification:_identify(ros2_ws/src/serial_imu_ws) by extensions ['colcon_pkg']
[1.507s] Level 1:colcon.colcon_core.package_identification:_identify(ros2_ws/src/serial_imu_ws) by extension 'colcon_pkg'
[1.507s] Level 1:colcon.colcon_core.package_identification:_identify(ros2_ws/src/serial_imu_ws) by extensions ['colcon_meta']
[1.507s] Level 1:colcon.colcon_core.package_identification:_identify(ros2_ws/src/serial_imu_ws) by extension 'colcon_meta'
[1.507s] Level 1:colcon.colcon_core.package_identification:_identify(ros2_ws/src/serial_imu_ws) by extensions ['ros']
[1.507s] Level 1:colcon.colcon_core.package_identification:_identify(ros2_ws/src/serial_imu_ws) by extension 'ros'
[1.507s] Level 1:colcon.colcon_core.package_identification:_identify(ros2_ws/src/serial_imu_ws) by extensions ['cmake', 'python']
[1.507s] Level 1:colcon.colcon_core.package_identification:_identify(ros2_ws/src/serial_imu_ws) by extension 'cmake'
[1.507s] Level 1:colcon.colcon_core.package_identification:_identify(ros2_ws/src/serial_imu_ws) by extension 'python'
[1.508s] Level 1:colcon.colcon_core.package_identification:_identify(ros2_ws/src/serial_imu_ws) by extensions ['python_setup_py']
[1.508s] Level 1:colcon.colcon_core.package_identification:_identify(ros2_ws/src/serial_imu_ws) by extension 'python_setup_py'
[1.508s] Level 1:colcon.colcon_core.package_identification:_identify(ros2_ws/src/serial_imu_ws/build) by extensions ['ignore', 'ignore_ament_install']
[1.508s] Level 1:colcon.colcon_core.package_identification:_identify(ros2_ws/src/serial_imu_ws/build) by extension 'ignore'
[1.508s] Level 1:colcon.colcon_core.package_identification:_identify(ros2_ws/src/serial_imu_ws/build) ignored
[1.508s] Level 1:colcon.colcon_core.package_identification:_identify(ros2_ws/src/serial_imu_ws/install) by extensions ['ignore', 'ignore_ament_install']
[1.508s] Level 1:colcon.colcon_core.package_identification:_identify(ros2_ws/src/serial_imu_ws/install) by extension 'ignore'
[1.508s] Level 1:colcon.colcon_core.package_identification:_identify(ros2_ws/src/serial_imu_ws/install) ignored
[1.508s] Level 1:colcon.colcon_core.package_identification:_identify(ros2_ws/src/serial_imu_ws/log) by extensions ['ignore', 'ignore_ament_install']
[1.508s] Level 1:colcon.colcon_core.package_identification:_identify(ros2_ws/src/serial_imu_ws/log) by extension 'ignore'
[1.508s] Level 1:colcon.colcon_core.package_identification:_identify(ros2_ws/src/serial_imu_ws/log) ignored
[1.508s] Level 1:colcon.colcon_core.package_identification:_identify(ros2_ws/src/serial_imu_ws/src) by extensions ['ignore', 'ignore_ament_install']
[1.509s] Level 1:colcon.colcon_core.package_identification:_identify(ros2_ws/src/serial_imu_ws/src) by extension 'ignore'
[1.509s] Level 1:colcon.colcon_core.package_identification:_identify(ros2_ws/src/serial_imu_ws/src) by extension 'ignore_ament_install'
[1.509s] Level 1:colcon.colcon_core.package_identification:_identify(ros2_ws/src/serial_imu_ws/src) by extensions ['colcon_pkg']
[1.509s] Level 1:colcon.colcon_core.package_identification:_identify(ros2_ws/src/serial_imu_ws/src) by extension 'colcon_pkg'
[1.509s] Level 1:colcon.colcon_core.package_identification:_identify(ros2_ws/src/serial_imu_ws/src) by extensions ['colcon_meta']
[1.509s] Level 1:colcon.colcon_core.package_identification:_identify(ros2_ws/src/serial_imu_ws/src) by extension 'colcon_meta'
[1.509s] Level 1:colcon.colcon_core.package_identification:_identify(ros2_ws/src/serial_imu_ws/src) by extensions ['ros']
[1.509s] Level 1:colcon.colcon_core.package_identification:_identify(ros2_ws/src/serial_imu_ws/src) by extension 'ros'
[1.509s] Level 1:colcon.colcon_core.package_identification:_identify(ros2_ws/src/serial_imu_ws/src) by extensions ['cmake', 'python']
[1.509s] Level 1:colcon.colcon_core.package_identification:_identify(ros2_ws/src/serial_imu_ws/src) by extension 'cmake'
[1.509s] Level 1:colcon.colcon_core.package_identification:_identify(ros2_ws/src/serial_imu_ws/src) by extension 'python'
[1.509s] Level 1:colcon.colcon_core.package_identification:_identify(ros2_ws/src/serial_imu_ws/src) by extensions ['python_setup_py']
[1.509s] Level 1:colcon.colcon_core.package_identification:_identify(ros2_ws/src/serial_imu_ws/src) by extension 'python_setup_py'
[1.509s] Level 1:colcon.colcon_core.package_identification:_identify(ros2_ws/src/serial_imu_ws/src/serial_imu) by extensions ['ignore', 'ignore_ament_install']
[1.509s] Level 1:colcon.colcon_core.package_identification:_identify(ros2_ws/src/serial_imu_ws/src/serial_imu) by extension 'ignore'
[1.509s] Level 1:colcon.colcon_core.package_identification:_identify(ros2_ws/src/serial_imu_ws/src/serial_imu) by extension 'ignore_ament_install'
[1.510s] Level 1:colcon.colcon_core.package_identification:_identify(ros2_ws/src/serial_imu_ws/src/serial_imu) by extensions ['colcon_pkg']
[1.510s] Level 1:colcon.colcon_core.package_identification:_identify(ros2_ws/src/serial_imu_ws/src/serial_imu) by extension 'colcon_pkg'
[1.510s] Level 1:colcon.colcon_core.package_identification:_identify(ros2_ws/src/serial_imu_ws/src/serial_imu) by extensions ['colcon_meta']
[1.510s] Level 1:colcon.colcon_core.package_identification:_identify(ros2_ws/src/serial_imu_ws/src/serial_imu) by extension 'colcon_meta'
[1.510s] Level 1:colcon.colcon_core.package_identification:_identify(ros2_ws/src/serial_imu_ws/src/serial_imu) by extensions ['ros']
[1.510s] Level 1:colcon.colcon_core.package_identification:_identify(ros2_ws/src/serial_imu_ws/src/serial_imu) by extension 'ros'
[1.510s] DEBUG:colcon.colcon_core.package_identification:Package 'ros2_ws/src/serial_imu_ws/src/serial_imu' with type 'ros.ament_cmake' and name 'serial_imu'
[1.511s] Level 1:colcon.colcon_core.package_identification:_identify(ros2_ws/src/serial_test) by extensions ['ignore', 'ignore_ament_install']
[1.511s] Level 1:colcon.colcon_core.package_identification:_identify(ros2_ws/src/serial_test) by extension 'ignore'
[1.511s] Level 1:colcon.colcon_core.package_identification:_identify(ros2_ws/src/serial_test) by extension 'ignore_ament_install'
[1.511s] Level 1:colcon.colcon_core.package_identification:_identify(ros2_ws/src/serial_test) by extensions ['colcon_pkg']
[1.511s] Level 1:colcon.colcon_core.package_identification:_identify(ros2_ws/src/serial_test) by extension 'colcon_pkg'
[1.511s] Level 1:colcon.colcon_core.package_identification:_identify(ros2_ws/src/serial_test) by extensions ['colcon_meta']
[1.511s] Level 1:colcon.colcon_core.package_identification:_identify(ros2_ws/src/serial_test) by extension 'colcon_meta'
[1.511s] Level 1:colcon.colcon_core.package_identification:_identify(ros2_ws/src/serial_test) by extensions ['ros']
[1.511s] Level 1:colcon.colcon_core.package_identification:_identify(ros2_ws/src/serial_test) by extension 'ros'
[1.511s] Level 1:colcon.colcon_core.package_identification:_identify(ros2_ws/src/serial_test) by extensions ['cmake', 'python']
[1.511s] Level 1:colcon.colcon_core.package_identification:_identify(ros2_ws/src/serial_test) by extension 'cmake'
[1.511s] Level 1:colcon.colcon_core.package_identification:_identify(ros2_ws/src/serial_test) by extension 'python'
[1.511s] Level 1:colcon.colcon_core.package_identification:_identify(ros2_ws/src/serial_test) by extensions ['python_setup_py']
[1.511s] Level 1:colcon.colcon_core.package_identification:_identify(ros2_ws/src/serial_test) by extension 'python_setup_py'
[1.512s] Level 1:colcon.colcon_core.package_identification:_identify(ros2_ws/src/serial_test/build) by extensions ['ignore', 'ignore_ament_install']
[1.512s] Level 1:colcon.colcon_core.package_identification:_identify(ros2_ws/src/serial_test/build) by extension 'ignore'
[1.512s] Level 1:colcon.colcon_core.package_identification:_identify(ros2_ws/src/serial_test/build) ignored
[1.512s] Level 1:colcon.colcon_core.package_identification:_identify(ros2_ws/src/serial_test/install) by extensions ['ignore', 'ignore_ament_install']
[1.512s] Level 1:colcon.colcon_core.package_identification:_identify(ros2_ws/src/serial_test/install) by extension 'ignore'
[1.512s] Level 1:colcon.colcon_core.package_identification:_identify(ros2_ws/src/serial_test/install) ignored
[1.512s] Level 1:colcon.colcon_core.package_identification:_identify(ros2_ws/src/serial_test/log) by extensions ['ignore', 'ignore_ament_install']
[1.512s] Level 1:colcon.colcon_core.package_identification:_identify(ros2_ws/src/serial_test/log) by extension 'ignore'
[1.512s] Level 1:colcon.colcon_core.package_identification:_identify(ros2_ws/src/serial_test/log) ignored
[1.512s] Level 1:colcon.colcon_core.package_identification:_identify(ros2_ws/src/serial_test/src) by extensions ['ignore', 'ignore_ament_install']
[1.512s] Level 1:colcon.colcon_core.package_identification:_identify(ros2_ws/src/serial_test/src) by extension 'ignore'
[1.512s] Level 1:colcon.colcon_core.package_identification:_identify(ros2_ws/src/serial_test/src) by extension 'ignore_ament_install'
[1.513s] Level 1:colcon.colcon_core.package_identification:_identify(ros2_ws/src/serial_test/src) by extensions ['colcon_pkg']
[1.513s] Level 1:colcon.colcon_core.package_identification:_identify(ros2_ws/src/serial_test/src) by extension 'colcon_pkg'
[1.513s] Level 1:colcon.colcon_core.package_identification:_identify(ros2_ws/src/serial_test/src) by extensions ['colcon_meta']
[1.513s] Level 1:colcon.colcon_core.package_identification:_identify(ros2_ws/src/serial_test/src) by extension 'colcon_meta'
[1.513s] Level 1:colcon.colcon_core.package_identification:_identify(ros2_ws/src/serial_test/src) by extensions ['ros']
[1.513s] Level 1:colcon.colcon_core.package_identification:_identify(ros2_ws/src/serial_test/src) by extension 'ros'
[1.513s] Level 1:colcon.colcon_core.package_identification:_identify(ros2_ws/src/serial_test/src) by extensions ['cmake', 'python']
[1.513s] Level 1:colcon.colcon_core.package_identification:_identify(ros2_ws/src/serial_test/src) by extension 'cmake'
[1.513s] Level 1:colcon.colcon_core.package_identification:_identify(ros2_ws/src/serial_test/src) by extension 'python'
[1.513s] Level 1:colcon.colcon_core.package_identification:_identify(ros2_ws/src/serial_test/src) by extensions ['python_setup_py']
[1.513s] Level 1:colcon.colcon_core.package_identification:_identify(ros2_ws/src/serial_test/src) by extension 'python_setup_py'
[1.513s] Level 1:colcon.colcon_core.package_identification:_identify(ros2_ws/src/serial_test/src/serial_imu) by extensions ['ignore', 'ignore_ament_install']
[1.513s] Level 1:colcon.colcon_core.package_identification:_identify(ros2_ws/src/serial_test/src/serial_imu) by extension 'ignore'
[1.513s] Level 1:colcon.colcon_core.package_identification:_identify(ros2_ws/src/serial_test/src/serial_imu) by extension 'ignore_ament_install'
[1.513s] Level 1:colcon.colcon_core.package_identification:_identify(ros2_ws/src/serial_test/src/serial_imu) by extensions ['colcon_pkg']
[1.513s] Level 1:colcon.colcon_core.package_identification:_identify(ros2_ws/src/serial_test/src/serial_imu) by extension 'colcon_pkg'
[1.513s] Level 1:colcon.colcon_core.package_identification:_identify(ros2_ws/src/serial_test/src/serial_imu) by extensions ['colcon_meta']
[1.514s] Level 1:colcon.colcon_core.package_identification:_identify(ros2_ws/src/serial_test/src/serial_imu) by extension 'colcon_meta'
[1.514s] Level 1:colcon.colcon_core.package_identification:_identify(ros2_ws/src/serial_test/src/serial_imu) by extensions ['ros']
[1.514s] Level 1:colcon.colcon_core.package_identification:_identify(ros2_ws/src/serial_test/src/serial_imu) by extension 'ros'
[1.514s] DEBUG:colcon.colcon_core.package_identification:Package 'ros2_ws/src/serial_test/src/serial_imu' with type 'ros.ament_cmake' and name 'serial_imu'
[1.515s] Level 1:colcon.colcon_core.package_discovery:discover_packages(recursive) using defaults
[1.515s] Level 1:colcon.colcon_core.package_discovery:discover_packages(ignore) discover
[1.515s] Level 1:colcon.colcon_core.package_discovery:discover_packages(ignore) using defaults
[1.515s] Level 1:colcon.colcon_core.package_discovery:discover_packages(path) discover
[1.515s] Level 1:colcon.colcon_core.package_discovery:discover_packages(path) using defaults
[1.537s] WARNING:colcon.colcon_core.package_selection:ignoring unknown package 'serial_test' in --packages-select
[1.610s] INFO:colcon.colcon_core.package_selection:Skipping not selected package 'custom_msg' in 'ros2_ws/src/custom_msg'
[1.610s] INFO:colcon.colcon_core.package_selection:Skipping not selected package 'custom_msg1' in 'ros2_ws/src/custom_msg1'
[1.610s] INFO:colcon.colcon_core.package_selection:Skipping not selected package 'my_robot_interfaces' in 'ros2_ws/src/my_robot_interfaces'
[1.610s] INFO:colcon.colcon_core.package_selection:Skipping not selected package 'ros2_msg' in 'ros2_ws/src/ros2_msg'
[1.610s] INFO:colcon.colcon_core.package_selection:Skipping not selected package 'serial_imu' in 'ros2_ws/src/serial_imu'
[1.610s] INFO:colcon.colcon_core.package_selection:Skipping not selected package 'serial_imu' in 'ros2_ws/src/serial_imu_ws/src/serial_imu'
[1.611s] INFO:colcon.colcon_core.package_selection:Skipping not selected package 'serial_imu' in 'ros2_ws/src/serial_test/src/serial_imu'
[1.611s] INFO:colcon.colcon_core.package_selection:Skipping not selected package 'pub_sub_custom_msg' in 'ros2_ws/src/pub_sub_custom_msg'
[1.611s] INFO:colcon.colcon_core.package_selection:Skipping not selected package 'pub_sub_custom_msg1' in 'ros2_ws/src/pub_sub_custom_msg1'
[1.611s] INFO:colcon.colcon_core.package_selection:Skipping not selected package 'serial_imu1' in 'ros2_ws/src/serial_imu1'
[1.654s] Level 1:colcon.colcon_core.package_discovery:discover_packages(prefix_path) check parameters
[1.654s] Level 1:colcon.colcon_core.package_discovery:discover_packages(prefix_path) discover
[1.697s] DEBUG:colcon.colcon_installed_package_information.package_discovery:Found 3 installed packages in /home/sajjad/Downloads/demo_ros2/install
[1.719s] DEBUG:colcon.colcon_installed_package_information.package_discovery:Found 270 installed packages in /opt/ros/humble
[1.720s] Level 1:colcon.colcon_core.package_discovery:discover_packages(prefix_path) using defaults
[1.836s] INFO:colcon.colcon_core.executor:Executing jobs using 'parallel' executor
[1.858s] DEBUG:colcon.colcon_parallel_executor.executor.parallel:run_until_complete
[1.858s] DEBUG:colcon.colcon_parallel_executor.executor.parallel:closing loop
[1.858s] DEBUG:colcon.colcon_parallel_executor.executor.parallel:loop closed
[1.859s] DEBUG:colcon.colcon_parallel_executor.executor.parallel:run_until_complete finished with '0'
[1.859s] DEBUG:colcon.colcon_core.event_reactor:joining thread
[1.889s] INFO:colcon.colcon_core.plugin_system:Skipping extension 'colcon_notification.desktop_notification.terminal_notifier': Not used on non-Darwin systems
[1.889s] INFO:colcon.colcon_core.plugin_system:Skipping extension 'colcon_notification.desktop_notification.win32': Not used on non-Windows systems
[1.889s] INFO:colcon.colcon_notification.desktop_notification:Sending desktop notification using 'notify2'
[1.910s] DEBUG:colcon.colcon_core.event_reactor:joined thread
[1.939s] INFO:colcon.colcon_core.plugin_system:Skipping extension 'colcon_core.shell.bat': Not used on non-Windows systems
[1.939s] INFO:colcon.colcon_core.shell:Creating prefix script '/home/sajjad/Downloads/demo_ros2/install/local_setup.ps1'
[1.940s] INFO:colcon.colcon_core.shell:Creating prefix util module '/home/sajjad/Downloads/demo_ros2/install/_local_setup_util_ps1.py'
[1.943s] INFO:colcon.colcon_core.shell:Creating prefix chain script '/home/sajjad/Downloads/demo_ros2/install/setup.ps1'
[1.968s] INFO:colcon.colcon_core.shell:Creating prefix script '/home/sajjad/Downloads/demo_ros2/install/local_setup.sh'
[1.969s] INFO:colcon.colcon_core.shell:Creating prefix util module '/home/sajjad/Downloads/demo_ros2/install/_local_setup_util_sh.py'
[1.969s] INFO:colcon.colcon_core.shell:Creating prefix chain script '/home/sajjad/Downloads/demo_ros2/install/setup.sh'
[1.994s] INFO:colcon.colcon_core.shell:Creating prefix script '/home/sajjad/Downloads/demo_ros2/install/local_setup.bash'
[1.995s] INFO:colcon.colcon_core.shell:Creating prefix chain script '/home/sajjad/Downloads/demo_ros2/install/setup.bash'
[2.019s] INFO:colcon.colcon_core.shell:Creating prefix script '/home/sajjad/Downloads/demo_ros2/install/local_setup.zsh'
[2.020s] INFO:colcon.colcon_core.shell:Creating prefix chain script '/home/sajjad/Downloads/demo_ros2/install/setup.zsh'
