[0.078s] Invoking command in '/home/sajjad/Downloads/demo_ros2/build/custom_msg1': CMAKE_PREFIX_PATH=/opt/ros/humble /usr/bin/cmake /home/sajjad/Downloads/demo_ros2/ros2_ws/src/custom_msg1 -DCMAKE_INSTALL_PREFIX=/home/sajjad/Downloads/demo_ros2/install/custom_msg1
[0.150s] -- The C compiler identification is GNU 11.4.0
[0.223s] -- The CXX compiler identification is GNU 11.4.0
[0.233s] -- Detecting C compiler ABI info
[0.321s] -- Detecting C compiler ABI info - done
[0.331s] -- Check for working C compiler: /usr/bin/cc - skipped
[0.331s] -- Detecting C compile features
[0.332s] -- Detecting C compile features - done
[0.335s] -- Detecting CXX compiler ABI info
[0.441s] -- Detecting CXX compiler ABI info - done
[0.451s] -- Check for working CXX compiler: /usr/bin/c++ - skipped
[0.451s] -- Detecting CXX compile features
[0.452s] -- Detecting CXX compile features - done
[0.455s] -- Found ament_cmake: 1.3.5 (/opt/ros/humble/share/ament_cmake/cmake)
[0.681s] -- Found Python3: /usr/bin/python3.10 (found version "3.10.12") found components: Interpreter 
[0.787s] -- Found rosidl_default_generators: 1.2.0 (/opt/ros/humble/share/rosidl_default_generators/cmake)
[0.790s] -- Using all available rosidl_typesupport_c: rosidl_typesupport_fastrtps_c;rosidl_typesupport_introspection_c
[0.797s] -- Found rosidl_adapter: 3.1.5 (/opt/ros/humble/share/rosidl_adapter/cmake)
[0.848s] -- Using all available rosidl_typesupport_cpp: rosidl_typesupport_fastrtps_cpp;rosidl_typesupport_introspection_cpp
[1.100s] [31mCMake Error at /opt/ros/humble/share/rosidl_adapter/cmake/rosidl_adapt_interfaces.cmake:59 (message):
[1.100s]   execute_process(/usr/bin/python3.10 -m rosidl_adapter --package-name
[1.101s]   custom_msg1 --arguments-file
[1.101s]   /home/sajjad/Downloads/demo_ros2/build/custom_msg1/rosidl_adapter__arguments__custom_msg1.json
[1.101s]   --output-dir
[1.101s]   /home/sajjad/Downloads/demo_ros2/build/custom_msg1/rosidl_adapter/custom_msg1
[1.101s]   --output-file
[1.101s]   /home/sajjad/Downloads/demo_ros2/build/custom_msg1/rosidl_adapter/custom_msg1.idls)
[1.101s]   returned error code 1:
[1.102s] 
[1.102s]   Error processing 'int volt' of 'custom_msg1/LogTf': ''int' is an invalid
[1.102s]   message name.  It should have the pattern '^[A-Z][A-Za-z0-9]*$''
[1.102s] 
[1.102s]   Traceback (most recent call last):
[1.102s] 
[1.102s]     File "/usr/lib/python3.10/runpy.py", line 196, in _run_module_as_main
[1.102s]       return _run_code(code, main_globals, None,
[1.103s]     File "/usr/lib/python3.10/runpy.py", line 86, in _run_code
[1.103s]       exec(code, run_globals)
[1.103s]     File "/opt/ros/humble/local/lib/python3.10/dist-packages/rosidl_adapter/__main__.py", line 19, in <module>
[1.103s]       sys.exit(main())
[1.103s]     File "/opt/ros/humble/local/lib/python3.10/dist-packages/rosidl_adapter/main.py", line 53, in main
[1.103s]       abs_idl_file = convert_to_idl(
[1.103s]     File "/opt/ros/humble/local/lib/python3.10/dist-packages/rosidl_adapter/__init__.py", line 19, in convert_to_idl
[1.103s]       return convert_msg_to_idl(
[1.104s]     File "/opt/ros/humble/local/lib/python3.10/dist-packages/rosidl_adapter/msg/__init__.py", line 28, in convert_msg_to_idl
[1.104s]       msg = parse_message_string(package_name, input_file.stem, content)
[1.104s]     File "/opt/ros/humble/local/lib/python3.10/dist-packages/rosidl_adapter/parser.py", line 520, in parse_message_string
[1.104s]       Type(type_string, context_package_name=pkg_name),
[1.104s]     File "/opt/ros/humble/local/lib/python3.10/dist-packages/rosidl_adapter/parser.py", line 277, in __init__
[1.104s]       super(Type, self).__init__(
[1.104s]     File "/opt/ros/humble/local/lib/python3.10/dist-packages/rosidl_adapter/parser.py", line 205, in __init__
[1.105s]       raise InvalidResourceName(
[1.105s] 
[1.105s]   rosidl_adapter.parser.InvalidResourceName: 'int' is an invalid message
[1.105s]   name.  It should have the pattern '^[A-Z][A-Za-z0-9]*$'
[1.105s] 
[1.105s] Call Stack (most recent call first):
[1.105s]   /opt/ros/humble/share/rosidl_cmake/cmake/rosidl_generate_interfaces.cmake:130 (rosidl_adapt_interfaces)
[1.105s]   CMakeLists.txt:13 (rosidl_generate_interfaces)
[1.106s] 
[1.106s] [0m
[1.106s] -- Configuring incomplete, errors occurred!
[1.106s] See also "/home/sajjad/Downloads/demo_ros2/build/custom_msg1/CMakeFiles/CMakeOutput.log".
[1.111s] Invoked command in '/home/sajjad/Downloads/demo_ros2/build/custom_msg1' returned '1': CMAKE_PREFIX_PATH=/opt/ros/humble /usr/bin/cmake /home/sajjad/Downloads/demo_ros2/ros2_ws/src/custom_msg1 -DCMAKE_INSTALL_PREFIX=/home/sajjad/Downloads/demo_ros2/install/custom_msg1
