[0.102s] Invoking command in '/home/sajjad/Downloads/demo_ros2/build/custom_msg1': CMAKE_PREFIX_PATH=${CMAKE_PREFIX_PATH}:/opt/ros/humble /usr/bin/cmake --build /home/sajjad/Downloads/demo_ros2/build/custom_msg1 -- -j4 -l4
[0.157s] Invoked command in '/home/sajjad/Downloads/demo_ros2/build/custom_msg1' returned '0': CMAKE_PREFIX_PATH=${CMAKE_PREFIX_PATH}:/opt/ros/humble /usr/bin/cmake --build /home/sajjad/Downloads/demo_ros2/build/custom_msg1 -- -j4 -l4
[0.199s] Invoking command in '/home/sajjad/Downloads/demo_ros2/build/custom_msg1': CMAKE_PREFIX_PATH=${CMAKE_PREFIX_PATH}:/opt/ros/humble /usr/bin/cmake --install /home/sajjad/Downloads/demo_ros2/build/custom_msg1
[0.210s] -- Install configuration: ""
[0.210s] -- Up-to-date: /home/sajjad/Downloads/demo_ros2/install/custom_msg1/share/ament_index/resource_index/package_run_dependencies/custom_msg1
[0.210s] -- Up-to-date: /home/sajjad/Downloads/demo_ros2/install/custom_msg1/share/ament_index/resource_index/parent_prefix_path/custom_msg1
[0.210s] -- Up-to-date: /home/sajjad/Downloads/demo_ros2/install/custom_msg1/share/custom_msg1/environment/ament_prefix_path.sh
[0.210s] -- Up-to-date: /home/sajjad/Downloads/demo_ros2/install/custom_msg1/share/custom_msg1/environment/ament_prefix_path.dsv
[0.211s] -- Up-to-date: /home/sajjad/Downloads/demo_ros2/install/custom_msg1/share/custom_msg1/environment/path.sh
[0.211s] -- Up-to-date: /home/sajjad/Downloads/demo_ros2/install/custom_msg1/share/custom_msg1/environment/path.dsv
[0.211s] -- Up-to-date: /home/sajjad/Downloads/demo_ros2/install/custom_msg1/share/custom_msg1/local_setup.bash
[0.211s] -- Up-to-date: /home/sajjad/Downloads/demo_ros2/install/custom_msg1/share/custom_msg1/local_setup.sh
[0.211s] -- Up-to-date: /home/sajjad/Downloads/demo_ros2/install/custom_msg1/share/custom_msg1/local_setup.zsh
[0.211s] -- Up-to-date: /home/sajjad/Downloads/demo_ros2/install/custom_msg1/share/custom_msg1/local_setup.dsv
[0.211s] -- Up-to-date: /home/sajjad/Downloads/demo_ros2/install/custom_msg1/share/custom_msg1/package.dsv
[0.212s] -- Up-to-date: /home/sajjad/Downloads/demo_ros2/install/custom_msg1/share/ament_index/resource_index/packages/custom_msg1
[0.212s] -- Up-to-date: /home/sajjad/Downloads/demo_ros2/install/custom_msg1/share/custom_msg1/cmake/ament_cmake_export_dependencies-extras.cmake
[0.212s] -- Up-to-date: /home/sajjad/Downloads/demo_ros2/install/custom_msg1/share/custom_msg1/cmake/custom_msg1Config.cmake
[0.212s] -- Up-to-date: /home/sajjad/Downloads/demo_ros2/install/custom_msg1/share/custom_msg1/cmake/custom_msg1Config-version.cmake
[0.212s] -- Up-to-date: /home/sajjad/Downloads/demo_ros2/install/custom_msg1/share/custom_msg1/package.xml
[0.214s] Invoked command in '/home/sajjad/Downloads/demo_ros2/build/custom_msg1' returned '0': CMAKE_PREFIX_PATH=${CMAKE_PREFIX_PATH}:/opt/ros/humble /usr/bin/cmake --install /home/sajjad/Downloads/demo_ros2/build/custom_msg1
