[0.078s] Invoking command in '/home/sajjad/Downloads/demo_ros2/build/custom_msg1': CMAKE_PREFIX_PATH=/opt/ros/humble /usr/bin/cmake /home/sajjad/Downloads/demo_ros2/ros2_ws/src/custom_msg1 -DCMAKE_INSTALL_PREFIX=/home/sajjad/Downloads/demo_ros2/install/custom_msg1
[0.095s] -- Found ament_cmake: 1.3.5 (/opt/ros/humble/share/ament_cmake/cmake)
[0.279s] -- Found rosidl_default_generators: 1.2.0 (/opt/ros/humble/share/rosidl_default_generators/cmake)
[0.281s] -- Using all available rosidl_typesupport_c: rosidl_typesupport_fastrtps_c;rosidl_typesupport_introspection_c
[0.285s] -- Found rosidl_adapter: 3.1.5 (/opt/ros/humble/share/rosidl_adapter/cmake)
[0.324s] -- Using all available rosidl_typesupport_cpp: rosidl_typesupport_fastrtps_cpp;rosidl_typesupport_introspection_cpp
[0.446s] -- Configuring done
[0.450s] -- Generating done
[0.451s] -- Build files have been written to: /home/sajjad/Downloads/demo_ros2/build/custom_msg1
[0.457s] Invoked command in '/home/sajjad/Downloads/demo_ros2/build/custom_msg1' returned '0': CMAKE_PREFIX_PATH=/opt/ros/humble /usr/bin/cmake /home/sajjad/Downloads/demo_ros2/ros2_ws/src/custom_msg1 -DCMAKE_INSTALL_PREFIX=/home/sajjad/Downloads/demo_ros2/install/custom_msg1
[0.460s] Invoking command in '/home/sajjad/Downloads/demo_ros2/build/custom_msg1': CMAKE_PREFIX_PATH=/opt/ros/humble /usr/bin/cmake --build /home/sajjad/Downloads/demo_ros2/build/custom_msg1 -- -j4 -l4
[0.510s] Invoked command in '/home/sajjad/Downloads/demo_ros2/build/custom_msg1' returned '0': CMAKE_PREFIX_PATH=/opt/ros/humble /usr/bin/cmake --build /home/sajjad/Downloads/demo_ros2/build/custom_msg1 -- -j4 -l4
[0.552s] Invoking command in '/home/sajjad/Downloads/demo_ros2/build/custom_msg1': CMAKE_PREFIX_PATH=/opt/ros/humble /usr/bin/cmake --install /home/sajjad/Downloads/demo_ros2/build/custom_msg1
[0.564s] -- Install configuration: ""
[0.564s] -- Installing: /home/sajjad/Downloads/demo_ros2/install/custom_msg1/share/ament_index/resource_index/package_run_dependencies/custom_msg1
[0.564s] -- Installing: /home/sajjad/Downloads/demo_ros2/install/custom_msg1/share/ament_index/resource_index/parent_prefix_path/custom_msg1
[0.565s] -- Installing: /home/sajjad/Downloads/demo_ros2/install/custom_msg1/share/custom_msg1/environment/ament_prefix_path.sh
[0.565s] -- Installing: /home/sajjad/Downloads/demo_ros2/install/custom_msg1/share/custom_msg1/environment/ament_prefix_path.dsv
[0.565s] -- Installing: /home/sajjad/Downloads/demo_ros2/install/custom_msg1/share/custom_msg1/environment/path.sh
[0.565s] -- Installing: /home/sajjad/Downloads/demo_ros2/install/custom_msg1/share/custom_msg1/environment/path.dsv
[0.566s] -- Installing: /home/sajjad/Downloads/demo_ros2/install/custom_msg1/share/custom_msg1/local_setup.bash
[0.566s] -- Installing: /home/sajjad/Downloads/demo_ros2/install/custom_msg1/share/custom_msg1/local_setup.sh
[0.566s] -- Installing: /home/sajjad/Downloads/demo_ros2/install/custom_msg1/share/custom_msg1/local_setup.zsh
[0.566s] -- Installing: /home/sajjad/Downloads/demo_ros2/install/custom_msg1/share/custom_msg1/local_setup.dsv
[0.567s] -- Installing: /home/sajjad/Downloads/demo_ros2/install/custom_msg1/share/custom_msg1/package.dsv
[0.567s] -- Installing: /home/sajjad/Downloads/demo_ros2/install/custom_msg1/share/ament_index/resource_index/packages/custom_msg1
[0.567s] -- Installing: /home/sajjad/Downloads/demo_ros2/install/custom_msg1/share/custom_msg1/cmake/ament_cmake_export_dependencies-extras.cmake
[0.567s] -- Installing: /home/sajjad/Downloads/demo_ros2/install/custom_msg1/share/custom_msg1/cmake/custom_msg1Config.cmake
[0.568s] -- Installing: /home/sajjad/Downloads/demo_ros2/install/custom_msg1/share/custom_msg1/cmake/custom_msg1Config-version.cmake
[0.568s] -- Installing: /home/sajjad/Downloads/demo_ros2/install/custom_msg1/share/custom_msg1/package.xml
[0.571s] Invoked command in '/home/sajjad/Downloads/demo_ros2/build/custom_msg1' returned '0': CMAKE_PREFIX_PATH=/opt/ros/humble /usr/bin/cmake --install /home/sajjad/Downloads/demo_ros2/build/custom_msg1
