[0.088s] Invoking command in '/home/sajjad/Downloads/demo_ros2/serial_imu_ws/build/serial_imu': CMAKE_PREFIX_PATH=/opt/ros/humble /usr/bin/cmake --build /home/sajjad/Downloads/demo_ros2/serial_imu_ws/build/serial_imu -- -j4 -l4
[0.159s] [ 60%] Built target talker
[0.160s] [100%] Built target listener
[0.174s] Invoked command in '/home/sajjad/Downloads/demo_ros2/serial_imu_ws/build/serial_imu' returned '0': CMAKE_PREFIX_PATH=/opt/ros/humble /usr/bin/cmake --build /home/sajjad/Downloads/demo_ros2/serial_imu_ws/build/serial_imu -- -j4 -l4
[0.228s] Invoking command in '/home/sajjad/Downloads/demo_ros2/serial_imu_ws/build/serial_imu': CMAKE_PREFIX_PATH=/opt/ros/humble /usr/bin/cmake --install /home/sajjad/Downloads/demo_ros2/serial_imu_ws/build/serial_imu
[0.237s] -- Install configuration: ""
[0.238s] -- Up-to-date: /home/sajjad/Downloads/demo_ros2/serial_imu_ws/install/serial_imu/lib/serial_imu/talker
[0.238s] -- Up-to-date: /home/sajjad/Downloads/demo_ros2/serial_imu_ws/install/serial_imu/lib/serial_imu/listener
[0.239s] -- Up-to-date: /home/sajjad/Downloads/demo_ros2/serial_imu_ws/install/serial_imu/share/serial_imu/launch
[0.239s] -- Up-to-date: /home/sajjad/Downloads/demo_ros2/serial_imu_ws/install/serial_imu/share/serial_imu/launch/imu_spec_msg.launch.py
[0.239s] -- Up-to-date: /home/sajjad/Downloads/demo_ros2/serial_imu_ws/install/serial_imu/share/ament_index/resource_index/package_run_dependencies/serial_imu
[0.239s] -- Up-to-date: /home/sajjad/Downloads/demo_ros2/serial_imu_ws/install/serial_imu/share/ament_index/resource_index/parent_prefix_path/serial_imu
[0.240s] -- Up-to-date: /home/sajjad/Downloads/demo_ros2/serial_imu_ws/install/serial_imu/share/serial_imu/environment/ament_prefix_path.sh
[0.240s] -- Up-to-date: /home/sajjad/Downloads/demo_ros2/serial_imu_ws/install/serial_imu/share/serial_imu/environment/ament_prefix_path.dsv
[0.240s] -- Up-to-date: /home/sajjad/Downloads/demo_ros2/serial_imu_ws/install/serial_imu/share/serial_imu/environment/path.sh
[0.241s] -- Up-to-date: /home/sajjad/Downloads/demo_ros2/serial_imu_ws/install/serial_imu/share/serial_imu/environment/path.dsv
[0.241s] -- Up-to-date: /home/sajjad/Downloads/demo_ros2/serial_imu_ws/install/serial_imu/share/serial_imu/local_setup.bash
[0.241s] -- Up-to-date: /home/sajjad/Downloads/demo_ros2/serial_imu_ws/install/serial_imu/share/serial_imu/local_setup.sh
[0.241s] -- Up-to-date: /home/sajjad/Downloads/demo_ros2/serial_imu_ws/install/serial_imu/share/serial_imu/local_setup.zsh
[0.241s] -- Up-to-date: /home/sajjad/Downloads/demo_ros2/serial_imu_ws/install/serial_imu/share/serial_imu/local_setup.dsv
[0.241s] -- Installing: /home/sajjad/Downloads/demo_ros2/serial_imu_ws/install/serial_imu/share/serial_imu/package.dsv
[0.241s] -- Up-to-date: /home/sajjad/Downloads/demo_ros2/serial_imu_ws/install/serial_imu/share/ament_index/resource_index/packages/serial_imu
[0.241s] -- Up-to-date: /home/sajjad/Downloads/demo_ros2/serial_imu_ws/install/serial_imu/share/serial_imu/cmake/serial_imuConfig.cmake
[0.242s] -- Up-to-date: /home/sajjad/Downloads/demo_ros2/serial_imu_ws/install/serial_imu/share/serial_imu/cmake/serial_imuConfig-version.cmake
[0.242s] -- Up-to-date: /home/sajjad/Downloads/demo_ros2/serial_imu_ws/install/serial_imu/share/serial_imu/package.xml
[0.243s] Invoked command in '/home/sajjad/Downloads/demo_ros2/serial_imu_ws/build/serial_imu' returned '0': CMAKE_PREFIX_PATH=/opt/ros/humble /usr/bin/cmake --install /home/sajjad/Downloads/demo_ros2/serial_imu_ws/build/serial_imu
