[1.410s] DEBUG:colcon:Command line arguments: ['/usr/bin/colcon', 'build', '--packages-select', 'pub_sub_custom_msg1']
[1.410s] DEBUG:colcon:Parsed command line arguments: Namespace(log_base=None, log_level=None, verb_name='build', build_base='build', install_base='install', merge_install=False, symlink_install=False, test_result_base=None, continue_on_error=False, executor='parallel', parallel_workers=4, event_handlers=None, ignore_user_meta=False, metas=['./colcon.meta'], base_paths=['.'], packages_ignore=None, packages_ignore_regex=None, paths=None, packages_up_to=None, packages_up_to_regex=None, packages_above=None, packages_above_and_dependencies=None, packages_above_depth=None, packages_select_by_dep=None, packages_skip_by_dep=None, packages_skip_up_to=None, packages_select_build_failed=False, packages_skip_build_finished=False, packages_select_test_failures=False, packages_skip_test_passed=False, packages_select=['pub_sub_custom_msg1'], packages_skip=None, packages_select_regex=None, packages_skip_regex=None, packages_start=None, packages_end=None, allow_overriding=[], cmake_args=None, cmake_target=None, cmake_target_skip_unavailable=False, cmake_clean_cache=False, cmake_clean_first=False, cmake_force_configure=False, ament_cmake_args=None, catkin_cmake_args=None, catkin_skip_building_tests=False, verb_parser=<colcon_defaults.argument_parser.defaults.DefaultArgumentsDecorator object at 0x7f539f2e3f10>, verb_extension=<colcon_core.verb.build.BuildVerb object at 0x7f53a01af190>, main=<bound method BuildVerb.main of <colcon_core.verb.build.BuildVerb object at 0x7f53a01af190>>)
[1.473s] Level 1:colcon.colcon_core.package_discovery:discover_packages(colcon_meta) check parameters
[1.474s] Level 1:colcon.colcon_core.package_discovery:discover_packages(recursive) check parameters
[1.474s] Level 1:colcon.colcon_core.package_discovery:discover_packages(ignore) check parameters
[1.474s] Level 1:colcon.colcon_core.package_discovery:discover_packages(path) check parameters
[1.474s] Level 1:colcon.colcon_core.package_discovery:discover_packages(colcon_meta) discover
[1.474s] Level 1:colcon.colcon_core.package_discovery:discover_packages(recursive) discover
[1.474s] INFO:colcon.colcon_core.package_discovery:Crawling recursively for packages in '/home/sajjad/Downloads/demo_ros2'
[1.474s] Level 1:colcon.colcon_core.package_identification:_identify(.) by extensions ['ignore', 'ignore_ament_install']
[1.474s] Level 1:colcon.colcon_core.package_identification:_identify(.) by extension 'ignore'
[1.474s] Level 1:colcon.colcon_core.package_identification:_identify(.) by extension 'ignore_ament_install'
[1.474s] Level 1:colcon.colcon_core.package_identification:_identify(.) by extensions ['colcon_pkg']
[1.474s] Level 1:colcon.colcon_core.package_identification:_identify(.) by extension 'colcon_pkg'
[1.474s] Level 1:colcon.colcon_core.package_identification:_identify(.) by extensions ['colcon_meta']
[1.474s] Level 1:colcon.colcon_core.package_identification:_identify(.) by extension 'colcon_meta'
[1.474s] Level 1:colcon.colcon_core.package_identification:_identify(.) by extensions ['ros']
[1.474s] Level 1:colcon.colcon_core.package_identification:_identify(.) by extension 'ros'
[1.487s] Level 1:colcon.colcon_core.package_identification:_identify(.) by extensions ['cmake', 'python']
[1.487s] Level 1:colcon.colcon_core.package_identification:_identify(.) by extension 'cmake'
[1.488s] Level 1:colcon.colcon_core.package_identification:_identify(.) by extension 'python'
[1.488s] Level 1:colcon.colcon_core.package_identification:_identify(.) by extensions ['python_setup_py']
[1.488s] Level 1:colcon.colcon_core.package_identification:_identify(.) by extension 'python_setup_py'
[1.488s] Level 1:colcon.colcon_core.package_identification:_identify(build) by extensions ['ignore', 'ignore_ament_install']
[1.488s] Level 1:colcon.colcon_core.package_identification:_identify(build) by extension 'ignore'
[1.488s] Level 1:colcon.colcon_core.package_identification:_identify(build) ignored
[1.488s] Level 1:colcon.colcon_core.package_identification:_identify(install) by extensions ['ignore', 'ignore_ament_install']
[1.488s] Level 1:colcon.colcon_core.package_identification:_identify(install) by extension 'ignore'
[1.488s] Level 1:colcon.colcon_core.package_identification:_identify(install) ignored
[1.488s] Level 1:colcon.colcon_core.package_identification:_identify(log) by extensions ['ignore', 'ignore_ament_install']
[1.488s] Level 1:colcon.colcon_core.package_identification:_identify(log) by extension 'ignore'
[1.488s] Level 1:colcon.colcon_core.package_identification:_identify(log) ignored
[1.489s] Level 1:colcon.colcon_core.package_identification:_identify(ros2_ws) by extensions ['ignore', 'ignore_ament_install']
[1.489s] Level 1:colcon.colcon_core.package_identification:_identify(ros2_ws) by extension 'ignore'
[1.489s] Level 1:colcon.colcon_core.package_identification:_identify(ros2_ws) by extension 'ignore_ament_install'
[1.489s] Level 1:colcon.colcon_core.package_identification:_identify(ros2_ws) by extensions ['colcon_pkg']
[1.489s] Level 1:colcon.colcon_core.package_identification:_identify(ros2_ws) by extension 'colcon_pkg'
[1.489s] Level 1:colcon.colcon_core.package_identification:_identify(ros2_ws) by extensions ['colcon_meta']
[1.489s] Level 1:colcon.colcon_core.package_identification:_identify(ros2_ws) by extension 'colcon_meta'
[1.489s] Level 1:colcon.colcon_core.package_identification:_identify(ros2_ws) by extensions ['ros']
[1.489s] Level 1:colcon.colcon_core.package_identification:_identify(ros2_ws) by extension 'ros'
[1.489s] Level 1:colcon.colcon_core.package_identification:_identify(ros2_ws) by extensions ['cmake', 'python']
[1.489s] Level 1:colcon.colcon_core.package_identification:_identify(ros2_ws) by extension 'cmake'
[1.489s] Level 1:colcon.colcon_core.package_identification:_identify(ros2_ws) by extension 'python'
[1.489s] Level 1:colcon.colcon_core.package_identification:_identify(ros2_ws) by extensions ['python_setup_py']
[1.489s] Level 1:colcon.colcon_core.package_identification:_identify(ros2_ws) by extension 'python_setup_py'
[1.489s] Level 1:colcon.colcon_core.package_identification:_identify(ros2_ws/build) by extensions ['ignore', 'ignore_ament_install']
[1.489s] Level 1:colcon.colcon_core.package_identification:_identify(ros2_ws/build) by extension 'ignore'
[1.489s] Level 1:colcon.colcon_core.package_identification:_identify(ros2_ws/build) ignored
[1.490s] Level 1:colcon.colcon_core.package_identification:_identify(ros2_ws/install) by extensions ['ignore', 'ignore_ament_install']
[1.490s] Level 1:colcon.colcon_core.package_identification:_identify(ros2_ws/install) by extension 'ignore'
[1.490s] Level 1:colcon.colcon_core.package_identification:_identify(ros2_ws/install) ignored
[1.490s] Level 1:colcon.colcon_core.package_identification:_identify(ros2_ws/log) by extensions ['ignore', 'ignore_ament_install']
[1.490s] Level 1:colcon.colcon_core.package_identification:_identify(ros2_ws/log) by extension 'ignore'
[1.490s] Level 1:colcon.colcon_core.package_identification:_identify(ros2_ws/log) ignored
[1.490s] Level 1:colcon.colcon_core.package_identification:_identify(ros2_ws/src) by extensions ['ignore', 'ignore_ament_install']
[1.490s] Level 1:colcon.colcon_core.package_identification:_identify(ros2_ws/src) by extension 'ignore'
[1.490s] Level 1:colcon.colcon_core.package_identification:_identify(ros2_ws/src) by extension 'ignore_ament_install'
[1.490s] Level 1:colcon.colcon_core.package_identification:_identify(ros2_ws/src) by extensions ['colcon_pkg']
[1.490s] Level 1:colcon.colcon_core.package_identification:_identify(ros2_ws/src) by extension 'colcon_pkg'
[1.490s] Level 1:colcon.colcon_core.package_identification:_identify(ros2_ws/src) by extensions ['colcon_meta']
[1.490s] Level 1:colcon.colcon_core.package_identification:_identify(ros2_ws/src) by extension 'colcon_meta'
[1.490s] Level 1:colcon.colcon_core.package_identification:_identify(ros2_ws/src) by extensions ['ros']
[1.491s] Level 1:colcon.colcon_core.package_identification:_identify(ros2_ws/src) by extension 'ros'
[1.491s] Level 1:colcon.colcon_core.package_identification:_identify(ros2_ws/src) by extensions ['cmake', 'python']
[1.491s] Level 1:colcon.colcon_core.package_identification:_identify(ros2_ws/src) by extension 'cmake'
[1.491s] Level 1:colcon.colcon_core.package_identification:_identify(ros2_ws/src) by extension 'python'
[1.491s] Level 1:colcon.colcon_core.package_identification:_identify(ros2_ws/src) by extensions ['python_setup_py']
[1.491s] Level 1:colcon.colcon_core.package_identification:_identify(ros2_ws/src) by extension 'python_setup_py'
[1.491s] Level 1:colcon.colcon_core.package_identification:_identify(ros2_ws/src/custom_msg) by extensions ['ignore', 'ignore_ament_install']
[1.491s] Level 1:colcon.colcon_core.package_identification:_identify(ros2_ws/src/custom_msg) by extension 'ignore'
[1.491s] Level 1:colcon.colcon_core.package_identification:_identify(ros2_ws/src/custom_msg) by extension 'ignore_ament_install'
[1.491s] Level 1:colcon.colcon_core.package_identification:_identify(ros2_ws/src/custom_msg) by extensions ['colcon_pkg']
[1.491s] Level 1:colcon.colcon_core.package_identification:_identify(ros2_ws/src/custom_msg) by extension 'colcon_pkg'
[1.491s] Level 1:colcon.colcon_core.package_identification:_identify(ros2_ws/src/custom_msg) by extensions ['colcon_meta']
[1.491s] Level 1:colcon.colcon_core.package_identification:_identify(ros2_ws/src/custom_msg) by extension 'colcon_meta'
[1.491s] Level 1:colcon.colcon_core.package_identification:_identify(ros2_ws/src/custom_msg) by extensions ['ros']
[1.491s] Level 1:colcon.colcon_core.package_identification:_identify(ros2_ws/src/custom_msg) by extension 'ros'
[1.494s] DEBUG:colcon.colcon_core.package_identification:Package 'ros2_ws/src/custom_msg' with type 'ros.ament_cmake' and name 'custom_msg'
[1.494s] Level 1:colcon.colcon_core.package_identification:_identify(ros2_ws/src/custom_msg1) by extensions ['ignore', 'ignore_ament_install']
[1.495s] Level 1:colcon.colcon_core.package_identification:_identify(ros2_ws/src/custom_msg1) by extension 'ignore'
[1.495s] Level 1:colcon.colcon_core.package_identification:_identify(ros2_ws/src/custom_msg1) by extension 'ignore_ament_install'
[1.495s] Level 1:colcon.colcon_core.package_identification:_identify(ros2_ws/src/custom_msg1) by extensions ['colcon_pkg']
[1.495s] Level 1:colcon.colcon_core.package_identification:_identify(ros2_ws/src/custom_msg1) by extension 'colcon_pkg'
[1.495s] Level 1:colcon.colcon_core.package_identification:_identify(ros2_ws/src/custom_msg1) by extensions ['colcon_meta']
[1.495s] Level 1:colcon.colcon_core.package_identification:_identify(ros2_ws/src/custom_msg1) by extension 'colcon_meta'
[1.495s] Level 1:colcon.colcon_core.package_identification:_identify(ros2_ws/src/custom_msg1) by extensions ['ros']
[1.495s] Level 1:colcon.colcon_core.package_identification:_identify(ros2_ws/src/custom_msg1) by extension 'ros'
[1.496s] DEBUG:colcon.colcon_core.package_identification:Package 'ros2_ws/src/custom_msg1' with type 'ros.ament_cmake' and name 'custom_msg1'
[1.496s] Level 1:colcon.colcon_core.package_identification:_identify(ros2_ws/src/my_robot_interfaces) by extensions ['ignore', 'ignore_ament_install']
[1.496s] Level 1:colcon.colcon_core.package_identification:_identify(ros2_ws/src/my_robot_interfaces) by extension 'ignore'
[1.496s] Level 1:colcon.colcon_core.package_identification:_identify(ros2_ws/src/my_robot_interfaces) by extension 'ignore_ament_install'
[1.496s] Level 1:colcon.colcon_core.package_identification:_identify(ros2_ws/src/my_robot_interfaces) by extensions ['colcon_pkg']
[1.496s] Level 1:colcon.colcon_core.package_identification:_identify(ros2_ws/src/my_robot_interfaces) by extension 'colcon_pkg'
[1.496s] Level 1:colcon.colcon_core.package_identification:_identify(ros2_ws/src/my_robot_interfaces) by extensions ['colcon_meta']
[1.496s] Level 1:colcon.colcon_core.package_identification:_identify(ros2_ws/src/my_robot_interfaces) by extension 'colcon_meta'
[1.496s] Level 1:colcon.colcon_core.package_identification:_identify(ros2_ws/src/my_robot_interfaces) by extensions ['ros']
[1.496s] Level 1:colcon.colcon_core.package_identification:_identify(ros2_ws/src/my_robot_interfaces) by extension 'ros'
[1.497s] DEBUG:colcon.colcon_core.package_identification:Package 'ros2_ws/src/my_robot_interfaces' with type 'ros.ament_cmake' and name 'my_robot_interfaces'
[1.497s] Level 1:colcon.colcon_core.package_identification:_identify(ros2_ws/src/pub_sub_custom_msg) by extensions ['ignore', 'ignore_ament_install']
[1.497s] Level 1:colcon.colcon_core.package_identification:_identify(ros2_ws/src/pub_sub_custom_msg) by extension 'ignore'
[1.497s] Level 1:colcon.colcon_core.package_identification:_identify(ros2_ws/src/pub_sub_custom_msg) by extension 'ignore_ament_install'
[1.497s] Level 1:colcon.colcon_core.package_identification:_identify(ros2_ws/src/pub_sub_custom_msg) by extensions ['colcon_pkg']
[1.498s] Level 1:colcon.colcon_core.package_identification:_identify(ros2_ws/src/pub_sub_custom_msg) by extension 'colcon_pkg'
[1.498s] Level 1:colcon.colcon_core.package_identification:_identify(ros2_ws/src/pub_sub_custom_msg) by extensions ['colcon_meta']
[1.498s] Level 1:colcon.colcon_core.package_identification:_identify(ros2_ws/src/pub_sub_custom_msg) by extension 'colcon_meta'
[1.498s] Level 1:colcon.colcon_core.package_identification:_identify(ros2_ws/src/pub_sub_custom_msg) by extensions ['ros']
[1.498s] Level 1:colcon.colcon_core.package_identification:_identify(ros2_ws/src/pub_sub_custom_msg) by extension 'ros'
[1.498s] DEBUG:colcon.colcon_core.package_identification:Package 'ros2_ws/src/pub_sub_custom_msg' with type 'ros.ament_cmake' and name 'pub_sub_custom_msg'
[1.499s] Level 1:colcon.colcon_core.package_identification:_identify(ros2_ws/src/pub_sub_custom_msg1) by extensions ['ignore', 'ignore_ament_install']
[1.499s] Level 1:colcon.colcon_core.package_identification:_identify(ros2_ws/src/pub_sub_custom_msg1) by extension 'ignore'
[1.499s] Level 1:colcon.colcon_core.package_identification:_identify(ros2_ws/src/pub_sub_custom_msg1) by extension 'ignore_ament_install'
[1.499s] Level 1:colcon.colcon_core.package_identification:_identify(ros2_ws/src/pub_sub_custom_msg1) by extensions ['colcon_pkg']
[1.499s] Level 1:colcon.colcon_core.package_identification:_identify(ros2_ws/src/pub_sub_custom_msg1) by extension 'colcon_pkg'
[1.499s] Level 1:colcon.colcon_core.package_identification:_identify(ros2_ws/src/pub_sub_custom_msg1) by extensions ['colcon_meta']
[1.499s] Level 1:colcon.colcon_core.package_identification:_identify(ros2_ws/src/pub_sub_custom_msg1) by extension 'colcon_meta'
[1.499s] Level 1:colcon.colcon_core.package_identification:_identify(ros2_ws/src/pub_sub_custom_msg1) by extensions ['ros']
[1.499s] Level 1:colcon.colcon_core.package_identification:_identify(ros2_ws/src/pub_sub_custom_msg1) by extension 'ros'
[1.500s] DEBUG:colcon.colcon_core.package_identification:Package 'ros2_ws/src/pub_sub_custom_msg1' with type 'ros.ament_cmake' and name 'pub_sub_custom_msg1'
[1.500s] Level 1:colcon.colcon_core.package_identification:_identify(ros2_ws/src/ros2_msg) by extensions ['ignore', 'ignore_ament_install']
[1.500s] Level 1:colcon.colcon_core.package_identification:_identify(ros2_ws/src/ros2_msg) by extension 'ignore'
[1.500s] Level 1:colcon.colcon_core.package_identification:_identify(ros2_ws/src/ros2_msg) by extension 'ignore_ament_install'
[1.500s] Level 1:colcon.colcon_core.package_identification:_identify(ros2_ws/src/ros2_msg) by extensions ['colcon_pkg']
[1.500s] Level 1:colcon.colcon_core.package_identification:_identify(ros2_ws/src/ros2_msg) by extension 'colcon_pkg'
[1.500s] Level 1:colcon.colcon_core.package_identification:_identify(ros2_ws/src/ros2_msg) by extensions ['colcon_meta']
[1.500s] Level 1:colcon.colcon_core.package_identification:_identify(ros2_ws/src/ros2_msg) by extension 'colcon_meta'
[1.500s] Level 1:colcon.colcon_core.package_identification:_identify(ros2_ws/src/ros2_msg) by extensions ['ros']
[1.500s] Level 1:colcon.colcon_core.package_identification:_identify(ros2_ws/src/ros2_msg) by extension 'ros'
[1.501s] DEBUG:colcon.colcon_core.package_identification:Package 'ros2_ws/src/ros2_msg' with type 'ros.ament_cmake' and name 'ros2_msg'
[1.501s] Level 1:colcon.colcon_core.package_identification:_identify(serial_imu_ws) by extensions ['ignore', 'ignore_ament_install']
[1.501s] Level 1:colcon.colcon_core.package_identification:_identify(serial_imu_ws) by extension 'ignore'
[1.501s] Level 1:colcon.colcon_core.package_identification:_identify(serial_imu_ws) by extension 'ignore_ament_install'
[1.501s] Level 1:colcon.colcon_core.package_identification:_identify(serial_imu_ws) by extensions ['colcon_pkg']
[1.501s] Level 1:colcon.colcon_core.package_identification:_identify(serial_imu_ws) by extension 'colcon_pkg'
[1.501s] Level 1:colcon.colcon_core.package_identification:_identify(serial_imu_ws) by extensions ['colcon_meta']
[1.501s] Level 1:colcon.colcon_core.package_identification:_identify(serial_imu_ws) by extension 'colcon_meta'
[1.502s] Level 1:colcon.colcon_core.package_identification:_identify(serial_imu_ws) by extensions ['ros']
[1.502s] Level 1:colcon.colcon_core.package_identification:_identify(serial_imu_ws) by extension 'ros'
[1.502s] Level 1:colcon.colcon_core.package_identification:_identify(serial_imu_ws) by extensions ['cmake', 'python']
[1.502s] Level 1:colcon.colcon_core.package_identification:_identify(serial_imu_ws) by extension 'cmake'
[1.502s] Level 1:colcon.colcon_core.package_identification:_identify(serial_imu_ws) by extension 'python'
[1.502s] Level 1:colcon.colcon_core.package_identification:_identify(serial_imu_ws) by extensions ['python_setup_py']
[1.502s] Level 1:colcon.colcon_core.package_identification:_identify(serial_imu_ws) by extension 'python_setup_py'
[1.502s] Level 1:colcon.colcon_core.package_identification:_identify(serial_imu_ws/build) by extensions ['ignore', 'ignore_ament_install']
[1.502s] Level 1:colcon.colcon_core.package_identification:_identify(serial_imu_ws/build) by extension 'ignore'
[1.502s] Level 1:colcon.colcon_core.package_identification:_identify(serial_imu_ws/build) ignored
[1.502s] Level 1:colcon.colcon_core.package_identification:_identify(serial_imu_ws/install) by extensions ['ignore', 'ignore_ament_install']
[1.502s] Level 1:colcon.colcon_core.package_identification:_identify(serial_imu_ws/install) by extension 'ignore'
[1.502s] Level 1:colcon.colcon_core.package_identification:_identify(serial_imu_ws/install) ignored
[1.502s] Level 1:colcon.colcon_core.package_identification:_identify(serial_imu_ws/log) by extensions ['ignore', 'ignore_ament_install']
[1.503s] Level 1:colcon.colcon_core.package_identification:_identify(serial_imu_ws/log) by extension 'ignore'
[1.503s] Level 1:colcon.colcon_core.package_identification:_identify(serial_imu_ws/log) ignored
[1.503s] Level 1:colcon.colcon_core.package_identification:_identify(serial_imu_ws/src) by extensions ['ignore', 'ignore_ament_install']
[1.503s] Level 1:colcon.colcon_core.package_identification:_identify(serial_imu_ws/src) by extension 'ignore'
[1.503s] Level 1:colcon.colcon_core.package_identification:_identify(serial_imu_ws/src) by extension 'ignore_ament_install'
[1.503s] Level 1:colcon.colcon_core.package_identification:_identify(serial_imu_ws/src) by extensions ['colcon_pkg']
[1.503s] Level 1:colcon.colcon_core.package_identification:_identify(serial_imu_ws/src) by extension 'colcon_pkg'
[1.503s] Level 1:colcon.colcon_core.package_identification:_identify(serial_imu_ws/src) by extensions ['colcon_meta']
[1.503s] Level 1:colcon.colcon_core.package_identification:_identify(serial_imu_ws/src) by extension 'colcon_meta'
[1.503s] Level 1:colcon.colcon_core.package_identification:_identify(serial_imu_ws/src) by extensions ['ros']
[1.503s] Level 1:colcon.colcon_core.package_identification:_identify(serial_imu_ws/src) by extension 'ros'
[1.503s] Level 1:colcon.colcon_core.package_identification:_identify(serial_imu_ws/src) by extensions ['cmake', 'python']
[1.503s] Level 1:colcon.colcon_core.package_identification:_identify(serial_imu_ws/src) by extension 'cmake'
[1.503s] Level 1:colcon.colcon_core.package_identification:_identify(serial_imu_ws/src) by extension 'python'
[1.503s] Level 1:colcon.colcon_core.package_identification:_identify(serial_imu_ws/src) by extensions ['python_setup_py']
[1.503s] Level 1:colcon.colcon_core.package_identification:_identify(serial_imu_ws/src) by extension 'python_setup_py'
[1.504s] Level 1:colcon.colcon_core.package_identification:_identify(serial_imu_ws/src/serial_imu) by extensions ['ignore', 'ignore_ament_install']
[1.504s] Level 1:colcon.colcon_core.package_identification:_identify(serial_imu_ws/src/serial_imu) by extension 'ignore'
[1.504s] Level 1:colcon.colcon_core.package_identification:_identify(serial_imu_ws/src/serial_imu) by extension 'ignore_ament_install'
[1.504s] Level 1:colcon.colcon_core.package_identification:_identify(serial_imu_ws/src/serial_imu) by extensions ['colcon_pkg']
[1.504s] Level 1:colcon.colcon_core.package_identification:_identify(serial_imu_ws/src/serial_imu) by extension 'colcon_pkg'
[1.504s] Level 1:colcon.colcon_core.package_identification:_identify(serial_imu_ws/src/serial_imu) by extensions ['colcon_meta']
[1.504s] Level 1:colcon.colcon_core.package_identification:_identify(serial_imu_ws/src/serial_imu) by extension 'colcon_meta'
[1.504s] Level 1:colcon.colcon_core.package_identification:_identify(serial_imu_ws/src/serial_imu) by extensions ['ros']
[1.504s] Level 1:colcon.colcon_core.package_identification:_identify(serial_imu_ws/src/serial_imu) by extension 'ros'
[1.505s] DEBUG:colcon.colcon_core.package_identification:Package 'serial_imu_ws/src/serial_imu' with type 'ros.ament_cmake' and name 'serial_imu'
[1.505s] Level 1:colcon.colcon_core.package_identification:_identify(serial_test) by extensions ['ignore', 'ignore_ament_install']
[1.505s] Level 1:colcon.colcon_core.package_identification:_identify(serial_test) by extension 'ignore'
[1.505s] Level 1:colcon.colcon_core.package_identification:_identify(serial_test) by extension 'ignore_ament_install'
[1.505s] Level 1:colcon.colcon_core.package_identification:_identify(serial_test) by extensions ['colcon_pkg']
[1.505s] Level 1:colcon.colcon_core.package_identification:_identify(serial_test) by extension 'colcon_pkg'
[1.505s] Level 1:colcon.colcon_core.package_identification:_identify(serial_test) by extensions ['colcon_meta']
[1.505s] Level 1:colcon.colcon_core.package_identification:_identify(serial_test) by extension 'colcon_meta'
[1.505s] Level 1:colcon.colcon_core.package_identification:_identify(serial_test) by extensions ['ros']
[1.505s] Level 1:colcon.colcon_core.package_identification:_identify(serial_test) by extension 'ros'
[1.505s] Level 1:colcon.colcon_core.package_identification:_identify(serial_test) by extensions ['cmake', 'python']
[1.505s] Level 1:colcon.colcon_core.package_identification:_identify(serial_test) by extension 'cmake'
[1.505s] Level 1:colcon.colcon_core.package_identification:_identify(serial_test) by extension 'python'
[1.505s] Level 1:colcon.colcon_core.package_identification:_identify(serial_test) by extensions ['python_setup_py']
[1.505s] Level 1:colcon.colcon_core.package_identification:_identify(serial_test) by extension 'python_setup_py'
[1.506s] Level 1:colcon.colcon_core.package_identification:_identify(serial_test/build) by extensions ['ignore', 'ignore_ament_install']
[1.506s] Level 1:colcon.colcon_core.package_identification:_identify(serial_test/build) by extension 'ignore'
[1.506s] Level 1:colcon.colcon_core.package_identification:_identify(serial_test/build) ignored
[1.506s] Level 1:colcon.colcon_core.package_identification:_identify(serial_test/install) by extensions ['ignore', 'ignore_ament_install']
[1.506s] Level 1:colcon.colcon_core.package_identification:_identify(serial_test/install) by extension 'ignore'
[1.506s] Level 1:colcon.colcon_core.package_identification:_identify(serial_test/install) ignored
[1.506s] Level 1:colcon.colcon_core.package_identification:_identify(serial_test/log) by extensions ['ignore', 'ignore_ament_install']
[1.506s] Level 1:colcon.colcon_core.package_identification:_identify(serial_test/log) by extension 'ignore'
[1.506s] Level 1:colcon.colcon_core.package_identification:_identify(serial_test/log) ignored
[1.506s] Level 1:colcon.colcon_core.package_identification:_identify(serial_test/src) by extensions ['ignore', 'ignore_ament_install']
[1.506s] Level 1:colcon.colcon_core.package_identification:_identify(serial_test/src) by extension 'ignore'
[1.506s] Level 1:colcon.colcon_core.package_identification:_identify(serial_test/src) by extension 'ignore_ament_install'
[1.507s] Level 1:colcon.colcon_core.package_identification:_identify(serial_test/src) by extensions ['colcon_pkg']
[1.507s] Level 1:colcon.colcon_core.package_identification:_identify(serial_test/src) by extension 'colcon_pkg'
[1.507s] Level 1:colcon.colcon_core.package_identification:_identify(serial_test/src) by extensions ['colcon_meta']
[1.507s] Level 1:colcon.colcon_core.package_identification:_identify(serial_test/src) by extension 'colcon_meta'
[1.507s] Level 1:colcon.colcon_core.package_identification:_identify(serial_test/src) by extensions ['ros']
[1.507s] Level 1:colcon.colcon_core.package_identification:_identify(serial_test/src) by extension 'ros'
[1.507s] Level 1:colcon.colcon_core.package_identification:_identify(serial_test/src) by extensions ['cmake', 'python']
[1.507s] Level 1:colcon.colcon_core.package_identification:_identify(serial_test/src) by extension 'cmake'
[1.507s] Level 1:colcon.colcon_core.package_identification:_identify(serial_test/src) by extension 'python'
[1.507s] Level 1:colcon.colcon_core.package_identification:_identify(serial_test/src) by extensions ['python_setup_py']
[1.507s] Level 1:colcon.colcon_core.package_identification:_identify(serial_test/src) by extension 'python_setup_py'
[1.507s] Level 1:colcon.colcon_core.package_identification:_identify(serial_test/src/serial_imu) by extensions ['ignore', 'ignore_ament_install']
[1.507s] Level 1:colcon.colcon_core.package_identification:_identify(serial_test/src/serial_imu) by extension 'ignore'
[1.507s] Level 1:colcon.colcon_core.package_identification:_identify(serial_test/src/serial_imu) by extension 'ignore_ament_install'
[1.507s] Level 1:colcon.colcon_core.package_identification:_identify(serial_test/src/serial_imu) by extensions ['colcon_pkg']
[1.507s] Level 1:colcon.colcon_core.package_identification:_identify(serial_test/src/serial_imu) by extension 'colcon_pkg'
[1.507s] Level 1:colcon.colcon_core.package_identification:_identify(serial_test/src/serial_imu) by extensions ['colcon_meta']
[1.507s] Level 1:colcon.colcon_core.package_identification:_identify(serial_test/src/serial_imu) by extension 'colcon_meta'
[1.508s] Level 1:colcon.colcon_core.package_identification:_identify(serial_test/src/serial_imu) by extensions ['ros']
[1.508s] Level 1:colcon.colcon_core.package_identification:_identify(serial_test/src/serial_imu) by extension 'ros'
[1.508s] DEBUG:colcon.colcon_core.package_identification:Package 'serial_test/src/serial_imu' with type 'ros.ament_cmake' and name 'serial_imu'
[1.509s] Level 1:colcon.colcon_core.package_discovery:discover_packages(recursive) using defaults
[1.509s] Level 1:colcon.colcon_core.package_discovery:discover_packages(ignore) discover
[1.509s] Level 1:colcon.colcon_core.package_discovery:discover_packages(ignore) using defaults
[1.509s] Level 1:colcon.colcon_core.package_discovery:discover_packages(path) discover
[1.509s] Level 1:colcon.colcon_core.package_discovery:discover_packages(path) using defaults
[1.595s] INFO:colcon.colcon_core.package_selection:Skipping not selected package 'custom_msg' in 'ros2_ws/src/custom_msg'
[1.595s] INFO:colcon.colcon_core.package_selection:Skipping not selected package 'custom_msg1' in 'ros2_ws/src/custom_msg1'
[1.595s] INFO:colcon.colcon_core.package_selection:Skipping not selected package 'my_robot_interfaces' in 'ros2_ws/src/my_robot_interfaces'
[1.595s] INFO:colcon.colcon_core.package_selection:Skipping not selected package 'ros2_msg' in 'ros2_ws/src/ros2_msg'
[1.595s] INFO:colcon.colcon_core.package_selection:Skipping not selected package 'serial_imu' in 'serial_imu_ws/src/serial_imu'
[1.595s] INFO:colcon.colcon_core.package_selection:Skipping not selected package 'serial_imu' in 'serial_test/src/serial_imu'
[1.595s] INFO:colcon.colcon_core.package_selection:Skipping not selected package 'pub_sub_custom_msg' in 'ros2_ws/src/pub_sub_custom_msg'
[1.636s] Level 1:colcon.colcon_core.package_discovery:discover_packages(prefix_path) check parameters
[1.636s] Level 1:colcon.colcon_core.package_discovery:discover_packages(prefix_path) discover
[1.680s] DEBUG:colcon.colcon_installed_package_information.package_discovery:Found 270 installed packages in /opt/ros/humble
[1.681s] Level 1:colcon.colcon_core.package_discovery:discover_packages(prefix_path) using defaults
[1.796s] Level 5:colcon.colcon_core.verb:set package 'pub_sub_custom_msg1' build argument 'cmake_args' from command line to 'None'
[1.796s] Level 5:colcon.colcon_core.verb:set package 'pub_sub_custom_msg1' build argument 'cmake_target' from command line to 'None'
[1.796s] Level 5:colcon.colcon_core.verb:set package 'pub_sub_custom_msg1' build argument 'cmake_target_skip_unavailable' from command line to 'False'
[1.796s] Level 5:colcon.colcon_core.verb:set package 'pub_sub_custom_msg1' build argument 'cmake_clean_cache' from command line to 'False'
[1.796s] Level 5:colcon.colcon_core.verb:set package 'pub_sub_custom_msg1' build argument 'cmake_clean_first' from command line to 'False'
[1.796s] Level 5:colcon.colcon_core.verb:set package 'pub_sub_custom_msg1' build argument 'cmake_force_configure' from command line to 'False'
[1.796s] Level 5:colcon.colcon_core.verb:set package 'pub_sub_custom_msg1' build argument 'ament_cmake_args' from command line to 'None'
[1.796s] Level 5:colcon.colcon_core.verb:set package 'pub_sub_custom_msg1' build argument 'catkin_cmake_args' from command line to 'None'
[1.796s] Level 5:colcon.colcon_core.verb:set package 'pub_sub_custom_msg1' build argument 'catkin_skip_building_tests' from command line to 'False'
[1.796s] DEBUG:colcon.colcon_core.verb:Building package 'pub_sub_custom_msg1' with the following arguments: {'ament_cmake_args': None, 'build_base': '/home/sajjad/Downloads/demo_ros2/build/pub_sub_custom_msg1', 'catkin_cmake_args': None, 'catkin_skip_building_tests': False, 'cmake_args': None, 'cmake_clean_cache': False, 'cmake_clean_first': False, 'cmake_force_configure': False, 'cmake_target': None, 'cmake_target_skip_unavailable': False, 'install_base': '/home/sajjad/Downloads/demo_ros2/install/pub_sub_custom_msg1', 'merge_install': False, 'path': '/home/sajjad/Downloads/demo_ros2/ros2_ws/src/pub_sub_custom_msg1', 'symlink_install': False, 'test_result_base': None}
[1.817s] INFO:colcon.colcon_core.executor:Executing jobs using 'parallel' executor
[1.839s] DEBUG:colcon.colcon_parallel_executor.executor.parallel:run_until_complete
[1.839s] INFO:colcon.colcon_ros.task.ament_cmake.build:Building ROS package in '/home/sajjad/Downloads/demo_ros2/ros2_ws/src/pub_sub_custom_msg1' with build type 'ament_cmake'
[1.839s] INFO:colcon.colcon_cmake.task.cmake.build:Building CMake package in '/home/sajjad/Downloads/demo_ros2/ros2_ws/src/pub_sub_custom_msg1'
[1.863s] INFO:colcon.colcon_core.plugin_system:Skipping extension 'colcon_core.shell.bat': Not used on non-Windows systems
[1.864s] INFO:colcon.colcon_core.shell:Skip shell extension 'powershell' for command environment: Not usable outside of PowerShell
[1.864s] DEBUG:colcon.colcon_core.shell:Skip shell extension 'dsv' for command environment
[1.923s] DEBUG:colcon.colcon_core.event_handler.log_command:Invoking command in '/home/sajjad/Downloads/demo_ros2/build/pub_sub_custom_msg1': AMENT_PREFIX_PATH=/home/sajjad/Downloads/demo_ros2/install/custom_msg1:${AMENT_PREFIX_PATH} CMAKE_PREFIX_PATH=/home/sajjad/Downloads/demo_ros2/install/custom_msg1:/opt/ros/humble LD_LIBRARY_PATH=/home/sajjad/Downloads/demo_ros2/install/custom_msg1/lib:${LD_LIBRARY_PATH} PYTHONPATH=/home/sajjad/Downloads/demo_ros2/install/custom_msg1/local/lib/python3.10/dist-packages:${PYTHONPATH} /usr/bin/cmake /home/sajjad/Downloads/demo_ros2/ros2_ws/src/pub_sub_custom_msg1 -DCMAKE_INSTALL_PREFIX=/home/sajjad/Downloads/demo_ros2/install/pub_sub_custom_msg1
[3.712s] DEBUG:colcon.colcon_core.event_handler.log_command:Invoked command in '/home/sajjad/Downloads/demo_ros2/build/pub_sub_custom_msg1' returned '0': AMENT_PREFIX_PATH=/home/sajjad/Downloads/demo_ros2/install/custom_msg1:${AMENT_PREFIX_PATH} CMAKE_PREFIX_PATH=/home/sajjad/Downloads/demo_ros2/install/custom_msg1:/opt/ros/humble LD_LIBRARY_PATH=/home/sajjad/Downloads/demo_ros2/install/custom_msg1/lib:${LD_LIBRARY_PATH} PYTHONPATH=/home/sajjad/Downloads/demo_ros2/install/custom_msg1/local/lib/python3.10/dist-packages:${PYTHONPATH} /usr/bin/cmake /home/sajjad/Downloads/demo_ros2/ros2_ws/src/pub_sub_custom_msg1 -DCMAKE_INSTALL_PREFIX=/home/sajjad/Downloads/demo_ros2/install/pub_sub_custom_msg1
[3.715s] DEBUG:colcon.colcon_core.event_handler.log_command:Invoking command in '/home/sajjad/Downloads/demo_ros2/build/pub_sub_custom_msg1': AMENT_PREFIX_PATH=/home/sajjad/Downloads/demo_ros2/install/custom_msg1:${AMENT_PREFIX_PATH} CMAKE_PREFIX_PATH=/home/sajjad/Downloads/demo_ros2/install/custom_msg1:/opt/ros/humble LD_LIBRARY_PATH=/home/sajjad/Downloads/demo_ros2/install/custom_msg1/lib:${LD_LIBRARY_PATH} PYTHONPATH=/home/sajjad/Downloads/demo_ros2/install/custom_msg1/local/lib/python3.10/dist-packages:${PYTHONPATH} /usr/bin/cmake --build /home/sajjad/Downloads/demo_ros2/build/pub_sub_custom_msg1 -- -j4 -l4
[15.175s] DEBUG:colcon.colcon_core.event_handler.log_command:Invoked command in '/home/sajjad/Downloads/demo_ros2/build/pub_sub_custom_msg1' returned '0': AMENT_PREFIX_PATH=/home/sajjad/Downloads/demo_ros2/install/custom_msg1:${AMENT_PREFIX_PATH} CMAKE_PREFIX_PATH=/home/sajjad/Downloads/demo_ros2/install/custom_msg1:/opt/ros/humble LD_LIBRARY_PATH=/home/sajjad/Downloads/demo_ros2/install/custom_msg1/lib:${LD_LIBRARY_PATH} PYTHONPATH=/home/sajjad/Downloads/demo_ros2/install/custom_msg1/local/lib/python3.10/dist-packages:${PYTHONPATH} /usr/bin/cmake --build /home/sajjad/Downloads/demo_ros2/build/pub_sub_custom_msg1 -- -j4 -l4
[15.227s] DEBUG:colcon.colcon_core.event_handler.log_command:Invoking command in '/home/sajjad/Downloads/demo_ros2/build/pub_sub_custom_msg1': AMENT_PREFIX_PATH=/home/sajjad/Downloads/demo_ros2/install/custom_msg1:${AMENT_PREFIX_PATH} CMAKE_PREFIX_PATH=/home/sajjad/Downloads/demo_ros2/install/custom_msg1:/opt/ros/humble LD_LIBRARY_PATH=/home/sajjad/Downloads/demo_ros2/install/custom_msg1/lib:${LD_LIBRARY_PATH} PYTHONPATH=/home/sajjad/Downloads/demo_ros2/install/custom_msg1/local/lib/python3.10/dist-packages:${PYTHONPATH} /usr/bin/cmake --install /home/sajjad/Downloads/demo_ros2/build/pub_sub_custom_msg1
[15.253s] Level 1:colcon.colcon_core.environment:create_environment_scripts_only(pub_sub_custom_msg1)
[15.254s] DEBUG:colcon.colcon_core.event_handler.log_command:Invoked command in '/home/sajjad/Downloads/demo_ros2/build/pub_sub_custom_msg1' returned '0': AMENT_PREFIX_PATH=/home/sajjad/Downloads/demo_ros2/install/custom_msg1:${AMENT_PREFIX_PATH} CMAKE_PREFIX_PATH=/home/sajjad/Downloads/demo_ros2/install/custom_msg1:/opt/ros/humble LD_LIBRARY_PATH=/home/sajjad/Downloads/demo_ros2/install/custom_msg1/lib:${LD_LIBRARY_PATH} PYTHONPATH=/home/sajjad/Downloads/demo_ros2/install/custom_msg1/local/lib/python3.10/dist-packages:${PYTHONPATH} /usr/bin/cmake --install /home/sajjad/Downloads/demo_ros2/build/pub_sub_custom_msg1
[15.277s] Level 1:colcon.colcon_core.environment:checking '/home/sajjad/Downloads/demo_ros2/install/pub_sub_custom_msg1' for CMake module files
[15.278s] Level 1:colcon.colcon_core.environment:checking '/home/sajjad/Downloads/demo_ros2/install/pub_sub_custom_msg1' for CMake config files
[15.278s] Level 1:colcon.colcon_core.shell:create_environment_hook('pub_sub_custom_msg1', 'cmake_prefix_path')
[15.299s] INFO:colcon.colcon_core.shell:Creating environment hook '/home/sajjad/Downloads/demo_ros2/install/pub_sub_custom_msg1/share/pub_sub_custom_msg1/hook/cmake_prefix_path.ps1'
[15.300s] INFO:colcon.colcon_core.shell:Creating environment descriptor '/home/sajjad/Downloads/demo_ros2/install/pub_sub_custom_msg1/share/pub_sub_custom_msg1/hook/cmake_prefix_path.dsv'
[15.301s] INFO:colcon.colcon_core.shell:Creating environment hook '/home/sajjad/Downloads/demo_ros2/install/pub_sub_custom_msg1/share/pub_sub_custom_msg1/hook/cmake_prefix_path.sh'
[15.301s] Level 1:colcon.colcon_core.environment:checking '/home/sajjad/Downloads/demo_ros2/install/pub_sub_custom_msg1/lib'
[15.302s] Level 1:colcon.colcon_core.environment:checking '/home/sajjad/Downloads/demo_ros2/install/pub_sub_custom_msg1/bin'
[15.302s] Level 1:colcon.colcon_core.environment:checking '/home/sajjad/Downloads/demo_ros2/install/pub_sub_custom_msg1/lib/pkgconfig/pub_sub_custom_msg1.pc'
[15.302s] Level 1:colcon.colcon_core.environment:checking '/home/sajjad/Downloads/demo_ros2/install/pub_sub_custom_msg1/lib/python3.10/site-packages'
[15.302s] Level 1:colcon.colcon_core.environment:checking '/home/sajjad/Downloads/demo_ros2/install/pub_sub_custom_msg1/bin'
[15.324s] INFO:colcon.colcon_core.shell:Creating package script '/home/sajjad/Downloads/demo_ros2/install/pub_sub_custom_msg1/share/pub_sub_custom_msg1/package.ps1'
[15.325s] INFO:colcon.colcon_core.shell:Creating package descriptor '/home/sajjad/Downloads/demo_ros2/install/pub_sub_custom_msg1/share/pub_sub_custom_msg1/package.dsv'
[15.326s] INFO:colcon.colcon_core.shell:Creating package script '/home/sajjad/Downloads/demo_ros2/install/pub_sub_custom_msg1/share/pub_sub_custom_msg1/package.sh'
[15.326s] INFO:colcon.colcon_core.shell:Creating package script '/home/sajjad/Downloads/demo_ros2/install/pub_sub_custom_msg1/share/pub_sub_custom_msg1/package.bash'
[15.328s] INFO:colcon.colcon_core.shell:Creating package script '/home/sajjad/Downloads/demo_ros2/install/pub_sub_custom_msg1/share/pub_sub_custom_msg1/package.zsh'
[15.330s] Level 1:colcon.colcon_core.environment:create_file_with_runtime_dependencies(/home/sajjad/Downloads/demo_ros2/install/pub_sub_custom_msg1/share/colcon-core/packages/pub_sub_custom_msg1)
[15.388s] Level 1:colcon.colcon_core.environment:create_environment_scripts_only(pub_sub_custom_msg1)
[15.409s] Level 1:colcon.colcon_core.environment:checking '/home/sajjad/Downloads/demo_ros2/install/pub_sub_custom_msg1' for CMake module files
[15.410s] Level 1:colcon.colcon_core.environment:checking '/home/sajjad/Downloads/demo_ros2/install/pub_sub_custom_msg1' for CMake config files
[15.410s] Level 1:colcon.colcon_core.shell:create_environment_hook('pub_sub_custom_msg1', 'cmake_prefix_path')
[15.434s] INFO:colcon.colcon_core.shell:Creating environment hook '/home/sajjad/Downloads/demo_ros2/install/pub_sub_custom_msg1/share/pub_sub_custom_msg1/hook/cmake_prefix_path.ps1'
[15.434s] INFO:colcon.colcon_core.shell:Creating environment descriptor '/home/sajjad/Downloads/demo_ros2/install/pub_sub_custom_msg1/share/pub_sub_custom_msg1/hook/cmake_prefix_path.dsv'
[15.435s] INFO:colcon.colcon_core.shell:Creating environment hook '/home/sajjad/Downloads/demo_ros2/install/pub_sub_custom_msg1/share/pub_sub_custom_msg1/hook/cmake_prefix_path.sh'
[15.436s] Level 1:colcon.colcon_core.environment:checking '/home/sajjad/Downloads/demo_ros2/install/pub_sub_custom_msg1/lib'
[15.436s] Level 1:colcon.colcon_core.environment:checking '/home/sajjad/Downloads/demo_ros2/install/pub_sub_custom_msg1/bin'
[15.436s] Level 1:colcon.colcon_core.environment:checking '/home/sajjad/Downloads/demo_ros2/install/pub_sub_custom_msg1/lib/pkgconfig/pub_sub_custom_msg1.pc'
[15.436s] Level 1:colcon.colcon_core.environment:checking '/home/sajjad/Downloads/demo_ros2/install/pub_sub_custom_msg1/lib/python3.10/site-packages'
[15.436s] Level 1:colcon.colcon_core.environment:checking '/home/sajjad/Downloads/demo_ros2/install/pub_sub_custom_msg1/bin'
[15.457s] INFO:colcon.colcon_core.shell:Creating package script '/home/sajjad/Downloads/demo_ros2/install/pub_sub_custom_msg1/share/pub_sub_custom_msg1/package.ps1'
[15.458s] INFO:colcon.colcon_core.shell:Creating package descriptor '/home/sajjad/Downloads/demo_ros2/install/pub_sub_custom_msg1/share/pub_sub_custom_msg1/package.dsv'
[15.458s] INFO:colcon.colcon_core.shell:Creating package script '/home/sajjad/Downloads/demo_ros2/install/pub_sub_custom_msg1/share/pub_sub_custom_msg1/package.sh'
[15.459s] INFO:colcon.colcon_core.shell:Creating package script '/home/sajjad/Downloads/demo_ros2/install/pub_sub_custom_msg1/share/pub_sub_custom_msg1/package.bash'
[15.459s] INFO:colcon.colcon_core.shell:Creating package script '/home/sajjad/Downloads/demo_ros2/install/pub_sub_custom_msg1/share/pub_sub_custom_msg1/package.zsh'
[15.460s] Level 1:colcon.colcon_core.environment:create_file_with_runtime_dependencies(/home/sajjad/Downloads/demo_ros2/install/pub_sub_custom_msg1/share/colcon-core/packages/pub_sub_custom_msg1)
[15.460s] DEBUG:colcon.colcon_parallel_executor.executor.parallel:closing loop
[15.460s] DEBUG:colcon.colcon_parallel_executor.executor.parallel:loop closed
[15.460s] DEBUG:colcon.colcon_parallel_executor.executor.parallel:run_until_complete finished with '0'
[15.461s] DEBUG:colcon.colcon_core.event_reactor:joining thread
[15.509s] INFO:colcon.colcon_core.plugin_system:Skipping extension 'colcon_notification.desktop_notification.terminal_notifier': Not used on non-Darwin systems
[15.509s] INFO:colcon.colcon_core.plugin_system:Skipping extension 'colcon_notification.desktop_notification.win32': Not used on non-Windows systems
[15.509s] INFO:colcon.colcon_notification.desktop_notification:Sending desktop notification using 'notify2'
[15.525s] DEBUG:colcon.colcon_core.event_reactor:joined thread
[15.548s] INFO:colcon.colcon_core.shell:Creating prefix script '/home/sajjad/Downloads/demo_ros2/install/local_setup.ps1'
[15.549s] INFO:colcon.colcon_core.shell:Creating prefix util module '/home/sajjad/Downloads/demo_ros2/install/_local_setup_util_ps1.py'
[15.550s] INFO:colcon.colcon_core.shell:Creating prefix chain script '/home/sajjad/Downloads/demo_ros2/install/setup.ps1'
[15.574s] INFO:colcon.colcon_core.shell:Creating prefix script '/home/sajjad/Downloads/demo_ros2/install/local_setup.sh'
[15.575s] INFO:colcon.colcon_core.shell:Creating prefix util module '/home/sajjad/Downloads/demo_ros2/install/_local_setup_util_sh.py'
[15.575s] INFO:colcon.colcon_core.shell:Creating prefix chain script '/home/sajjad/Downloads/demo_ros2/install/setup.sh'
[15.598s] INFO:colcon.colcon_core.shell:Creating prefix script '/home/sajjad/Downloads/demo_ros2/install/local_setup.bash'
[15.598s] INFO:colcon.colcon_core.shell:Creating prefix chain script '/home/sajjad/Downloads/demo_ros2/install/setup.bash'
[15.621s] INFO:colcon.colcon_core.shell:Creating prefix script '/home/sajjad/Downloads/demo_ros2/install/local_setup.zsh'
[15.621s] INFO:colcon.colcon_core.shell:Creating prefix chain script '/home/sajjad/Downloads/demo_ros2/install/setup.zsh'
