[1.404s] DEBUG:colcon:Command line arguments: ['/usr/bin/colcon', 'build']
[1.404s] DEBUG:colcon:Parsed command line arguments: Namespace(log_base=None, log_level=None, verb_name='build', build_base='build', install_base='install', merge_install=False, symlink_install=False, test_result_base=None, continue_on_error=False, executor='parallel', parallel_workers=4, event_handlers=None, ignore_user_meta=False, metas=['./colcon.meta'], base_paths=['.'], packages_ignore=None, packages_ignore_regex=None, paths=None, packages_up_to=None, packages_up_to_regex=None, packages_above=None, packages_above_and_dependencies=None, packages_above_depth=None, packages_select_by_dep=None, packages_skip_by_dep=None, packages_skip_up_to=None, packages_select_build_failed=False, packages_skip_build_finished=False, packages_select_test_failures=False, packages_skip_test_passed=False, packages_select=None, packages_skip=None, packages_select_regex=None, packages_skip_regex=None, packages_start=None, packages_end=None, allow_overriding=[], cmake_args=None, cmake_target=None, cmake_target_skip_unavailable=False, cmake_clean_cache=False, cmake_clean_first=False, cmake_force_configure=False, ament_cmake_args=None, catkin_cmake_args=None, catkin_skip_building_tests=False, verb_parser=<colcon_defaults.argument_parser.defaults.DefaultArgumentsDecorator object at 0x7f8abd8e06a0>, verb_extension=<colcon_core.verb.build.BuildVerb object at 0x7f8abe73f130>, main=<bound method BuildVerb.main of <colcon_core.verb.build.BuildVerb object at 0x7f8abe73f130>>)
[1.467s] Level 1:colcon.colcon_core.package_discovery:discover_packages(colcon_meta) check parameters
[1.467s] Level 1:colcon.colcon_core.package_discovery:discover_packages(recursive) check parameters
[1.467s] Level 1:colcon.colcon_core.package_discovery:discover_packages(ignore) check parameters
[1.467s] Level 1:colcon.colcon_core.package_discovery:discover_packages(path) check parameters
[1.467s] Level 1:colcon.colcon_core.package_discovery:discover_packages(colcon_meta) discover
[1.467s] Level 1:colcon.colcon_core.package_discovery:discover_packages(recursive) discover
[1.467s] INFO:colcon.colcon_core.package_discovery:Crawling recursively for packages in '/home/sajjad/Downloads/demo_ros2/serial_imu_ws'
[1.468s] Level 1:colcon.colcon_core.package_identification:_identify(.) by extensions ['ignore', 'ignore_ament_install']
[1.468s] Level 1:colcon.colcon_core.package_identification:_identify(.) by extension 'ignore'
[1.468s] Level 1:colcon.colcon_core.package_identification:_identify(.) by extension 'ignore_ament_install'
[1.468s] Level 1:colcon.colcon_core.package_identification:_identify(.) by extensions ['colcon_pkg']
[1.468s] Level 1:colcon.colcon_core.package_identification:_identify(.) by extension 'colcon_pkg'
[1.468s] Level 1:colcon.colcon_core.package_identification:_identify(.) by extensions ['colcon_meta']
[1.468s] Level 1:colcon.colcon_core.package_identification:_identify(.) by extension 'colcon_meta'
[1.468s] Level 1:colcon.colcon_core.package_identification:_identify(.) by extensions ['ros']
[1.468s] Level 1:colcon.colcon_core.package_identification:_identify(.) by extension 'ros'
[1.481s] Level 1:colcon.colcon_core.package_identification:_identify(.) by extensions ['cmake', 'python']
[1.481s] Level 1:colcon.colcon_core.package_identification:_identify(.) by extension 'cmake'
[1.481s] Level 1:colcon.colcon_core.package_identification:_identify(.) by extension 'python'
[1.481s] Level 1:colcon.colcon_core.package_identification:_identify(.) by extensions ['python_setup_py']
[1.481s] Level 1:colcon.colcon_core.package_identification:_identify(.) by extension 'python_setup_py'
[1.481s] Level 1:colcon.colcon_core.package_identification:_identify(build) by extensions ['ignore', 'ignore_ament_install']
[1.481s] Level 1:colcon.colcon_core.package_identification:_identify(build) by extension 'ignore'
[1.481s] Level 1:colcon.colcon_core.package_identification:_identify(build) ignored
[1.481s] Level 1:colcon.colcon_core.package_identification:_identify(install) by extensions ['ignore', 'ignore_ament_install']
[1.482s] Level 1:colcon.colcon_core.package_identification:_identify(install) by extension 'ignore'
[1.482s] Level 1:colcon.colcon_core.package_identification:_identify(install) ignored
[1.482s] Level 1:colcon.colcon_core.package_identification:_identify(log) by extensions ['ignore', 'ignore_ament_install']
[1.482s] Level 1:colcon.colcon_core.package_identification:_identify(log) by extension 'ignore'
[1.482s] Level 1:colcon.colcon_core.package_identification:_identify(log) ignored
[1.482s] Level 1:colcon.colcon_core.package_identification:_identify(src) by extensions ['ignore', 'ignore_ament_install']
[1.482s] Level 1:colcon.colcon_core.package_identification:_identify(src) by extension 'ignore'
[1.482s] Level 1:colcon.colcon_core.package_identification:_identify(src) by extension 'ignore_ament_install'
[1.482s] Level 1:colcon.colcon_core.package_identification:_identify(src) by extensions ['colcon_pkg']
[1.482s] Level 1:colcon.colcon_core.package_identification:_identify(src) by extension 'colcon_pkg'
[1.482s] Level 1:colcon.colcon_core.package_identification:_identify(src) by extensions ['colcon_meta']
[1.482s] Level 1:colcon.colcon_core.package_identification:_identify(src) by extension 'colcon_meta'
[1.482s] Level 1:colcon.colcon_core.package_identification:_identify(src) by extensions ['ros']
[1.482s] Level 1:colcon.colcon_core.package_identification:_identify(src) by extension 'ros'
[1.482s] Level 1:colcon.colcon_core.package_identification:_identify(src) by extensions ['cmake', 'python']
[1.482s] Level 1:colcon.colcon_core.package_identification:_identify(src) by extension 'cmake'
[1.483s] Level 1:colcon.colcon_core.package_identification:_identify(src) by extension 'python'
[1.483s] Level 1:colcon.colcon_core.package_identification:_identify(src) by extensions ['python_setup_py']
[1.483s] Level 1:colcon.colcon_core.package_identification:_identify(src) by extension 'python_setup_py'
[1.483s] Level 1:colcon.colcon_core.package_identification:_identify(src/serial_imu) by extensions ['ignore', 'ignore_ament_install']
[1.483s] Level 1:colcon.colcon_core.package_identification:_identify(src/serial_imu) by extension 'ignore'
[1.483s] Level 1:colcon.colcon_core.package_identification:_identify(src/serial_imu) by extension 'ignore_ament_install'
[1.483s] Level 1:colcon.colcon_core.package_identification:_identify(src/serial_imu) by extensions ['colcon_pkg']
[1.483s] Level 1:colcon.colcon_core.package_identification:_identify(src/serial_imu) by extension 'colcon_pkg'
[1.483s] Level 1:colcon.colcon_core.package_identification:_identify(src/serial_imu) by extensions ['colcon_meta']
[1.483s] Level 1:colcon.colcon_core.package_identification:_identify(src/serial_imu) by extension 'colcon_meta'
[1.483s] Level 1:colcon.colcon_core.package_identification:_identify(src/serial_imu) by extensions ['ros']
[1.483s] Level 1:colcon.colcon_core.package_identification:_identify(src/serial_imu) by extension 'ros'
[1.486s] DEBUG:colcon.colcon_core.package_identification:Package 'src/serial_imu' with type 'ros.ament_cmake' and name 'serial_imu'
[1.486s] Level 1:colcon.colcon_core.package_discovery:discover_packages(recursive) using defaults
[1.486s] Level 1:colcon.colcon_core.package_discovery:discover_packages(ignore) discover
[1.486s] Level 1:colcon.colcon_core.package_discovery:discover_packages(ignore) using defaults
[1.486s] Level 1:colcon.colcon_core.package_discovery:discover_packages(path) discover
[1.486s] Level 1:colcon.colcon_core.package_discovery:discover_packages(path) using defaults
[1.612s] Level 1:colcon.colcon_core.package_discovery:discover_packages(prefix_path) check parameters
[1.612s] Level 1:colcon.colcon_core.package_discovery:discover_packages(prefix_path) discover
[1.655s] DEBUG:colcon.colcon_installed_package_information.package_discovery:Found 1 installed packages in /home/sajjad/Downloads/demo_ros2/serial_imu_ws/install
[1.676s] DEBUG:colcon.colcon_installed_package_information.package_discovery:Found 270 installed packages in /opt/ros/humble
[1.678s] Level 1:colcon.colcon_core.package_discovery:discover_packages(prefix_path) using defaults
[1.792s] Level 5:colcon.colcon_core.verb:set package 'serial_imu' build argument 'cmake_args' from command line to 'None'
[1.792s] Level 5:colcon.colcon_core.verb:set package 'serial_imu' build argument 'cmake_target' from command line to 'None'
[1.792s] Level 5:colcon.colcon_core.verb:set package 'serial_imu' build argument 'cmake_target_skip_unavailable' from command line to 'False'
[1.792s] Level 5:colcon.colcon_core.verb:set package 'serial_imu' build argument 'cmake_clean_cache' from command line to 'False'
[1.792s] Level 5:colcon.colcon_core.verb:set package 'serial_imu' build argument 'cmake_clean_first' from command line to 'False'
[1.792s] Level 5:colcon.colcon_core.verb:set package 'serial_imu' build argument 'cmake_force_configure' from command line to 'False'
[1.792s] Level 5:colcon.colcon_core.verb:set package 'serial_imu' build argument 'ament_cmake_args' from command line to 'None'
[1.792s] Level 5:colcon.colcon_core.verb:set package 'serial_imu' build argument 'catkin_cmake_args' from command line to 'None'
[1.792s] Level 5:colcon.colcon_core.verb:set package 'serial_imu' build argument 'catkin_skip_building_tests' from command line to 'False'
[1.792s] DEBUG:colcon.colcon_core.verb:Building package 'serial_imu' with the following arguments: {'ament_cmake_args': None, 'build_base': '/home/sajjad/Downloads/demo_ros2/serial_imu_ws/build/serial_imu', 'catkin_cmake_args': None, 'catkin_skip_building_tests': False, 'cmake_args': None, 'cmake_clean_cache': False, 'cmake_clean_first': False, 'cmake_force_configure': False, 'cmake_target': None, 'cmake_target_skip_unavailable': False, 'install_base': '/home/sajjad/Downloads/demo_ros2/serial_imu_ws/install/serial_imu', 'merge_install': False, 'path': '/home/sajjad/Downloads/demo_ros2/serial_imu_ws/src/serial_imu', 'symlink_install': False, 'test_result_base': None}
[1.813s] INFO:colcon.colcon_core.executor:Executing jobs using 'parallel' executor
[1.834s] DEBUG:colcon.colcon_parallel_executor.executor.parallel:run_until_complete
[1.835s] INFO:colcon.colcon_ros.task.ament_cmake.build:Building ROS package in '/home/sajjad/Downloads/demo_ros2/serial_imu_ws/src/serial_imu' with build type 'ament_cmake'
[1.835s] INFO:colcon.colcon_cmake.task.cmake.build:Building CMake package in '/home/sajjad/Downloads/demo_ros2/serial_imu_ws/src/serial_imu'
[1.859s] INFO:colcon.colcon_core.plugin_system:Skipping extension 'colcon_core.shell.bat': Not used on non-Windows systems
[1.860s] INFO:colcon.colcon_core.shell:Skip shell extension 'powershell' for command environment: Not usable outside of PowerShell
[1.860s] DEBUG:colcon.colcon_core.shell:Skip shell extension 'dsv' for command environment
[1.936s] DEBUG:colcon.colcon_core.event_handler.log_command:Invoking command in '/home/sajjad/Downloads/demo_ros2/serial_imu_ws/build/serial_imu': CMAKE_PREFIX_PATH=${CMAKE_PREFIX_PATH}:/opt/ros/humble /usr/bin/cmake --build /home/sajjad/Downloads/demo_ros2/serial_imu_ws/build/serial_imu -- -j4 -l4
[7.810s] DEBUG:colcon.colcon_core.event_handler.log_command:Invoked command in '/home/sajjad/Downloads/demo_ros2/serial_imu_ws/build/serial_imu' returned '0': CMAKE_PREFIX_PATH=${CMAKE_PREFIX_PATH}:/opt/ros/humble /usr/bin/cmake --build /home/sajjad/Downloads/demo_ros2/serial_imu_ws/build/serial_imu -- -j4 -l4
[7.866s] DEBUG:colcon.colcon_core.event_handler.log_command:Invoking command in '/home/sajjad/Downloads/demo_ros2/serial_imu_ws/build/serial_imu': CMAKE_PREFIX_PATH=${CMAKE_PREFIX_PATH}:/opt/ros/humble /usr/bin/cmake --install /home/sajjad/Downloads/demo_ros2/serial_imu_ws/build/serial_imu
[7.882s] Level 1:colcon.colcon_core.environment:create_environment_scripts_only(serial_imu)
[7.884s] DEBUG:colcon.colcon_core.event_handler.log_command:Invoked command in '/home/sajjad/Downloads/demo_ros2/serial_imu_ws/build/serial_imu' returned '0': CMAKE_PREFIX_PATH=${CMAKE_PREFIX_PATH}:/opt/ros/humble /usr/bin/cmake --install /home/sajjad/Downloads/demo_ros2/serial_imu_ws/build/serial_imu
[7.910s] Level 1:colcon.colcon_core.environment:checking '/home/sajjad/Downloads/demo_ros2/serial_imu_ws/install/serial_imu' for CMake module files
[7.911s] Level 1:colcon.colcon_core.environment:checking '/home/sajjad/Downloads/demo_ros2/serial_imu_ws/install/serial_imu' for CMake config files
[7.911s] Level 1:colcon.colcon_core.shell:create_environment_hook('serial_imu', 'cmake_prefix_path')
[7.933s] INFO:colcon.colcon_core.shell:Creating environment hook '/home/sajjad/Downloads/demo_ros2/serial_imu_ws/install/serial_imu/share/serial_imu/hook/cmake_prefix_path.ps1'
[7.934s] INFO:colcon.colcon_core.shell:Creating environment descriptor '/home/sajjad/Downloads/demo_ros2/serial_imu_ws/install/serial_imu/share/serial_imu/hook/cmake_prefix_path.dsv'
[7.934s] INFO:colcon.colcon_core.shell:Creating environment hook '/home/sajjad/Downloads/demo_ros2/serial_imu_ws/install/serial_imu/share/serial_imu/hook/cmake_prefix_path.sh'
[7.935s] Level 1:colcon.colcon_core.environment:checking '/home/sajjad/Downloads/demo_ros2/serial_imu_ws/install/serial_imu/lib'
[7.936s] Level 1:colcon.colcon_core.environment:checking '/home/sajjad/Downloads/demo_ros2/serial_imu_ws/install/serial_imu/bin'
[7.936s] Level 1:colcon.colcon_core.environment:checking '/home/sajjad/Downloads/demo_ros2/serial_imu_ws/install/serial_imu/lib/pkgconfig/serial_imu.pc'
[7.936s] Level 1:colcon.colcon_core.environment:checking '/home/sajjad/Downloads/demo_ros2/serial_imu_ws/install/serial_imu/lib/python3.10/site-packages'
[7.936s] Level 1:colcon.colcon_core.environment:checking '/home/sajjad/Downloads/demo_ros2/serial_imu_ws/install/serial_imu/bin'
[7.957s] INFO:colcon.colcon_core.shell:Creating package script '/home/sajjad/Downloads/demo_ros2/serial_imu_ws/install/serial_imu/share/serial_imu/package.ps1'
[7.958s] INFO:colcon.colcon_core.shell:Creating package descriptor '/home/sajjad/Downloads/demo_ros2/serial_imu_ws/install/serial_imu/share/serial_imu/package.dsv'
[7.959s] INFO:colcon.colcon_core.shell:Creating package script '/home/sajjad/Downloads/demo_ros2/serial_imu_ws/install/serial_imu/share/serial_imu/package.sh'
[7.960s] INFO:colcon.colcon_core.shell:Creating package script '/home/sajjad/Downloads/demo_ros2/serial_imu_ws/install/serial_imu/share/serial_imu/package.bash'
[7.961s] INFO:colcon.colcon_core.shell:Creating package script '/home/sajjad/Downloads/demo_ros2/serial_imu_ws/install/serial_imu/share/serial_imu/package.zsh'
[7.962s] Level 1:colcon.colcon_core.environment:create_file_with_runtime_dependencies(/home/sajjad/Downloads/demo_ros2/serial_imu_ws/install/serial_imu/share/colcon-core/packages/serial_imu)
[8.027s] Level 1:colcon.colcon_core.environment:create_environment_scripts_only(serial_imu)
[8.048s] Level 1:colcon.colcon_core.environment:checking '/home/sajjad/Downloads/demo_ros2/serial_imu_ws/install/serial_imu' for CMake module files
[8.049s] Level 1:colcon.colcon_core.environment:checking '/home/sajjad/Downloads/demo_ros2/serial_imu_ws/install/serial_imu' for CMake config files
[8.049s] Level 1:colcon.colcon_core.shell:create_environment_hook('serial_imu', 'cmake_prefix_path')
[8.070s] INFO:colcon.colcon_core.shell:Creating environment hook '/home/sajjad/Downloads/demo_ros2/serial_imu_ws/install/serial_imu/share/serial_imu/hook/cmake_prefix_path.ps1'
[8.071s] INFO:colcon.colcon_core.shell:Creating environment descriptor '/home/sajjad/Downloads/demo_ros2/serial_imu_ws/install/serial_imu/share/serial_imu/hook/cmake_prefix_path.dsv'
[8.071s] INFO:colcon.colcon_core.shell:Creating environment hook '/home/sajjad/Downloads/demo_ros2/serial_imu_ws/install/serial_imu/share/serial_imu/hook/cmake_prefix_path.sh'
[8.072s] Level 1:colcon.colcon_core.environment:checking '/home/sajjad/Downloads/demo_ros2/serial_imu_ws/install/serial_imu/lib'
[8.072s] Level 1:colcon.colcon_core.environment:checking '/home/sajjad/Downloads/demo_ros2/serial_imu_ws/install/serial_imu/bin'
[8.072s] Level 1:colcon.colcon_core.environment:checking '/home/sajjad/Downloads/demo_ros2/serial_imu_ws/install/serial_imu/lib/pkgconfig/serial_imu.pc'
[8.072s] Level 1:colcon.colcon_core.environment:checking '/home/sajjad/Downloads/demo_ros2/serial_imu_ws/install/serial_imu/lib/python3.10/site-packages'
[8.073s] Level 1:colcon.colcon_core.environment:checking '/home/sajjad/Downloads/demo_ros2/serial_imu_ws/install/serial_imu/bin'
[8.109s] INFO:colcon.colcon_core.shell:Creating package script '/home/sajjad/Downloads/demo_ros2/serial_imu_ws/install/serial_imu/share/serial_imu/package.ps1'
[8.110s] INFO:colcon.colcon_core.shell:Creating package descriptor '/home/sajjad/Downloads/demo_ros2/serial_imu_ws/install/serial_imu/share/serial_imu/package.dsv'
[8.111s] INFO:colcon.colcon_core.shell:Creating package script '/home/sajjad/Downloads/demo_ros2/serial_imu_ws/install/serial_imu/share/serial_imu/package.sh'
[8.111s] INFO:colcon.colcon_core.shell:Creating package script '/home/sajjad/Downloads/demo_ros2/serial_imu_ws/install/serial_imu/share/serial_imu/package.bash'
[8.112s] INFO:colcon.colcon_core.shell:Creating package script '/home/sajjad/Downloads/demo_ros2/serial_imu_ws/install/serial_imu/share/serial_imu/package.zsh'
[8.112s] Level 1:colcon.colcon_core.environment:create_file_with_runtime_dependencies(/home/sajjad/Downloads/demo_ros2/serial_imu_ws/install/serial_imu/share/colcon-core/packages/serial_imu)
[8.112s] DEBUG:colcon.colcon_parallel_executor.executor.parallel:closing loop
[8.113s] DEBUG:colcon.colcon_parallel_executor.executor.parallel:loop closed
[8.113s] DEBUG:colcon.colcon_parallel_executor.executor.parallel:run_until_complete finished with '0'
[8.113s] DEBUG:colcon.colcon_core.event_reactor:joining thread
[8.146s] INFO:colcon.colcon_core.plugin_system:Skipping extension 'colcon_notification.desktop_notification.terminal_notifier': Not used on non-Darwin systems
[8.146s] INFO:colcon.colcon_core.plugin_system:Skipping extension 'colcon_notification.desktop_notification.win32': Not used on non-Windows systems
[8.146s] INFO:colcon.colcon_notification.desktop_notification:Sending desktop notification using 'notify2'
[8.160s] DEBUG:colcon.colcon_core.event_reactor:joined thread
[8.183s] INFO:colcon.colcon_core.shell:Creating prefix script '/home/sajjad/Downloads/demo_ros2/serial_imu_ws/install/local_setup.ps1'
[8.184s] INFO:colcon.colcon_core.shell:Creating prefix util module '/home/sajjad/Downloads/demo_ros2/serial_imu_ws/install/_local_setup_util_ps1.py'
[8.186s] INFO:colcon.colcon_core.shell:Creating prefix chain script '/home/sajjad/Downloads/demo_ros2/serial_imu_ws/install/setup.ps1'
[8.212s] INFO:colcon.colcon_core.shell:Creating prefix script '/home/sajjad/Downloads/demo_ros2/serial_imu_ws/install/local_setup.sh'
[8.212s] INFO:colcon.colcon_core.shell:Creating prefix util module '/home/sajjad/Downloads/demo_ros2/serial_imu_ws/install/_local_setup_util_sh.py'
[8.213s] INFO:colcon.colcon_core.shell:Creating prefix chain script '/home/sajjad/Downloads/demo_ros2/serial_imu_ws/install/setup.sh'
[8.238s] INFO:colcon.colcon_core.shell:Creating prefix script '/home/sajjad/Downloads/demo_ros2/serial_imu_ws/install/local_setup.bash'
[8.239s] INFO:colcon.colcon_core.shell:Creating prefix chain script '/home/sajjad/Downloads/demo_ros2/serial_imu_ws/install/setup.bash'
[8.263s] INFO:colcon.colcon_core.shell:Creating prefix script '/home/sajjad/Downloads/demo_ros2/serial_imu_ws/install/local_setup.zsh'
[8.264s] INFO:colcon.colcon_core.shell:Creating prefix chain script '/home/sajjad/Downloads/demo_ros2/serial_imu_ws/install/setup.zsh'
