[0.083s] Invoking command in '/home/sajjad/Downloads/demo_ros2/build/pub_sub_custom_msg1': AMENT_PREFIX_PATH=/home/sajjad/Downloads/demo_ros2/install/custom_msg1:${AMENT_PREFIX_PATH} CMAKE_PREFIX_PATH=/home/sajjad/Downloads/demo_ros2/install/custom_msg1:/opt/ros/humble LD_LIBRARY_PATH=/home/sajjad/Downloads/demo_ros2/install/custom_msg1/lib:${LD_LIBRARY_PATH} PYTHONPATH=/home/sajjad/Downloads/demo_ros2/install/custom_msg1/local/lib/python3.10/dist-packages:${PYTHONPATH} /usr/bin/cmake /home/sajjad/Downloads/demo_ros2/ros2_ws/src/pub_sub_custom_msg1 -DCMAKE_INSTALL_PREFIX=/home/sajjad/Downloads/demo_ros2/install/pub_sub_custom_msg1
[0.156s] -- The C compiler identification is GNU 11.4.0
[0.229s] -- The CXX compiler identification is GNU 11.4.0
[0.238s] -- Detecting C compiler ABI info
[0.330s] -- Detecting C compiler ABI info - done
[0.339s] -- Check for working C compiler: /usr/bin/cc - skipped
[0.340s] -- Detecting C compile features
[0.340s] -- Detecting C compile features - done
[0.344s] -- Detecting CXX compiler ABI info
[0.503s] -- Detecting CXX compiler ABI info - done
[0.513s] -- Check for working CXX compiler: /usr/bin/c++ - skipped
[0.513s] -- Detecting CXX compile features
[0.514s] -- Detecting CXX compile features - done
[0.517s] -- Found ament_cmake: 1.3.5 (/opt/ros/humble/share/ament_cmake/cmake)
[0.735s] -- Found Python3: /usr/bin/python3.10 (found version "3.10.12") found components: Interpreter 
[0.843s] -- Found rclcpp: 16.0.6 (/opt/ros/humble/share/rclcpp/cmake)
[0.898s] -- Found rosidl_generator_c: 3.1.5 (/opt/ros/humble/share/rosidl_generator_c/cmake)
[0.905s] -- Found rosidl_adapter: 3.1.5 (/opt/ros/humble/share/rosidl_adapter/cmake)
[0.916s] -- Found rosidl_generator_cpp: 3.1.5 (/opt/ros/humble/share/rosidl_generator_cpp/cmake)
[0.934s] -- Using all available rosidl_typesupport_c: rosidl_typesupport_fastrtps_c;rosidl_typesupport_introspection_c
[0.961s] -- Using all available rosidl_typesupport_cpp: rosidl_typesupport_fastrtps_cpp;rosidl_typesupport_introspection_cpp
[1.054s] -- Found rmw_implementation_cmake: 6.1.1 (/opt/ros/humble/share/rmw_implementation_cmake/cmake)
[1.057s] -- Found rmw_fastrtps_cpp: 6.2.4 (/opt/ros/humble/share/rmw_fastrtps_cpp/cmake)
[1.190s] -- Found OpenSSL: /usr/lib/x86_64-linux-gnu/libcrypto.so (found version "3.0.2")  
[1.223s] -- Found FastRTPS: /opt/ros/humble/include  
[1.282s] -- Using RMW implementation 'rmw_fastrtps_cpp' as default
[1.294s] -- Looking for pthread.h
[1.390s] -- Looking for pthread.h - found
[1.390s] -- Performing Test CMAKE_HAVE_LIBC_PTHREAD
[1.487s] -- Performing Test CMAKE_HAVE_LIBC_PTHREAD - Success
[1.488s] -- Found Threads: TRUE  
[1.701s] -- Found custom_msg1: 0.0.0 (/home/sajjad/Downloads/demo_ros2/install/custom_msg1/share/custom_msg1/cmake)
[1.725s] -- Found ament_lint_auto: 0.12.8 (/opt/ros/humble/share/ament_lint_auto/cmake)
[1.830s] -- Added test 'copyright' to check source files copyright and LICENSE
[1.831s] -- Added test 'cppcheck' to perform static code analysis on C / C++ code
[1.832s] -- Configured cppcheck include dirs: 
[1.832s] -- Configured cppcheck exclude dirs and/or files: 
[1.833s] -- Added test 'cpplint' to check C / C++ code against the Google style
[1.833s] -- Configured cpplint exclude dirs and/or files: 
[1.834s] -- Added test 'flake8' to check Python code syntax and style conventions
[1.835s] -- Added test 'lint_cmake' to check CMake code style
[1.835s] -- Added test 'pep257' to check Python code against some of the docstring style conventions in PEP 257
[1.837s] -- Added test 'uncrustify' to check C / C++ code style
[1.837s] -- Configured uncrustify additional arguments: 
[1.837s] -- Added test 'xmllint' to check XML markup files
[1.839s] -- Configuring done
[1.858s] -- Generating done
[1.860s] -- Build files have been written to: /home/sajjad/Downloads/demo_ros2/build/pub_sub_custom_msg1
[1.871s] Invoked command in '/home/sajjad/Downloads/demo_ros2/build/pub_sub_custom_msg1' returned '0': AMENT_PREFIX_PATH=/home/sajjad/Downloads/demo_ros2/install/custom_msg1:${AMENT_PREFIX_PATH} CMAKE_PREFIX_PATH=/home/sajjad/Downloads/demo_ros2/install/custom_msg1:/opt/ros/humble LD_LIBRARY_PATH=/home/sajjad/Downloads/demo_ros2/install/custom_msg1/lib:${LD_LIBRARY_PATH} PYTHONPATH=/home/sajjad/Downloads/demo_ros2/install/custom_msg1/local/lib/python3.10/dist-packages:${PYTHONPATH} /usr/bin/cmake /home/sajjad/Downloads/demo_ros2/ros2_ws/src/pub_sub_custom_msg1 -DCMAKE_INSTALL_PREFIX=/home/sajjad/Downloads/demo_ros2/install/pub_sub_custom_msg1
[1.874s] Invoking command in '/home/sajjad/Downloads/demo_ros2/build/pub_sub_custom_msg1': AMENT_PREFIX_PATH=/home/sajjad/Downloads/demo_ros2/install/custom_msg1:${AMENT_PREFIX_PATH} CMAKE_PREFIX_PATH=/home/sajjad/Downloads/demo_ros2/install/custom_msg1:/opt/ros/humble LD_LIBRARY_PATH=/home/sajjad/Downloads/demo_ros2/install/custom_msg1/lib:${LD_LIBRARY_PATH} PYTHONPATH=/home/sajjad/Downloads/demo_ros2/install/custom_msg1/local/lib/python3.10/dist-packages:${PYTHONPATH} /usr/bin/cmake --build /home/sajjad/Downloads/demo_ros2/build/pub_sub_custom_msg1 -- -j4 -l4
[1.940s] [ 25%] [32mBuilding CXX object CMakeFiles/subscriber1.dir/src/sub.cpp.o[0m
[1.943s] [ 50%] [32mBuilding CXX object CMakeFiles/publisher1.dir/src/pub.cpp.o[0m
[5.253s] In file included from [01m[K/opt/ros/humble/include/rclcpp/rclcpp/logging.hpp:24[m[K,
[5.253s]                  from [01m[K/opt/ros/humble/include/rclcpp/rclcpp/client.hpp:40[m[K,
[5.253s]                  from [01m[K/opt/ros/humble/include/rclcpp/rclcpp/callback_group.hpp:24[m[K,
[5.254s]                  from [01m[K/opt/ros/humble/include/rclcpp/rclcpp/any_executable.hpp:20[m[K,
[5.254s]                  from [01m[K/opt/ros/humble/include/rclcpp/rclcpp/memory_strategy.hpp:25[m[K,
[5.254s]                  from [01m[K/opt/ros/humble/include/rclcpp/rclcpp/memory_strategies.hpp:18[m[K,
[5.254s]                  from [01m[K/opt/ros/humble/include/rclcpp/rclcpp/executor_options.hpp:20[m[K,
[5.255s]                  from [01m[K/opt/ros/humble/include/rclcpp/rclcpp/executor.hpp:37[m[K,
[5.255s]                  from [01m[K/opt/ros/humble/include/rclcpp/rclcpp/executors/multi_threaded_executor.hpp:25[m[K,
[5.255s]                  from [01m[K/opt/ros/humble/include/rclcpp/rclcpp/executors.hpp:21[m[K,
[5.255s]                  from [01m[K/opt/ros/humble/include/rclcpp/rclcpp/rclcpp.hpp:155[m[K,
[5.255s]                  from [01m[K/home/sajjad/Downloads/demo_ros2/ros2_ws/src/pub_sub_custom_msg1/src/sub.cpp:6[m[K:
[5.256s] [01m[K/home/sajjad/Downloads/demo_ros2/ros2_ws/src/pub_sub_custom_msg1/src/sub.cpp:[m[K In member function ‘[01m[Kvoid SubscriberNode::callback(custom_msg1::msg::LogTf_<std::allocator<void> >::SharedPtr) const[m[K’:
[5.256s] [01m[K/home/sajjad/Downloads/demo_ros2/ros2_ws/src/pub_sub_custom_msg1/src/sub.cpp:35:39:[m[K [01;35m[Kwarning: [m[Kformat ‘[01m[K%d[m[K’ expects argument of type ‘[01m[Kint[m[K’, but argument 5 has type ‘[01m[Kcustom_msg1::msg::LogTf_<std::allocator<void> >::_volt_type[m[K’ {aka ‘[01m[Klong int[m[K’} [[01;35m[K]8;;https://gcc.gnu.org/onlinedocs/gcc/Warning-Options.html#index-Wformat=-Wformat=]8;;[m[K]
[5.256s]    35 |       RCLCPP_INFO(this->get_logger(), [01;35m[K"%d"[m[K, [32m[Kmsg->volt[m[K); //change
[5.256s]       |                                       [01;35m[K^~~~[m[K  [32m[K~~~~~~~~~[m[K
[5.256s]       |                                                  [32m[K|[m[K
[5.256s]       |                                                  [32m[Kcustom_msg1::msg::LogTf_<std::allocator<void> >::_volt_type {aka long int}[m[K
[5.257s] [01m[K/home/sajjad/Downloads/demo_ros2/ros2_ws/src/pub_sub_custom_msg1/src/sub.cpp:35:41:[m[K [01;36m[Knote: [m[Kformat string is defined here
[5.257s]    35 |       RCLCPP_INFO(this->get_logger(), "[01;36m[K%d[m[K", msg->volt); //change
[5.257s]       |                                        [01;36m[K~^[m[K
[5.257s]       |                                         [01;36m[K|[m[K
[5.257s]       |                                         [01;36m[Kint[m[K
[5.257s]       |                                        [32m[K%ld[m[K
[5.257s] In file included from [01m[K/opt/ros/humble/include/rclcpp/rclcpp/logging.hpp:24[m[K,
[5.258s]                  from [01m[K/opt/ros/humble/include/rclcpp/rclcpp/client.hpp:40[m[K,
[5.258s]                  from [01m[K/opt/ros/humble/include/rclcpp/rclcpp/callback_group.hpp:24[m[K,
[5.258s]                  from [01m[K/opt/ros/humble/include/rclcpp/rclcpp/any_executable.hpp:20[m[K,
[5.258s]                  from [01m[K/opt/ros/humble/include/rclcpp/rclcpp/memory_strategy.hpp:25[m[K,
[5.258s]                  from [01m[K/opt/ros/humble/include/rclcpp/rclcpp/memory_strategies.hpp:18[m[K,
[5.258s]                  from [01m[K/opt/ros/humble/include/rclcpp/rclcpp/executor_options.hpp:20[m[K,
[5.258s]                  from [01m[K/opt/ros/humble/include/rclcpp/rclcpp/executor.hpp:37[m[K,
[5.259s]                  from [01m[K/opt/ros/humble/include/rclcpp/rclcpp/executors/multi_threaded_executor.hpp:25[m[K,
[5.259s]                  from [01m[K/opt/ros/humble/include/rclcpp/rclcpp/executors.hpp:21[m[K,
[5.259s]                  from [01m[K/opt/ros/humble/include/rclcpp/rclcpp/rclcpp.hpp:155[m[K,
[5.259s]                  from [01m[K/home/sajjad/Downloads/demo_ros2/ros2_ws/src/pub_sub_custom_msg1/src/sub.cpp:6[m[K:
[5.259s] [01m[K/home/sajjad/Downloads/demo_ros2/ros2_ws/src/pub_sub_custom_msg1/src/sub.cpp:37:39:[m[K [01;35m[Kwarning: [m[Kformat ‘[01m[K%d[m[K’ expects argument of type ‘[01m[Kint[m[K’, but argument 5 has type ‘[01m[Kcustom_msg1::msg::LogTf_<std::allocator<void> >::_amp_type[m[K’ {aka ‘[01m[Klong int[m[K’} [[01;35m[K]8;;https://gcc.gnu.org/onlinedocs/gcc/Warning-Options.html#index-Wformat=-Wformat=]8;;[m[K]
[5.259s]    37 |       RCLCPP_INFO(this->get_logger(), [01;35m[K"%d"[m[K, [32m[Kmsg->amp[m[K); //change
[5.259s]       |                                       [01;35m[K^~~~[m[K  [32m[K~~~~~~~~[m[K
[5.260s]       |                                                  [32m[K|[m[K
[5.260s]       |                                                  [32m[Kcustom_msg1::msg::LogTf_<std::allocator<void> >::_amp_type {aka long int}[m[K
[5.260s] [01m[K/home/sajjad/Downloads/demo_ros2/ros2_ws/src/pub_sub_custom_msg1/src/sub.cpp:37:41:[m[K [01;36m[Knote: [m[Kformat string is defined here
[5.260s]    37 |       RCLCPP_INFO(this->get_logger(), "[01;36m[K%d[m[K", msg->amp); //change
[5.260s]       |                                        [01;36m[K~^[m[K
[5.260s]       |                                         [01;36m[K|[m[K
[5.260s]       |                                         [01;36m[Kint[m[K
[5.261s]       |                                        [32m[K%ld[m[K
[8.050s] [ 75%] [32m[1mLinking CXX executable publisher1[0m
[8.353s] [ 75%] Built target publisher1
[12.727s] [100%] [32m[1mLinking CXX executable subscriber1[0m
[13.319s] [100%] Built target subscriber1
[13.335s] Invoked command in '/home/sajjad/Downloads/demo_ros2/build/pub_sub_custom_msg1' returned '0': AMENT_PREFIX_PATH=/home/sajjad/Downloads/demo_ros2/install/custom_msg1:${AMENT_PREFIX_PATH} CMAKE_PREFIX_PATH=/home/sajjad/Downloads/demo_ros2/install/custom_msg1:/opt/ros/humble LD_LIBRARY_PATH=/home/sajjad/Downloads/demo_ros2/install/custom_msg1/lib:${LD_LIBRARY_PATH} PYTHONPATH=/home/sajjad/Downloads/demo_ros2/install/custom_msg1/local/lib/python3.10/dist-packages:${PYTHONPATH} /usr/bin/cmake --build /home/sajjad/Downloads/demo_ros2/build/pub_sub_custom_msg1 -- -j4 -l4
[13.386s] Invoking command in '/home/sajjad/Downloads/demo_ros2/build/pub_sub_custom_msg1': AMENT_PREFIX_PATH=/home/sajjad/Downloads/demo_ros2/install/custom_msg1:${AMENT_PREFIX_PATH} CMAKE_PREFIX_PATH=/home/sajjad/Downloads/demo_ros2/install/custom_msg1:/opt/ros/humble LD_LIBRARY_PATH=/home/sajjad/Downloads/demo_ros2/install/custom_msg1/lib:${LD_LIBRARY_PATH} PYTHONPATH=/home/sajjad/Downloads/demo_ros2/install/custom_msg1/local/lib/python3.10/dist-packages:${PYTHONPATH} /usr/bin/cmake --install /home/sajjad/Downloads/demo_ros2/build/pub_sub_custom_msg1
[13.398s] -- Install configuration: ""
[13.398s] -- Installing: /home/sajjad/Downloads/demo_ros2/install/pub_sub_custom_msg1/lib/pub_sub_custom_msg1/publisher1
[13.401s] -- Set runtime path of "/home/sajjad/Downloads/demo_ros2/install/pub_sub_custom_msg1/lib/pub_sub_custom_msg1/publisher1" to ""
[13.401s] -- Installing: /home/sajjad/Downloads/demo_ros2/install/pub_sub_custom_msg1/lib/pub_sub_custom_msg1/subscriber1
[13.406s] -- Set runtime path of "/home/sajjad/Downloads/demo_ros2/install/pub_sub_custom_msg1/lib/pub_sub_custom_msg1/subscriber1" to ""
[13.406s] -- Installing: /home/sajjad/Downloads/demo_ros2/install/pub_sub_custom_msg1/share/pub_sub_custom_msg1//launch
[13.407s] -- Installing: /home/sajjad/Downloads/demo_ros2/install/pub_sub_custom_msg1/share/pub_sub_custom_msg1//launch/pub_sub_launch1.py
[13.407s] -- Installing: /home/sajjad/Downloads/demo_ros2/install/pub_sub_custom_msg1/share/ament_index/resource_index/package_run_dependencies/pub_sub_custom_msg1
[13.407s] -- Installing: /home/sajjad/Downloads/demo_ros2/install/pub_sub_custom_msg1/share/ament_index/resource_index/parent_prefix_path/pub_sub_custom_msg1
[13.407s] -- Installing: /home/sajjad/Downloads/demo_ros2/install/pub_sub_custom_msg1/share/pub_sub_custom_msg1/environment/ament_prefix_path.sh
[13.408s] -- Installing: /home/sajjad/Downloads/demo_ros2/install/pub_sub_custom_msg1/share/pub_sub_custom_msg1/environment/ament_prefix_path.dsv
[13.408s] -- Installing: /home/sajjad/Downloads/demo_ros2/install/pub_sub_custom_msg1/share/pub_sub_custom_msg1/environment/path.sh
[13.408s] -- Installing: /home/sajjad/Downloads/demo_ros2/install/pub_sub_custom_msg1/share/pub_sub_custom_msg1/environment/path.dsv
[13.408s] -- Installing: /home/sajjad/Downloads/demo_ros2/install/pub_sub_custom_msg1/share/pub_sub_custom_msg1/local_setup.bash
[13.409s] -- Installing: /home/sajjad/Downloads/demo_ros2/install/pub_sub_custom_msg1/share/pub_sub_custom_msg1/local_setup.sh
[13.409s] -- Installing: /home/sajjad/Downloads/demo_ros2/install/pub_sub_custom_msg1/share/pub_sub_custom_msg1/local_setup.zsh
[13.409s] -- Installing: /home/sajjad/Downloads/demo_ros2/install/pub_sub_custom_msg1/share/pub_sub_custom_msg1/local_setup.dsv
[13.409s] -- Installing: /home/sajjad/Downloads/demo_ros2/install/pub_sub_custom_msg1/share/pub_sub_custom_msg1/package.dsv
[13.410s] -- Installing: /home/sajjad/Downloads/demo_ros2/install/pub_sub_custom_msg1/share/ament_index/resource_index/packages/pub_sub_custom_msg1
[13.410s] -- Installing: /home/sajjad/Downloads/demo_ros2/install/pub_sub_custom_msg1/share/pub_sub_custom_msg1/cmake/pub_sub_custom_msg1Config.cmake
[13.410s] -- Installing: /home/sajjad/Downloads/demo_ros2/install/pub_sub_custom_msg1/share/pub_sub_custom_msg1/cmake/pub_sub_custom_msg1Config-version.cmake
[13.410s] -- Installing: /home/sajjad/Downloads/demo_ros2/install/pub_sub_custom_msg1/share/pub_sub_custom_msg1/package.xml
[13.413s] Invoked command in '/home/sajjad/Downloads/demo_ros2/build/pub_sub_custom_msg1' returned '0': AMENT_PREFIX_PATH=/home/sajjad/Downloads/demo_ros2/install/custom_msg1:${AMENT_PREFIX_PATH} CMAKE_PREFIX_PATH=/home/sajjad/Downloads/demo_ros2/install/custom_msg1:/opt/ros/humble LD_LIBRARY_PATH=/home/sajjad/Downloads/demo_ros2/install/custom_msg1/lib:${LD_LIBRARY_PATH} PYTHONPATH=/home/sajjad/Downloads/demo_ros2/install/custom_msg1/local/lib/python3.10/dist-packages:${PYTHONPATH} /usr/bin/cmake --install /home/sajjad/Downloads/demo_ros2/build/pub_sub_custom_msg1
