[0.083s] Invoking command in '/home/sajjad/Downloads/demo_ros2/build/custom_msg1': CMAKE_PREFIX_PATH=/opt/ros/humble /usr/bin/cmake --build /home/sajjad/Downloads/demo_ros2/build/custom_msg1 -- -j4 -l4
[0.117s] -- Found ament_cmake: 1.3.5 (/opt/ros/humble/share/ament_cmake/cmake)
[0.301s] -- Found rosidl_default_generators: 1.2.0 (/opt/ros/humble/share/rosidl_default_generators/cmake)
[0.303s] -- Using all available rosidl_typesupport_c: rosidl_typesupport_fastrtps_c;rosidl_typesupport_introspection_c
[0.306s] -- Found rosidl_adapter: 3.1.5 (/opt/ros/humble/share/rosidl_adapter/cmake)
[0.349s] -- Using all available rosidl_typesupport_cpp: rosidl_typesupport_fastrtps_cpp;rosidl_typesupport_introspection_cpp
[0.684s] -- Found ament_cmake_ros: 0.10.0 (/opt/ros/humble/share/ament_cmake_ros/cmake)
[0.910s] -- Using all available rosidl_typesupport_c: rosidl_typesupport_fastrtps_c;rosidl_typesupport_introspection_c
[1.206s] -- Using all available rosidl_typesupport_cpp: rosidl_typesupport_fastrtps_cpp;rosidl_typesupport_introspection_cpp
[1.235s] -- Found PythonInterp: /usr/bin/python3 (found suitable version "3.10.12", minimum required is "3.6") 
[1.237s] -- Found python_cmake_module: 0.10.0 (/opt/ros/humble/share/python_cmake_module/cmake)
[1.269s] -- Found PythonLibs: /usr/lib/x86_64-linux-gnu/libpython3.10.so (found suitable version "3.10.12", minimum required is "3.5") 
[1.269s] -- Using PYTHON_EXECUTABLE: /usr/bin/python3
[1.269s] -- Using PYTHON_INCLUDE_DIRS: /usr/include/python3.10
[1.269s] -- Using PYTHON_LIBRARIES: /usr/lib/x86_64-linux-gnu/libpython3.10.so
[1.295s] -- Found PythonExtra: .so  
[1.343s] -- Configuring done
[1.379s] -- Generating done
[1.383s] -- Build files have been written to: /home/sajjad/Downloads/demo_ros2/build/custom_msg1
[1.416s] [  3%] [34m[1mGenerating C code for ROS interfaces[0m
[1.428s] [  6%] [34m[1mGenerating C++ code for ROS interfaces[0m
[1.448s] [  6%] Built target ament_cmake_python_copy_custom_msg1
[1.833s] running egg_info
[1.837s] creating custom_msg1.egg-info
[1.837s] writing custom_msg1.egg-info/PKG-INFO
[1.837s] writing dependency_links to custom_msg1.egg-info/dependency_links.txt
[1.837s] writing top-level names to custom_msg1.egg-info/top_level.txt
[1.838s] writing manifest file 'custom_msg1.egg-info/SOURCES.txt'
[1.842s] reading manifest file 'custom_msg1.egg-info/SOURCES.txt'
[1.843s] writing manifest file 'custom_msg1.egg-info/SOURCES.txt'
[1.884s] [  6%] Built target ament_cmake_python_build_custom_msg1_egg
[1.944s] [  6%] Built target custom_msg1__cpp
[1.962s] [ 16%] [34m[1mGenerating C++ introspection for ROS interfaces[0m
[1.962s] [ 16%] [34m[1mGenerating C++ type support for eProsima Fast-RTPS[0m
[1.963s] [ 16%] [32mBuilding C object CMakeFiles/custom_msg1__rosidl_generator_c.dir/rosidl_generator_c/custom_msg1/msg/detail/log_tf__functions.c.o[0m
[1.963s] [ 19%] [34m[1mGenerating C++ type support dispatch for ROS interfaces[0m
[2.067s] [ 22%] [32m[1mLinking C shared library libcustom_msg1__rosidl_generator_c.so[0m
[2.139s] [ 22%] Built target custom_msg1__rosidl_generator_c
[2.158s] [ 25%] [34m[1mGenerating C type support dispatch for ROS interfaces[0m
[2.476s] [ 29%] [32mBuilding CXX object CMakeFiles/custom_msg1__rosidl_typesupport_introspection_cpp.dir/rosidl_typesupport_introspection_cpp/custom_msg1/msg/detail/log_tf__type_support.cpp.o[0m
[2.486s] [ 32%] [32mBuilding CXX object CMakeFiles/custom_msg1__rosidl_typesupport_cpp.dir/rosidl_typesupport_cpp/custom_msg1/msg/log_tf__type_support.cpp.o[0m
[2.516s] [ 35%] [32mBuilding CXX object CMakeFiles/custom_msg1__rosidl_typesupport_fastrtps_cpp.dir/rosidl_typesupport_fastrtps_cpp/custom_msg1/msg/detail/dds_fastrtps/log_tf__type_support.cpp.o[0m
[2.657s] [ 38%] [32mBuilding CXX object CMakeFiles/custom_msg1__rosidl_typesupport_c.dir/rosidl_typesupport_c/custom_msg1/msg/log_tf__type_support.cpp.o[0m
[2.715s] [ 41%] [32m[1mLinking CXX shared library libcustom_msg1__rosidl_typesupport_c.so[0m
[2.808s] [ 41%] Built target custom_msg1__rosidl_typesupport_c
[2.828s] [ 45%] [34m[1mGenerating C type support for eProsima Fast-RTPS[0m
[3.067s] [ 48%] [32m[1mLinking CXX shared library libcustom_msg1__rosidl_typesupport_cpp.so[0m
[3.159s] [ 48%] Built target custom_msg1__rosidl_typesupport_cpp
[3.179s] [ 51%] [34m[1mGenerating C introspection for ROS interfaces[0m
[3.396s] [ 54%] [32m[1mLinking CXX shared library libcustom_msg1__rosidl_typesupport_fastrtps_cpp.so[0m
[3.412s] [ 58%] [32m[1mLinking CXX shared library libcustom_msg1__rosidl_typesupport_introspection_cpp.so[0m
[3.511s] [ 61%] [32mBuilding CXX object CMakeFiles/custom_msg1__rosidl_typesupport_fastrtps_c.dir/rosidl_typesupport_fastrtps_c/custom_msg1/msg/detail/log_tf__type_support_c.cpp.o[0m
[3.582s] [ 61%] Built target custom_msg1__rosidl_typesupport_introspection_cpp
[3.625s] [ 61%] Built target custom_msg1__rosidl_typesupport_fastrtps_cpp
[3.763s] [ 64%] [32mBuilding C object CMakeFiles/custom_msg1__rosidl_typesupport_introspection_c.dir/rosidl_typesupport_introspection_c/custom_msg1/msg/detail/log_tf__type_support.c.o[0m
[3.808s] [ 67%] [32m[1mLinking C shared library libcustom_msg1__rosidl_typesupport_introspection_c.so[0m
[3.854s] [ 67%] Built target custom_msg1__rosidl_typesupport_introspection_c
[4.011s] [ 70%] [32m[1mLinking CXX shared library libcustom_msg1__rosidl_typesupport_fastrtps_c.so[0m
[4.121s] [ 70%] Built target custom_msg1__rosidl_typesupport_fastrtps_c
[4.151s] [ 70%] Built target custom_msg1
[4.178s] [ 74%] [34m[1mGenerating Python code for ROS interfaces[0m
[4.539s] [ 74%] Built target custom_msg1__py
[4.567s] [ 77%] [32mBuilding C object CMakeFiles/custom_msg1__rosidl_generator_py.dir/rosidl_generator_py/custom_msg1/msg/_log_tf_s.c.o[0m
[4.699s] [ 80%] [32m[1mLinking C shared library rosidl_generator_py/custom_msg1/libcustom_msg1__rosidl_generator_py.so[0m
[4.754s] [ 80%] Built target custom_msg1__rosidl_generator_py
[4.782s] [ 83%] [32mBuilding C object CMakeFiles/custom_msg1__rosidl_typesupport_fastrtps_c__pyext.dir/rosidl_generator_py/custom_msg1/_custom_msg1_s.ep.rosidl_typesupport_fastrtps_c.c.o[0m
[4.791s] [ 90%] [32mBuilding C object CMakeFiles/custom_msg1__rosidl_typesupport_introspection_c__pyext.dir/rosidl_generator_py/custom_msg1/_custom_msg1_s.ep.rosidl_typesupport_introspection_c.c.o[0m
[4.791s] [ 90%] [32mBuilding C object CMakeFiles/custom_msg1__rosidl_typesupport_c__pyext.dir/rosidl_generator_py/custom_msg1/_custom_msg1_s.ep.rosidl_typesupport_c.c.o[0m
[4.913s] [ 93%] [32m[1mLinking C shared library rosidl_generator_py/custom_msg1/custom_msg1_s__rosidl_typesupport_fastrtps_c.cpython-310-x86_64-linux-gnu.so[0m
[4.965s] [ 93%] Built target custom_msg1__rosidl_typesupport_fastrtps_c__pyext
[4.979s] [100%] [32m[1mLinking C shared library rosidl_generator_py/custom_msg1/custom_msg1_s__rosidl_typesupport_introspection_c.cpython-310-x86_64-linux-gnu.so[0m
[4.979s] [100%] [32m[1mLinking C shared library rosidl_generator_py/custom_msg1/custom_msg1_s__rosidl_typesupport_c.cpython-310-x86_64-linux-gnu.so[0m
[5.022s] [100%] Built target custom_msg1__rosidl_typesupport_introspection_c__pyext
[5.022s] [100%] Built target custom_msg1__rosidl_typesupport_c__pyext
[5.037s] Invoked command in '/home/sajjad/Downloads/demo_ros2/build/custom_msg1' returned '0': CMAKE_PREFIX_PATH=/opt/ros/humble /usr/bin/cmake --build /home/sajjad/Downloads/demo_ros2/build/custom_msg1 -- -j4 -l4
[5.130s] Invoking command in '/home/sajjad/Downloads/demo_ros2/build/custom_msg1': CMAKE_PREFIX_PATH=/opt/ros/humble /usr/bin/cmake --install /home/sajjad/Downloads/demo_ros2/build/custom_msg1
[5.141s] -- Install configuration: ""
[5.142s] -- Installing: /home/sajjad/Downloads/demo_ros2/install/custom_msg1/share/ament_index/resource_index/rosidl_interfaces/custom_msg1
[5.142s] -- Installing: /home/sajjad/Downloads/demo_ros2/install/custom_msg1/include/custom_msg1/custom_msg1
[5.142s] -- Installing: /home/sajjad/Downloads/demo_ros2/install/custom_msg1/include/custom_msg1/custom_msg1/msg
[5.142s] -- Installing: /home/sajjad/Downloads/demo_ros2/install/custom_msg1/include/custom_msg1/custom_msg1/msg/log_tf.h
[5.143s] -- Installing: /home/sajjad/Downloads/demo_ros2/install/custom_msg1/include/custom_msg1/custom_msg1/msg/detail
[5.143s] -- Installing: /home/sajjad/Downloads/demo_ros2/install/custom_msg1/include/custom_msg1/custom_msg1/msg/detail/log_tf__functions.h
[5.143s] -- Installing: /home/sajjad/Downloads/demo_ros2/install/custom_msg1/include/custom_msg1/custom_msg1/msg/detail/log_tf__struct.h
[5.143s] -- Installing: /home/sajjad/Downloads/demo_ros2/install/custom_msg1/include/custom_msg1/custom_msg1/msg/detail/log_tf__functions.c
[5.143s] -- Installing: /home/sajjad/Downloads/demo_ros2/install/custom_msg1/include/custom_msg1/custom_msg1/msg/detail/log_tf__type_support.h
[5.144s] -- Installing: /home/sajjad/Downloads/demo_ros2/install/custom_msg1/include/custom_msg1/custom_msg1/msg/rosidl_generator_c__visibility_control.h
[5.144s] -- Installing: /home/sajjad/Downloads/demo_ros2/install/custom_msg1/share/custom_msg1/environment/library_path.sh
[5.144s] -- Installing: /home/sajjad/Downloads/demo_ros2/install/custom_msg1/share/custom_msg1/environment/library_path.dsv
[5.144s] -- Installing: /home/sajjad/Downloads/demo_ros2/install/custom_msg1/lib/libcustom_msg1__rosidl_generator_c.so
[5.145s] -- Set runtime path of "/home/sajjad/Downloads/demo_ros2/install/custom_msg1/lib/libcustom_msg1__rosidl_generator_c.so" to ""
[5.145s] -- Up-to-date: /home/sajjad/Downloads/demo_ros2/install/custom_msg1/include/custom_msg1/custom_msg1
[5.145s] -- Up-to-date: /home/sajjad/Downloads/demo_ros2/install/custom_msg1/include/custom_msg1/custom_msg1/msg
[5.146s] -- Up-to-date: /home/sajjad/Downloads/demo_ros2/install/custom_msg1/include/custom_msg1/custom_msg1/msg/detail
[5.146s] -- Installing: /home/sajjad/Downloads/demo_ros2/install/custom_msg1/include/custom_msg1/custom_msg1/msg/detail/log_tf__rosidl_typesupport_fastrtps_c.h
[5.146s] -- Installing: /home/sajjad/Downloads/demo_ros2/install/custom_msg1/include/custom_msg1/custom_msg1/msg/rosidl_typesupport_fastrtps_c__visibility_control.h
[5.146s] -- Installing: /home/sajjad/Downloads/demo_ros2/install/custom_msg1/lib/libcustom_msg1__rosidl_typesupport_fastrtps_c.so
[5.147s] -- Set runtime path of "/home/sajjad/Downloads/demo_ros2/install/custom_msg1/lib/libcustom_msg1__rosidl_typesupport_fastrtps_c.so" to ""
[5.147s] -- Up-to-date: /home/sajjad/Downloads/demo_ros2/install/custom_msg1/include/custom_msg1/custom_msg1
[5.147s] -- Up-to-date: /home/sajjad/Downloads/demo_ros2/install/custom_msg1/include/custom_msg1/custom_msg1/msg
[5.148s] -- Installing: /home/sajjad/Downloads/demo_ros2/install/custom_msg1/include/custom_msg1/custom_msg1/msg/rosidl_typesupport_introspection_c__visibility_control.h
[5.148s] -- Up-to-date: /home/sajjad/Downloads/demo_ros2/install/custom_msg1/include/custom_msg1/custom_msg1/msg/detail
[5.148s] -- Installing: /home/sajjad/Downloads/demo_ros2/install/custom_msg1/include/custom_msg1/custom_msg1/msg/detail/log_tf__rosidl_typesupport_introspection_c.h
[5.149s] -- Installing: /home/sajjad/Downloads/demo_ros2/install/custom_msg1/include/custom_msg1/custom_msg1/msg/detail/log_tf__type_support.c
[5.149s] -- Installing: /home/sajjad/Downloads/demo_ros2/install/custom_msg1/lib/libcustom_msg1__rosidl_typesupport_introspection_c.so
[5.149s] -- Set runtime path of "/home/sajjad/Downloads/demo_ros2/install/custom_msg1/lib/libcustom_msg1__rosidl_typesupport_introspection_c.so" to ""
[5.150s] -- Installing: /home/sajjad/Downloads/demo_ros2/install/custom_msg1/lib/libcustom_msg1__rosidl_typesupport_c.so
[5.150s] -- Set runtime path of "/home/sajjad/Downloads/demo_ros2/install/custom_msg1/lib/libcustom_msg1__rosidl_typesupport_c.so" to ""
[5.150s] -- Up-to-date: /home/sajjad/Downloads/demo_ros2/install/custom_msg1/include/custom_msg1/custom_msg1
[5.151s] -- Up-to-date: /home/sajjad/Downloads/demo_ros2/install/custom_msg1/include/custom_msg1/custom_msg1/msg
[5.151s] -- Up-to-date: /home/sajjad/Downloads/demo_ros2/install/custom_msg1/include/custom_msg1/custom_msg1/msg/detail
[5.151s] -- Installing: /home/sajjad/Downloads/demo_ros2/install/custom_msg1/include/custom_msg1/custom_msg1/msg/detail/log_tf__traits.hpp
[5.151s] -- Installing: /home/sajjad/Downloads/demo_ros2/install/custom_msg1/include/custom_msg1/custom_msg1/msg/detail/log_tf__struct.hpp
[5.152s] -- Installing: /home/sajjad/Downloads/demo_ros2/install/custom_msg1/include/custom_msg1/custom_msg1/msg/detail/log_tf__builder.hpp
[5.152s] -- Installing: /home/sajjad/Downloads/demo_ros2/install/custom_msg1/include/custom_msg1/custom_msg1/msg/log_tf.hpp
[5.152s] -- Up-to-date: /home/sajjad/Downloads/demo_ros2/install/custom_msg1/include/custom_msg1/custom_msg1
[5.152s] -- Up-to-date: /home/sajjad/Downloads/demo_ros2/install/custom_msg1/include/custom_msg1/custom_msg1/msg
[5.152s] -- Up-to-date: /home/sajjad/Downloads/demo_ros2/install/custom_msg1/include/custom_msg1/custom_msg1/msg/detail
[5.152s] -- Installing: /home/sajjad/Downloads/demo_ros2/install/custom_msg1/include/custom_msg1/custom_msg1/msg/detail/log_tf__rosidl_typesupport_fastrtps_cpp.hpp
[5.153s] -- Installing: /home/sajjad/Downloads/demo_ros2/install/custom_msg1/include/custom_msg1/custom_msg1/msg/detail/dds_fastrtps
[5.153s] -- Installing: /home/sajjad/Downloads/demo_ros2/install/custom_msg1/include/custom_msg1/custom_msg1/msg/rosidl_typesupport_fastrtps_cpp__visibility_control.h
[5.153s] -- Installing: /home/sajjad/Downloads/demo_ros2/install/custom_msg1/lib/libcustom_msg1__rosidl_typesupport_fastrtps_cpp.so
[5.153s] -- Set runtime path of "/home/sajjad/Downloads/demo_ros2/install/custom_msg1/lib/libcustom_msg1__rosidl_typesupport_fastrtps_cpp.so" to ""
[5.154s] -- Up-to-date: /home/sajjad/Downloads/demo_ros2/install/custom_msg1/include/custom_msg1/custom_msg1
[5.154s] -- Up-to-date: /home/sajjad/Downloads/demo_ros2/install/custom_msg1/include/custom_msg1/custom_msg1/msg
[5.154s] -- Up-to-date: /home/sajjad/Downloads/demo_ros2/install/custom_msg1/include/custom_msg1/custom_msg1/msg/detail
[5.154s] -- Installing: /home/sajjad/Downloads/demo_ros2/install/custom_msg1/include/custom_msg1/custom_msg1/msg/detail/log_tf__rosidl_typesupport_introspection_cpp.hpp
[5.154s] -- Installing: /home/sajjad/Downloads/demo_ros2/install/custom_msg1/include/custom_msg1/custom_msg1/msg/detail/log_tf__type_support.cpp
[5.154s] -- Installing: /home/sajjad/Downloads/demo_ros2/install/custom_msg1/lib/libcustom_msg1__rosidl_typesupport_introspection_cpp.so
[5.155s] -- Set runtime path of "/home/sajjad/Downloads/demo_ros2/install/custom_msg1/lib/libcustom_msg1__rosidl_typesupport_introspection_cpp.so" to ""
[5.155s] -- Installing: /home/sajjad/Downloads/demo_ros2/install/custom_msg1/lib/libcustom_msg1__rosidl_typesupport_cpp.so
[5.156s] -- Set runtime path of "/home/sajjad/Downloads/demo_ros2/install/custom_msg1/lib/libcustom_msg1__rosidl_typesupport_cpp.so" to ""
[5.156s] -- Installing: /home/sajjad/Downloads/demo_ros2/install/custom_msg1/share/custom_msg1/environment/pythonpath.sh
[5.156s] -- Installing: /home/sajjad/Downloads/demo_ros2/install/custom_msg1/share/custom_msg1/environment/pythonpath.dsv
[5.156s] -- Installing: /home/sajjad/Downloads/demo_ros2/install/custom_msg1/local/lib/python3.10/dist-packages/custom_msg1-0.0.0-py3.10.egg-info
[5.157s] -- Installing: /home/sajjad/Downloads/demo_ros2/install/custom_msg1/local/lib/python3.10/dist-packages/custom_msg1-0.0.0-py3.10.egg-info/SOURCES.txt
[5.157s] -- Installing: /home/sajjad/Downloads/demo_ros2/install/custom_msg1/local/lib/python3.10/dist-packages/custom_msg1-0.0.0-py3.10.egg-info/PKG-INFO
[5.157s] -- Installing: /home/sajjad/Downloads/demo_ros2/install/custom_msg1/local/lib/python3.10/dist-packages/custom_msg1-0.0.0-py3.10.egg-info/dependency_links.txt
[5.157s] -- Installing: /home/sajjad/Downloads/demo_ros2/install/custom_msg1/local/lib/python3.10/dist-packages/custom_msg1-0.0.0-py3.10.egg-info/top_level.txt
[5.158s] -- Installing: /home/sajjad/Downloads/demo_ros2/install/custom_msg1/local/lib/python3.10/dist-packages/custom_msg1
[5.158s] -- Installing: /home/sajjad/Downloads/demo_ros2/install/custom_msg1/local/lib/python3.10/dist-packages/custom_msg1/custom_msg1_s__rosidl_typesupport_fastrtps_c.cpython-310-x86_64-linux-gnu.so
[5.158s] -- Installing: /home/sajjad/Downloads/demo_ros2/install/custom_msg1/local/lib/python3.10/dist-packages/custom_msg1/_custom_msg1_s.ep.rosidl_typesupport_c.c
[5.158s] -- Installing: /home/sajjad/Downloads/demo_ros2/install/custom_msg1/local/lib/python3.10/dist-packages/custom_msg1/custom_msg1_s__rosidl_typesupport_introspection_c.cpython-310-x86_64-linux-gnu.so
[5.158s] -- Installing: /home/sajjad/Downloads/demo_ros2/install/custom_msg1/local/lib/python3.10/dist-packages/custom_msg1/custom_msg1_s__rosidl_typesupport_c.cpython-310-x86_64-linux-gnu.so
[5.159s] -- Installing: /home/sajjad/Downloads/demo_ros2/install/custom_msg1/local/lib/python3.10/dist-packages/custom_msg1/_custom_msg1_s.ep.rosidl_typesupport_fastrtps_c.c
[5.159s] -- Installing: /home/sajjad/Downloads/demo_ros2/install/custom_msg1/local/lib/python3.10/dist-packages/custom_msg1/_custom_msg1_s.ep.rosidl_typesupport_introspection_c.c
[5.159s] -- Installing: /home/sajjad/Downloads/demo_ros2/install/custom_msg1/local/lib/python3.10/dist-packages/custom_msg1/libcustom_msg1__rosidl_generator_py.so
[5.159s] -- Installing: /home/sajjad/Downloads/demo_ros2/install/custom_msg1/local/lib/python3.10/dist-packages/custom_msg1/msg
[5.160s] -- Installing: /home/sajjad/Downloads/demo_ros2/install/custom_msg1/local/lib/python3.10/dist-packages/custom_msg1/msg/_log_tf_s.c
[5.160s] -- Installing: /home/sajjad/Downloads/demo_ros2/install/custom_msg1/local/lib/python3.10/dist-packages/custom_msg1/msg/_log_tf.py
[5.160s] -- Installing: /home/sajjad/Downloads/demo_ros2/install/custom_msg1/local/lib/python3.10/dist-packages/custom_msg1/msg/__init__.py
[5.160s] -- Installing: /home/sajjad/Downloads/demo_ros2/install/custom_msg1/local/lib/python3.10/dist-packages/custom_msg1/__init__.py
[5.201s] Listing '/home/sajjad/Downloads/demo_ros2/install/custom_msg1/local/lib/python3.10/dist-packages/custom_msg1'...
[5.201s] Compiling '/home/sajjad/Downloads/demo_ros2/install/custom_msg1/local/lib/python3.10/dist-packages/custom_msg1/__init__.py'...
[5.201s] Listing '/home/sajjad/Downloads/demo_ros2/install/custom_msg1/local/lib/python3.10/dist-packages/custom_msg1/msg'...
[5.202s] Compiling '/home/sajjad/Downloads/demo_ros2/install/custom_msg1/local/lib/python3.10/dist-packages/custom_msg1/msg/__init__.py'...
[5.202s] Compiling '/home/sajjad/Downloads/demo_ros2/install/custom_msg1/local/lib/python3.10/dist-packages/custom_msg1/msg/_log_tf.py'...
[5.207s] -- Installing: /home/sajjad/Downloads/demo_ros2/install/custom_msg1/local/lib/python3.10/dist-packages/custom_msg1/custom_msg1_s__rosidl_typesupport_fastrtps_c.cpython-310-x86_64-linux-gnu.so
[5.208s] -- Set runtime path of "/home/sajjad/Downloads/demo_ros2/install/custom_msg1/local/lib/python3.10/dist-packages/custom_msg1/custom_msg1_s__rosidl_typesupport_fastrtps_c.cpython-310-x86_64-linux-gnu.so" to ""
[5.208s] -- Installing: /home/sajjad/Downloads/demo_ros2/install/custom_msg1/local/lib/python3.10/dist-packages/custom_msg1/custom_msg1_s__rosidl_typesupport_introspection_c.cpython-310-x86_64-linux-gnu.so
[5.209s] -- Set runtime path of "/home/sajjad/Downloads/demo_ros2/install/custom_msg1/local/lib/python3.10/dist-packages/custom_msg1/custom_msg1_s__rosidl_typesupport_introspection_c.cpython-310-x86_64-linux-gnu.so" to ""
[5.209s] -- Installing: /home/sajjad/Downloads/demo_ros2/install/custom_msg1/local/lib/python3.10/dist-packages/custom_msg1/custom_msg1_s__rosidl_typesupport_c.cpython-310-x86_64-linux-gnu.so
[5.210s] -- Set runtime path of "/home/sajjad/Downloads/demo_ros2/install/custom_msg1/local/lib/python3.10/dist-packages/custom_msg1/custom_msg1_s__rosidl_typesupport_c.cpython-310-x86_64-linux-gnu.so" to ""
[5.210s] -- Installing: /home/sajjad/Downloads/demo_ros2/install/custom_msg1/lib/libcustom_msg1__rosidl_generator_py.so
[5.211s] -- Set runtime path of "/home/sajjad/Downloads/demo_ros2/install/custom_msg1/lib/libcustom_msg1__rosidl_generator_py.so" to ""
[5.211s] -- Installing: /home/sajjad/Downloads/demo_ros2/install/custom_msg1/share/custom_msg1/msg/LogTf.idl
[5.211s] -- Installing: /home/sajjad/Downloads/demo_ros2/install/custom_msg1/share/custom_msg1/msg/LogTf.msg
[5.211s] -- Up-to-date: /home/sajjad/Downloads/demo_ros2/install/custom_msg1/share/ament_index/resource_index/package_run_dependencies/custom_msg1
[5.212s] -- Up-to-date: /home/sajjad/Downloads/demo_ros2/install/custom_msg1/share/ament_index/resource_index/parent_prefix_path/custom_msg1
[5.212s] -- Installing: /home/sajjad/Downloads/demo_ros2/install/custom_msg1/share/custom_msg1/environment/ament_prefix_path.sh
[5.212s] -- Installing: /home/sajjad/Downloads/demo_ros2/install/custom_msg1/share/custom_msg1/environment/ament_prefix_path.dsv
[5.212s] -- Installing: /home/sajjad/Downloads/demo_ros2/install/custom_msg1/share/custom_msg1/environment/path.sh
[5.212s] -- Installing: /home/sajjad/Downloads/demo_ros2/install/custom_msg1/share/custom_msg1/environment/path.dsv
[5.212s] -- Up-to-date: /home/sajjad/Downloads/demo_ros2/install/custom_msg1/share/custom_msg1/local_setup.bash
[5.213s] -- Installing: /home/sajjad/Downloads/demo_ros2/install/custom_msg1/share/custom_msg1/local_setup.sh
[5.213s] -- Up-to-date: /home/sajjad/Downloads/demo_ros2/install/custom_msg1/share/custom_msg1/local_setup.zsh
[5.213s] -- Installing: /home/sajjad/Downloads/demo_ros2/install/custom_msg1/share/custom_msg1/local_setup.dsv
[5.213s] -- Installing: /home/sajjad/Downloads/demo_ros2/install/custom_msg1/share/custom_msg1/package.dsv
[5.213s] -- Up-to-date: /home/sajjad/Downloads/demo_ros2/install/custom_msg1/share/ament_index/resource_index/packages/custom_msg1
[5.213s] -- Installing: /home/sajjad/Downloads/demo_ros2/install/custom_msg1/share/custom_msg1/cmake/export_custom_msg1__rosidl_generator_cExport.cmake
[5.214s] -- Installing: /home/sajjad/Downloads/demo_ros2/install/custom_msg1/share/custom_msg1/cmake/export_custom_msg1__rosidl_generator_cExport-noconfig.cmake
[5.214s] -- Installing: /home/sajjad/Downloads/demo_ros2/install/custom_msg1/share/custom_msg1/cmake/export_custom_msg1__rosidl_typesupport_fastrtps_cExport.cmake
[5.214s] -- Installing: /home/sajjad/Downloads/demo_ros2/install/custom_msg1/share/custom_msg1/cmake/export_custom_msg1__rosidl_typesupport_fastrtps_cExport-noconfig.cmake
[5.214s] -- Installing: /home/sajjad/Downloads/demo_ros2/install/custom_msg1/share/custom_msg1/cmake/custom_msg1__rosidl_typesupport_introspection_cExport.cmake
[5.215s] -- Installing: /home/sajjad/Downloads/demo_ros2/install/custom_msg1/share/custom_msg1/cmake/custom_msg1__rosidl_typesupport_introspection_cExport-noconfig.cmake
[5.215s] -- Installing: /home/sajjad/Downloads/demo_ros2/install/custom_msg1/share/custom_msg1/cmake/custom_msg1__rosidl_typesupport_cExport.cmake
[5.215s] -- Installing: /home/sajjad/Downloads/demo_ros2/install/custom_msg1/share/custom_msg1/cmake/custom_msg1__rosidl_typesupport_cExport-noconfig.cmake
[5.215s] -- Installing: /home/sajjad/Downloads/demo_ros2/install/custom_msg1/share/custom_msg1/cmake/export_custom_msg1__rosidl_generator_cppExport.cmake
[5.216s] -- Installing: /home/sajjad/Downloads/demo_ros2/install/custom_msg1/share/custom_msg1/cmake/export_custom_msg1__rosidl_typesupport_fastrtps_cppExport.cmake
[5.216s] -- Installing: /home/sajjad/Downloads/demo_ros2/install/custom_msg1/share/custom_msg1/cmake/export_custom_msg1__rosidl_typesupport_fastrtps_cppExport-noconfig.cmake
[5.216s] -- Installing: /home/sajjad/Downloads/demo_ros2/install/custom_msg1/share/custom_msg1/cmake/custom_msg1__rosidl_typesupport_introspection_cppExport.cmake
[5.216s] -- Installing: /home/sajjad/Downloads/demo_ros2/install/custom_msg1/share/custom_msg1/cmake/custom_msg1__rosidl_typesupport_introspection_cppExport-noconfig.cmake
[5.217s] -- Installing: /home/sajjad/Downloads/demo_ros2/install/custom_msg1/share/custom_msg1/cmake/custom_msg1__rosidl_typesupport_cppExport.cmake
[5.217s] -- Installing: /home/sajjad/Downloads/demo_ros2/install/custom_msg1/share/custom_msg1/cmake/custom_msg1__rosidl_typesupport_cppExport-noconfig.cmake
[5.217s] -- Installing: /home/sajjad/Downloads/demo_ros2/install/custom_msg1/share/custom_msg1/cmake/export_custom_msg1__rosidl_generator_pyExport.cmake
[5.217s] -- Installing: /home/sajjad/Downloads/demo_ros2/install/custom_msg1/share/custom_msg1/cmake/export_custom_msg1__rosidl_generator_pyExport-noconfig.cmake
[5.218s] -- Installing: /home/sajjad/Downloads/demo_ros2/install/custom_msg1/share/custom_msg1/cmake/rosidl_cmake-extras.cmake
[5.218s] -- Installing: /home/sajjad/Downloads/demo_ros2/install/custom_msg1/share/custom_msg1/cmake/ament_cmake_export_include_directories-extras.cmake
[5.218s] -- Installing: /home/sajjad/Downloads/demo_ros2/install/custom_msg1/share/custom_msg1/cmake/ament_cmake_export_libraries-extras.cmake
[5.218s] -- Installing: /home/sajjad/Downloads/demo_ros2/install/custom_msg1/share/custom_msg1/cmake/ament_cmake_export_targets-extras.cmake
[5.219s] -- Installing: /home/sajjad/Downloads/demo_ros2/install/custom_msg1/share/custom_msg1/cmake/rosidl_cmake_export_typesupport_targets-extras.cmake
[5.219s] -- Installing: /home/sajjad/Downloads/demo_ros2/install/custom_msg1/share/custom_msg1/cmake/ament_cmake_export_dependencies-extras.cmake
[5.219s] -- Installing: /home/sajjad/Downloads/demo_ros2/install/custom_msg1/share/custom_msg1/cmake/rosidl_cmake_export_typesupport_libraries-extras.cmake
[5.219s] -- Installing: /home/sajjad/Downloads/demo_ros2/install/custom_msg1/share/custom_msg1/cmake/custom_msg1Config.cmake
[5.220s] -- Up-to-date: /home/sajjad/Downloads/demo_ros2/install/custom_msg1/share/custom_msg1/cmake/custom_msg1Config-version.cmake
[5.220s] -- Up-to-date: /home/sajjad/Downloads/demo_ros2/install/custom_msg1/share/custom_msg1/package.xml
[5.223s] Invoked command in '/home/sajjad/Downloads/demo_ros2/build/custom_msg1' returned '0': CMAKE_PREFIX_PATH=/opt/ros/humble /usr/bin/cmake --install /home/sajjad/Downloads/demo_ros2/build/custom_msg1
