[0.105s] Invoking command in '/home/sajjad/Downloads/demo_ros2/build/serial_imu1': CMAKE_PREFIX_PATH=/home/sajjad/Downloads/demo_ros2/install/custom_msg1:/home/sajjad/Downloads/demo_ros2/install/pub_sub_custom_msg1:/opt/ros/humble /usr/bin/cmake /home/sajjad/Downloads/demo_ros2/ros2_ws/src/serial_imu1 -DCMAKE_INSTALL_PREFIX=/home/sajjad/Downloads/demo_ros2/install/serial_imu1
[0.178s] -- The C compiler identification is GNU 11.4.0
[0.254s] -- The CXX compiler identification is GNU 11.4.0
[0.265s] -- Detecting C compiler ABI info
[0.364s] -- Detecting C compiler ABI info - done
[0.391s] -- Check for working C compiler: /usr/bin/cc - skipped
[0.391s] -- Detecting C compile features
[0.392s] -- Detecting C compile features - done
[0.400s] -- Detecting CXX compiler ABI info
[0.509s] -- Detecting CXX compiler ABI info - done
[0.519s] -- Check for working CXX compiler: /usr/bin/c++ - skipped
[0.520s] -- Detecting CXX compile features
[0.521s] -- Detecting CXX compile features - done
[0.524s] -- Found ament_cmake: 1.3.5 (/opt/ros/humble/share/ament_cmake/cmake)
[0.826s] -- Found Python3: /usr/bin/python3.10 (found version "3.10.12") found components: Interpreter 
[0.957s] -- Found rclcpp: 16.0.6 (/opt/ros/humble/share/rclcpp/cmake)
[1.025s] -- Found rosidl_generator_c: 3.1.5 (/opt/ros/humble/share/rosidl_generator_c/cmake)
[1.033s] -- Found rosidl_adapter: 3.1.5 (/opt/ros/humble/share/rosidl_adapter/cmake)
[1.047s] -- Found rosidl_generator_cpp: 3.1.5 (/opt/ros/humble/share/rosidl_generator_cpp/cmake)
[1.069s] -- Using all available rosidl_typesupport_c: rosidl_typesupport_fastrtps_c;rosidl_typesupport_introspection_c
[1.098s] -- Using all available rosidl_typesupport_cpp: rosidl_typesupport_fastrtps_cpp;rosidl_typesupport_introspection_cpp
[1.225s] -- Found rmw_implementation_cmake: 6.1.1 (/opt/ros/humble/share/rmw_implementation_cmake/cmake)
[1.232s] -- Found rmw_fastrtps_cpp: 6.2.4 (/opt/ros/humble/share/rmw_fastrtps_cpp/cmake)
[1.377s] -- Found OpenSSL: /usr/lib/x86_64-linux-gnu/libcrypto.so (found version "3.0.2")  
[1.421s] -- Found FastRTPS: /opt/ros/humble/include  
[1.481s] -- Using RMW implementation 'rmw_fastrtps_cpp' as default
[1.496s] -- Looking for pthread.h
[1.594s] -- Looking for pthread.h - found
[1.595s] -- Performing Test CMAKE_HAVE_LIBC_PTHREAD
[1.692s] -- Performing Test CMAKE_HAVE_LIBC_PTHREAD - Success
[1.694s] -- Found Threads: TRUE  
[1.923s] -- Found custom_msg1: 0.0.0 (/home/sajjad/Downloads/demo_ros2/install/custom_msg1/share/custom_msg1/cmake)
[1.949s] -- Found ament_lint_auto: 0.12.8 (/opt/ros/humble/share/ament_lint_auto/cmake)
[2.051s] [31mCMake Error at /opt/ros/humble/share/ament_cmake_target_dependencies/cmake/ament_target_dependencies.cmake:77 (message):
[2.051s]   ament_target_dependencies() the passed package name 'sensor_msgs' was not
[2.051s]   found before
[2.051s] Call Stack (most recent call first):
[2.051s]   CMakeLists.txt:42 (ament_target_dependencies)
[2.052s] 
[2.052s] [0m
[2.052s] -- Configuring incomplete, errors occurred!
[2.052s] See also "/home/sajjad/Downloads/demo_ros2/build/serial_imu1/CMakeFiles/CMakeOutput.log".
[2.065s] Invoked command in '/home/sajjad/Downloads/demo_ros2/build/serial_imu1' returned '1': CMAKE_PREFIX_PATH=/home/sajjad/Downloads/demo_ros2/install/custom_msg1:/home/sajjad/Downloads/demo_ros2/install/pub_sub_custom_msg1:/opt/ros/humble /usr/bin/cmake /home/sajjad/Downloads/demo_ros2/ros2_ws/src/serial_imu1 -DCMAKE_INSTALL_PREFIX=/home/sajjad/Downloads/demo_ros2/install/serial_imu1
