[1.416s] DEBUG:colcon:Command line arguments: ['/usr/bin/colcon', 'build', '--packages-select', 'custom_msg1']
[1.416s] DEBUG:colcon:Parsed command line arguments: Namespace(log_base=None, log_level=None, verb_name='build', build_base='build', install_base='install', merge_install=False, symlink_install=False, test_result_base=None, continue_on_error=False, executor='parallel', parallel_workers=4, event_handlers=None, ignore_user_meta=False, metas=['./colcon.meta'], base_paths=['.'], packages_ignore=None, packages_ignore_regex=None, paths=None, packages_up_to=None, packages_up_to_regex=None, packages_above=None, packages_above_and_dependencies=None, packages_above_depth=None, packages_select_by_dep=None, packages_skip_by_dep=None, packages_skip_up_to=None, packages_select_build_failed=False, packages_skip_build_finished=False, packages_select_test_failures=False, packages_skip_test_passed=False, packages_select=['custom_msg1'], packages_skip=None, packages_select_regex=None, packages_skip_regex=None, packages_start=None, packages_end=None, allow_overriding=[], cmake_args=None, cmake_target=None, cmake_target_skip_unavailable=False, cmake_clean_cache=False, cmake_clean_first=False, cmake_force_configure=False, ament_cmake_args=None, catkin_cmake_args=None, catkin_skip_building_tests=False, verb_parser=<colcon_defaults.argument_parser.defaults.DefaultArgumentsDecorator object at 0x7f004c2ce6e0>, verb_extension=<colcon_core.verb.build.BuildVerb object at 0x7f004d163190>, main=<bound method BuildVerb.main of <colcon_core.verb.build.BuildVerb object at 0x7f004d163190>>)
[1.481s] Level 1:colcon.colcon_core.package_discovery:discover_packages(colcon_meta) check parameters
[1.482s] Level 1:colcon.colcon_core.package_discovery:discover_packages(recursive) check parameters
[1.482s] Level 1:colcon.colcon_core.package_discovery:discover_packages(ignore) check parameters
[1.482s] Level 1:colcon.colcon_core.package_discovery:discover_packages(path) check parameters
[1.482s] Level 1:colcon.colcon_core.package_discovery:discover_packages(colcon_meta) discover
[1.482s] Level 1:colcon.colcon_core.package_discovery:discover_packages(recursive) discover
[1.482s] INFO:colcon.colcon_core.package_discovery:Crawling recursively for packages in '/home/sajjad/Downloads/demo_ros2'
[1.482s] Level 1:colcon.colcon_core.package_identification:_identify(.) by extensions ['ignore', 'ignore_ament_install']
[1.482s] Level 1:colcon.colcon_core.package_identification:_identify(.) by extension 'ignore'
[1.482s] Level 1:colcon.colcon_core.package_identification:_identify(.) by extension 'ignore_ament_install'
[1.482s] Level 1:colcon.colcon_core.package_identification:_identify(.) by extensions ['colcon_pkg']
[1.482s] Level 1:colcon.colcon_core.package_identification:_identify(.) by extension 'colcon_pkg'
[1.482s] Level 1:colcon.colcon_core.package_identification:_identify(.) by extensions ['colcon_meta']
[1.482s] Level 1:colcon.colcon_core.package_identification:_identify(.) by extension 'colcon_meta'
[1.482s] Level 1:colcon.colcon_core.package_identification:_identify(.) by extensions ['ros']
[1.482s] Level 1:colcon.colcon_core.package_identification:_identify(.) by extension 'ros'
[1.495s] Level 1:colcon.colcon_core.package_identification:_identify(.) by extensions ['cmake', 'python']
[1.495s] Level 1:colcon.colcon_core.package_identification:_identify(.) by extension 'cmake'
[1.495s] Level 1:colcon.colcon_core.package_identification:_identify(.) by extension 'python'
[1.495s] Level 1:colcon.colcon_core.package_identification:_identify(.) by extensions ['python_setup_py']
[1.495s] Level 1:colcon.colcon_core.package_identification:_identify(.) by extension 'python_setup_py'
[1.496s] Level 1:colcon.colcon_core.package_identification:_identify(build) by extensions ['ignore', 'ignore_ament_install']
[1.496s] Level 1:colcon.colcon_core.package_identification:_identify(build) by extension 'ignore'
[1.496s] Level 1:colcon.colcon_core.package_identification:_identify(build) ignored
[1.496s] Level 1:colcon.colcon_core.package_identification:_identify(install) by extensions ['ignore', 'ignore_ament_install']
[1.496s] Level 1:colcon.colcon_core.package_identification:_identify(install) by extension 'ignore'
[1.496s] Level 1:colcon.colcon_core.package_identification:_identify(install) ignored
[1.496s] Level 1:colcon.colcon_core.package_identification:_identify(log) by extensions ['ignore', 'ignore_ament_install']
[1.496s] Level 1:colcon.colcon_core.package_identification:_identify(log) by extension 'ignore'
[1.496s] Level 1:colcon.colcon_core.package_identification:_identify(log) ignored
[1.496s] Level 1:colcon.colcon_core.package_identification:_identify(ros2_ws) by extensions ['ignore', 'ignore_ament_install']
[1.496s] Level 1:colcon.colcon_core.package_identification:_identify(ros2_ws) by extension 'ignore'
[1.497s] Level 1:colcon.colcon_core.package_identification:_identify(ros2_ws) by extension 'ignore_ament_install'
[1.497s] Level 1:colcon.colcon_core.package_identification:_identify(ros2_ws) by extensions ['colcon_pkg']
[1.497s] Level 1:colcon.colcon_core.package_identification:_identify(ros2_ws) by extension 'colcon_pkg'
[1.497s] Level 1:colcon.colcon_core.package_identification:_identify(ros2_ws) by extensions ['colcon_meta']
[1.497s] Level 1:colcon.colcon_core.package_identification:_identify(ros2_ws) by extension 'colcon_meta'
[1.497s] Level 1:colcon.colcon_core.package_identification:_identify(ros2_ws) by extensions ['ros']
[1.497s] Level 1:colcon.colcon_core.package_identification:_identify(ros2_ws) by extension 'ros'
[1.497s] Level 1:colcon.colcon_core.package_identification:_identify(ros2_ws) by extensions ['cmake', 'python']
[1.497s] Level 1:colcon.colcon_core.package_identification:_identify(ros2_ws) by extension 'cmake'
[1.497s] Level 1:colcon.colcon_core.package_identification:_identify(ros2_ws) by extension 'python'
[1.497s] Level 1:colcon.colcon_core.package_identification:_identify(ros2_ws) by extensions ['python_setup_py']
[1.497s] Level 1:colcon.colcon_core.package_identification:_identify(ros2_ws) by extension 'python_setup_py'
[1.497s] Level 1:colcon.colcon_core.package_identification:_identify(ros2_ws/build) by extensions ['ignore', 'ignore_ament_install']
[1.497s] Level 1:colcon.colcon_core.package_identification:_identify(ros2_ws/build) by extension 'ignore'
[1.497s] Level 1:colcon.colcon_core.package_identification:_identify(ros2_ws/build) ignored
[1.498s] Level 1:colcon.colcon_core.package_identification:_identify(ros2_ws/install) by extensions ['ignore', 'ignore_ament_install']
[1.498s] Level 1:colcon.colcon_core.package_identification:_identify(ros2_ws/install) by extension 'ignore'
[1.498s] Level 1:colcon.colcon_core.package_identification:_identify(ros2_ws/install) ignored
[1.498s] Level 1:colcon.colcon_core.package_identification:_identify(ros2_ws/log) by extensions ['ignore', 'ignore_ament_install']
[1.498s] Level 1:colcon.colcon_core.package_identification:_identify(ros2_ws/log) by extension 'ignore'
[1.498s] Level 1:colcon.colcon_core.package_identification:_identify(ros2_ws/log) ignored
[1.498s] Level 1:colcon.colcon_core.package_identification:_identify(ros2_ws/src) by extensions ['ignore', 'ignore_ament_install']
[1.498s] Level 1:colcon.colcon_core.package_identification:_identify(ros2_ws/src) by extension 'ignore'
[1.498s] Level 1:colcon.colcon_core.package_identification:_identify(ros2_ws/src) by extension 'ignore_ament_install'
[1.498s] Level 1:colcon.colcon_core.package_identification:_identify(ros2_ws/src) by extensions ['colcon_pkg']
[1.498s] Level 1:colcon.colcon_core.package_identification:_identify(ros2_ws/src) by extension 'colcon_pkg'
[1.498s] Level 1:colcon.colcon_core.package_identification:_identify(ros2_ws/src) by extensions ['colcon_meta']
[1.498s] Level 1:colcon.colcon_core.package_identification:_identify(ros2_ws/src) by extension 'colcon_meta'
[1.498s] Level 1:colcon.colcon_core.package_identification:_identify(ros2_ws/src) by extensions ['ros']
[1.498s] Level 1:colcon.colcon_core.package_identification:_identify(ros2_ws/src) by extension 'ros'
[1.499s] Level 1:colcon.colcon_core.package_identification:_identify(ros2_ws/src) by extensions ['cmake', 'python']
[1.499s] Level 1:colcon.colcon_core.package_identification:_identify(ros2_ws/src) by extension 'cmake'
[1.499s] Level 1:colcon.colcon_core.package_identification:_identify(ros2_ws/src) by extension 'python'
[1.499s] Level 1:colcon.colcon_core.package_identification:_identify(ros2_ws/src) by extensions ['python_setup_py']
[1.499s] Level 1:colcon.colcon_core.package_identification:_identify(ros2_ws/src) by extension 'python_setup_py'
[1.499s] Level 1:colcon.colcon_core.package_identification:_identify(ros2_ws/src/custom_msg) by extensions ['ignore', 'ignore_ament_install']
[1.499s] Level 1:colcon.colcon_core.package_identification:_identify(ros2_ws/src/custom_msg) by extension 'ignore'
[1.499s] Level 1:colcon.colcon_core.package_identification:_identify(ros2_ws/src/custom_msg) by extension 'ignore_ament_install'
[1.499s] Level 1:colcon.colcon_core.package_identification:_identify(ros2_ws/src/custom_msg) by extensions ['colcon_pkg']
[1.499s] Level 1:colcon.colcon_core.package_identification:_identify(ros2_ws/src/custom_msg) by extension 'colcon_pkg'
[1.499s] Level 1:colcon.colcon_core.package_identification:_identify(ros2_ws/src/custom_msg) by extensions ['colcon_meta']
[1.499s] Level 1:colcon.colcon_core.package_identification:_identify(ros2_ws/src/custom_msg) by extension 'colcon_meta'
[1.499s] Level 1:colcon.colcon_core.package_identification:_identify(ros2_ws/src/custom_msg) by extensions ['ros']
[1.499s] Level 1:colcon.colcon_core.package_identification:_identify(ros2_ws/src/custom_msg) by extension 'ros'
[1.502s] DEBUG:colcon.colcon_core.package_identification:Package 'ros2_ws/src/custom_msg' with type 'ros.ament_cmake' and name 'custom_msg'
[1.502s] Level 1:colcon.colcon_core.package_identification:_identify(ros2_ws/src/custom_msg1) by extensions ['ignore', 'ignore_ament_install']
[1.503s] Level 1:colcon.colcon_core.package_identification:_identify(ros2_ws/src/custom_msg1) by extension 'ignore'
[1.503s] Level 1:colcon.colcon_core.package_identification:_identify(ros2_ws/src/custom_msg1) by extension 'ignore_ament_install'
[1.503s] Level 1:colcon.colcon_core.package_identification:_identify(ros2_ws/src/custom_msg1) by extensions ['colcon_pkg']
[1.503s] Level 1:colcon.colcon_core.package_identification:_identify(ros2_ws/src/custom_msg1) by extension 'colcon_pkg'
[1.503s] Level 1:colcon.colcon_core.package_identification:_identify(ros2_ws/src/custom_msg1) by extensions ['colcon_meta']
[1.503s] Level 1:colcon.colcon_core.package_identification:_identify(ros2_ws/src/custom_msg1) by extension 'colcon_meta'
[1.503s] Level 1:colcon.colcon_core.package_identification:_identify(ros2_ws/src/custom_msg1) by extensions ['ros']
[1.503s] Level 1:colcon.colcon_core.package_identification:_identify(ros2_ws/src/custom_msg1) by extension 'ros'
[1.504s] DEBUG:colcon.colcon_core.package_identification:Package 'ros2_ws/src/custom_msg1' with type 'ros.ament_cmake' and name 'custom_msg1'
[1.504s] Level 1:colcon.colcon_core.package_identification:_identify(ros2_ws/src/my_robot_interfaces) by extensions ['ignore', 'ignore_ament_install']
[1.504s] Level 1:colcon.colcon_core.package_identification:_identify(ros2_ws/src/my_robot_interfaces) by extension 'ignore'
[1.504s] Level 1:colcon.colcon_core.package_identification:_identify(ros2_ws/src/my_robot_interfaces) by extension 'ignore_ament_install'
[1.504s] Level 1:colcon.colcon_core.package_identification:_identify(ros2_ws/src/my_robot_interfaces) by extensions ['colcon_pkg']
[1.504s] Level 1:colcon.colcon_core.package_identification:_identify(ros2_ws/src/my_robot_interfaces) by extension 'colcon_pkg'
[1.504s] Level 1:colcon.colcon_core.package_identification:_identify(ros2_ws/src/my_robot_interfaces) by extensions ['colcon_meta']
[1.504s] Level 1:colcon.colcon_core.package_identification:_identify(ros2_ws/src/my_robot_interfaces) by extension 'colcon_meta'
[1.504s] Level 1:colcon.colcon_core.package_identification:_identify(ros2_ws/src/my_robot_interfaces) by extensions ['ros']
[1.504s] Level 1:colcon.colcon_core.package_identification:_identify(ros2_ws/src/my_robot_interfaces) by extension 'ros'
[1.505s] DEBUG:colcon.colcon_core.package_identification:Package 'ros2_ws/src/my_robot_interfaces' with type 'ros.ament_cmake' and name 'my_robot_interfaces'
[1.505s] Level 1:colcon.colcon_core.package_identification:_identify(ros2_ws/src/pub_sub_custom_msg) by extensions ['ignore', 'ignore_ament_install']
[1.505s] Level 1:colcon.colcon_core.package_identification:_identify(ros2_ws/src/pub_sub_custom_msg) by extension 'ignore'
[1.505s] Level 1:colcon.colcon_core.package_identification:_identify(ros2_ws/src/pub_sub_custom_msg) by extension 'ignore_ament_install'
[1.505s] Level 1:colcon.colcon_core.package_identification:_identify(ros2_ws/src/pub_sub_custom_msg) by extensions ['colcon_pkg']
[1.506s] Level 1:colcon.colcon_core.package_identification:_identify(ros2_ws/src/pub_sub_custom_msg) by extension 'colcon_pkg'
[1.506s] Level 1:colcon.colcon_core.package_identification:_identify(ros2_ws/src/pub_sub_custom_msg) by extensions ['colcon_meta']
[1.506s] Level 1:colcon.colcon_core.package_identification:_identify(ros2_ws/src/pub_sub_custom_msg) by extension 'colcon_meta'
[1.506s] Level 1:colcon.colcon_core.package_identification:_identify(ros2_ws/src/pub_sub_custom_msg) by extensions ['ros']
[1.506s] Level 1:colcon.colcon_core.package_identification:_identify(ros2_ws/src/pub_sub_custom_msg) by extension 'ros'
[1.506s] DEBUG:colcon.colcon_core.package_identification:Package 'ros2_ws/src/pub_sub_custom_msg' with type 'ros.ament_cmake' and name 'pub_sub_custom_msg'
[1.507s] Level 1:colcon.colcon_core.package_identification:_identify(ros2_ws/src/pub_sub_custom_msg1) by extensions ['ignore', 'ignore_ament_install']
[1.507s] Level 1:colcon.colcon_core.package_identification:_identify(ros2_ws/src/pub_sub_custom_msg1) by extension 'ignore'
[1.507s] Level 1:colcon.colcon_core.package_identification:_identify(ros2_ws/src/pub_sub_custom_msg1) by extension 'ignore_ament_install'
[1.507s] Level 1:colcon.colcon_core.package_identification:_identify(ros2_ws/src/pub_sub_custom_msg1) by extensions ['colcon_pkg']
[1.507s] Level 1:colcon.colcon_core.package_identification:_identify(ros2_ws/src/pub_sub_custom_msg1) by extension 'colcon_pkg'
[1.507s] Level 1:colcon.colcon_core.package_identification:_identify(ros2_ws/src/pub_sub_custom_msg1) by extensions ['colcon_meta']
[1.507s] Level 1:colcon.colcon_core.package_identification:_identify(ros2_ws/src/pub_sub_custom_msg1) by extension 'colcon_meta'
[1.507s] Level 1:colcon.colcon_core.package_identification:_identify(ros2_ws/src/pub_sub_custom_msg1) by extensions ['ros']
[1.507s] Level 1:colcon.colcon_core.package_identification:_identify(ros2_ws/src/pub_sub_custom_msg1) by extension 'ros'
[1.508s] DEBUG:colcon.colcon_core.package_identification:Package 'ros2_ws/src/pub_sub_custom_msg1' with type 'ros.ament_cmake' and name 'pub_sub_custom_msg1'
[1.508s] Level 1:colcon.colcon_core.package_identification:_identify(ros2_ws/src/ros2_msg) by extensions ['ignore', 'ignore_ament_install']
[1.508s] Level 1:colcon.colcon_core.package_identification:_identify(ros2_ws/src/ros2_msg) by extension 'ignore'
[1.508s] Level 1:colcon.colcon_core.package_identification:_identify(ros2_ws/src/ros2_msg) by extension 'ignore_ament_install'
[1.508s] Level 1:colcon.colcon_core.package_identification:_identify(ros2_ws/src/ros2_msg) by extensions ['colcon_pkg']
[1.508s] Level 1:colcon.colcon_core.package_identification:_identify(ros2_ws/src/ros2_msg) by extension 'colcon_pkg'
[1.508s] Level 1:colcon.colcon_core.package_identification:_identify(ros2_ws/src/ros2_msg) by extensions ['colcon_meta']
[1.508s] Level 1:colcon.colcon_core.package_identification:_identify(ros2_ws/src/ros2_msg) by extension 'colcon_meta'
[1.508s] Level 1:colcon.colcon_core.package_identification:_identify(ros2_ws/src/ros2_msg) by extensions ['ros']
[1.508s] Level 1:colcon.colcon_core.package_identification:_identify(ros2_ws/src/ros2_msg) by extension 'ros'
[1.509s] DEBUG:colcon.colcon_core.package_identification:Package 'ros2_ws/src/ros2_msg' with type 'ros.ament_cmake' and name 'ros2_msg'
[1.509s] Level 1:colcon.colcon_core.package_identification:_identify(serial_imu_ws) by extensions ['ignore', 'ignore_ament_install']
[1.509s] Level 1:colcon.colcon_core.package_identification:_identify(serial_imu_ws) by extension 'ignore'
[1.509s] Level 1:colcon.colcon_core.package_identification:_identify(serial_imu_ws) by extension 'ignore_ament_install'
[1.509s] Level 1:colcon.colcon_core.package_identification:_identify(serial_imu_ws) by extensions ['colcon_pkg']
[1.509s] Level 1:colcon.colcon_core.package_identification:_identify(serial_imu_ws) by extension 'colcon_pkg'
[1.510s] Level 1:colcon.colcon_core.package_identification:_identify(serial_imu_ws) by extensions ['colcon_meta']
[1.510s] Level 1:colcon.colcon_core.package_identification:_identify(serial_imu_ws) by extension 'colcon_meta'
[1.510s] Level 1:colcon.colcon_core.package_identification:_identify(serial_imu_ws) by extensions ['ros']
[1.510s] Level 1:colcon.colcon_core.package_identification:_identify(serial_imu_ws) by extension 'ros'
[1.510s] Level 1:colcon.colcon_core.package_identification:_identify(serial_imu_ws) by extensions ['cmake', 'python']
[1.510s] Level 1:colcon.colcon_core.package_identification:_identify(serial_imu_ws) by extension 'cmake'
[1.510s] Level 1:colcon.colcon_core.package_identification:_identify(serial_imu_ws) by extension 'python'
[1.510s] Level 1:colcon.colcon_core.package_identification:_identify(serial_imu_ws) by extensions ['python_setup_py']
[1.510s] Level 1:colcon.colcon_core.package_identification:_identify(serial_imu_ws) by extension 'python_setup_py'
[1.510s] Level 1:colcon.colcon_core.package_identification:_identify(serial_imu_ws/build) by extensions ['ignore', 'ignore_ament_install']
[1.510s] Level 1:colcon.colcon_core.package_identification:_identify(serial_imu_ws/build) by extension 'ignore'
[1.510s] Level 1:colcon.colcon_core.package_identification:_identify(serial_imu_ws/build) ignored
[1.510s] Level 1:colcon.colcon_core.package_identification:_identify(serial_imu_ws/install) by extensions ['ignore', 'ignore_ament_install']
[1.510s] Level 1:colcon.colcon_core.package_identification:_identify(serial_imu_ws/install) by extension 'ignore'
[1.510s] Level 1:colcon.colcon_core.package_identification:_identify(serial_imu_ws/install) ignored
[1.511s] Level 1:colcon.colcon_core.package_identification:_identify(serial_imu_ws/log) by extensions ['ignore', 'ignore_ament_install']
[1.511s] Level 1:colcon.colcon_core.package_identification:_identify(serial_imu_ws/log) by extension 'ignore'
[1.511s] Level 1:colcon.colcon_core.package_identification:_identify(serial_imu_ws/log) ignored
[1.511s] Level 1:colcon.colcon_core.package_identification:_identify(serial_imu_ws/src) by extensions ['ignore', 'ignore_ament_install']
[1.511s] Level 1:colcon.colcon_core.package_identification:_identify(serial_imu_ws/src) by extension 'ignore'
[1.511s] Level 1:colcon.colcon_core.package_identification:_identify(serial_imu_ws/src) by extension 'ignore_ament_install'
[1.511s] Level 1:colcon.colcon_core.package_identification:_identify(serial_imu_ws/src) by extensions ['colcon_pkg']
[1.511s] Level 1:colcon.colcon_core.package_identification:_identify(serial_imu_ws/src) by extension 'colcon_pkg'
[1.511s] Level 1:colcon.colcon_core.package_identification:_identify(serial_imu_ws/src) by extensions ['colcon_meta']
[1.511s] Level 1:colcon.colcon_core.package_identification:_identify(serial_imu_ws/src) by extension 'colcon_meta'
[1.511s] Level 1:colcon.colcon_core.package_identification:_identify(serial_imu_ws/src) by extensions ['ros']
[1.511s] Level 1:colcon.colcon_core.package_identification:_identify(serial_imu_ws/src) by extension 'ros'
[1.511s] Level 1:colcon.colcon_core.package_identification:_identify(serial_imu_ws/src) by extensions ['cmake', 'python']
[1.511s] Level 1:colcon.colcon_core.package_identification:_identify(serial_imu_ws/src) by extension 'cmake'
[1.511s] Level 1:colcon.colcon_core.package_identification:_identify(serial_imu_ws/src) by extension 'python'
[1.511s] Level 1:colcon.colcon_core.package_identification:_identify(serial_imu_ws/src) by extensions ['python_setup_py']
[1.512s] Level 1:colcon.colcon_core.package_identification:_identify(serial_imu_ws/src) by extension 'python_setup_py'
[1.512s] Level 1:colcon.colcon_core.package_identification:_identify(serial_imu_ws/src/serial_imu) by extensions ['ignore', 'ignore_ament_install']
[1.512s] Level 1:colcon.colcon_core.package_identification:_identify(serial_imu_ws/src/serial_imu) by extension 'ignore'
[1.512s] Level 1:colcon.colcon_core.package_identification:_identify(serial_imu_ws/src/serial_imu) by extension 'ignore_ament_install'
[1.512s] Level 1:colcon.colcon_core.package_identification:_identify(serial_imu_ws/src/serial_imu) by extensions ['colcon_pkg']
[1.512s] Level 1:colcon.colcon_core.package_identification:_identify(serial_imu_ws/src/serial_imu) by extension 'colcon_pkg'
[1.512s] Level 1:colcon.colcon_core.package_identification:_identify(serial_imu_ws/src/serial_imu) by extensions ['colcon_meta']
[1.512s] Level 1:colcon.colcon_core.package_identification:_identify(serial_imu_ws/src/serial_imu) by extension 'colcon_meta'
[1.512s] Level 1:colcon.colcon_core.package_identification:_identify(serial_imu_ws/src/serial_imu) by extensions ['ros']
[1.512s] Level 1:colcon.colcon_core.package_identification:_identify(serial_imu_ws/src/serial_imu) by extension 'ros'
[1.513s] DEBUG:colcon.colcon_core.package_identification:Package 'serial_imu_ws/src/serial_imu' with type 'ros.ament_cmake' and name 'serial_imu'
[1.513s] Level 1:colcon.colcon_core.package_identification:_identify(serial_test) by extensions ['ignore', 'ignore_ament_install']
[1.513s] Level 1:colcon.colcon_core.package_identification:_identify(serial_test) by extension 'ignore'
[1.513s] Level 1:colcon.colcon_core.package_identification:_identify(serial_test) by extension 'ignore_ament_install'
[1.513s] Level 1:colcon.colcon_core.package_identification:_identify(serial_test) by extensions ['colcon_pkg']
[1.513s] Level 1:colcon.colcon_core.package_identification:_identify(serial_test) by extension 'colcon_pkg'
[1.513s] Level 1:colcon.colcon_core.package_identification:_identify(serial_test) by extensions ['colcon_meta']
[1.513s] Level 1:colcon.colcon_core.package_identification:_identify(serial_test) by extension 'colcon_meta'
[1.513s] Level 1:colcon.colcon_core.package_identification:_identify(serial_test) by extensions ['ros']
[1.513s] Level 1:colcon.colcon_core.package_identification:_identify(serial_test) by extension 'ros'
[1.514s] Level 1:colcon.colcon_core.package_identification:_identify(serial_test) by extensions ['cmake', 'python']
[1.514s] Level 1:colcon.colcon_core.package_identification:_identify(serial_test) by extension 'cmake'
[1.514s] Level 1:colcon.colcon_core.package_identification:_identify(serial_test) by extension 'python'
[1.514s] Level 1:colcon.colcon_core.package_identification:_identify(serial_test) by extensions ['python_setup_py']
[1.514s] Level 1:colcon.colcon_core.package_identification:_identify(serial_test) by extension 'python_setup_py'
[1.514s] Level 1:colcon.colcon_core.package_identification:_identify(serial_test/build) by extensions ['ignore', 'ignore_ament_install']
[1.514s] Level 1:colcon.colcon_core.package_identification:_identify(serial_test/build) by extension 'ignore'
[1.514s] Level 1:colcon.colcon_core.package_identification:_identify(serial_test/build) ignored
[1.514s] Level 1:colcon.colcon_core.package_identification:_identify(serial_test/install) by extensions ['ignore', 'ignore_ament_install']
[1.514s] Level 1:colcon.colcon_core.package_identification:_identify(serial_test/install) by extension 'ignore'
[1.514s] Level 1:colcon.colcon_core.package_identification:_identify(serial_test/install) ignored
[1.514s] Level 1:colcon.colcon_core.package_identification:_identify(serial_test/log) by extensions ['ignore', 'ignore_ament_install']
[1.514s] Level 1:colcon.colcon_core.package_identification:_identify(serial_test/log) by extension 'ignore'
[1.514s] Level 1:colcon.colcon_core.package_identification:_identify(serial_test/log) ignored
[1.515s] Level 1:colcon.colcon_core.package_identification:_identify(serial_test/src) by extensions ['ignore', 'ignore_ament_install']
[1.515s] Level 1:colcon.colcon_core.package_identification:_identify(serial_test/src) by extension 'ignore'
[1.515s] Level 1:colcon.colcon_core.package_identification:_identify(serial_test/src) by extension 'ignore_ament_install'
[1.515s] Level 1:colcon.colcon_core.package_identification:_identify(serial_test/src) by extensions ['colcon_pkg']
[1.515s] Level 1:colcon.colcon_core.package_identification:_identify(serial_test/src) by extension 'colcon_pkg'
[1.515s] Level 1:colcon.colcon_core.package_identification:_identify(serial_test/src) by extensions ['colcon_meta']
[1.515s] Level 1:colcon.colcon_core.package_identification:_identify(serial_test/src) by extension 'colcon_meta'
[1.515s] Level 1:colcon.colcon_core.package_identification:_identify(serial_test/src) by extensions ['ros']
[1.515s] Level 1:colcon.colcon_core.package_identification:_identify(serial_test/src) by extension 'ros'
[1.515s] Level 1:colcon.colcon_core.package_identification:_identify(serial_test/src) by extensions ['cmake', 'python']
[1.515s] Level 1:colcon.colcon_core.package_identification:_identify(serial_test/src) by extension 'cmake'
[1.515s] Level 1:colcon.colcon_core.package_identification:_identify(serial_test/src) by extension 'python'
[1.515s] Level 1:colcon.colcon_core.package_identification:_identify(serial_test/src) by extensions ['python_setup_py']
[1.515s] Level 1:colcon.colcon_core.package_identification:_identify(serial_test/src) by extension 'python_setup_py'
[1.515s] Level 1:colcon.colcon_core.package_identification:_identify(serial_test/src/serial_imu) by extensions ['ignore', 'ignore_ament_install']
[1.515s] Level 1:colcon.colcon_core.package_identification:_identify(serial_test/src/serial_imu) by extension 'ignore'
[1.516s] Level 1:colcon.colcon_core.package_identification:_identify(serial_test/src/serial_imu) by extension 'ignore_ament_install'
[1.516s] Level 1:colcon.colcon_core.package_identification:_identify(serial_test/src/serial_imu) by extensions ['colcon_pkg']
[1.516s] Level 1:colcon.colcon_core.package_identification:_identify(serial_test/src/serial_imu) by extension 'colcon_pkg'
[1.516s] Level 1:colcon.colcon_core.package_identification:_identify(serial_test/src/serial_imu) by extensions ['colcon_meta']
[1.516s] Level 1:colcon.colcon_core.package_identification:_identify(serial_test/src/serial_imu) by extension 'colcon_meta'
[1.516s] Level 1:colcon.colcon_core.package_identification:_identify(serial_test/src/serial_imu) by extensions ['ros']
[1.516s] Level 1:colcon.colcon_core.package_identification:_identify(serial_test/src/serial_imu) by extension 'ros'
[1.517s] DEBUG:colcon.colcon_core.package_identification:Package 'serial_test/src/serial_imu' with type 'ros.ament_cmake' and name 'serial_imu'
[1.517s] Level 1:colcon.colcon_core.package_discovery:discover_packages(recursive) using defaults
[1.517s] Level 1:colcon.colcon_core.package_discovery:discover_packages(ignore) discover
[1.517s] Level 1:colcon.colcon_core.package_discovery:discover_packages(ignore) using defaults
[1.517s] Level 1:colcon.colcon_core.package_discovery:discover_packages(path) discover
[1.517s] Level 1:colcon.colcon_core.package_discovery:discover_packages(path) using defaults
[1.603s] INFO:colcon.colcon_core.package_selection:Skipping not selected package 'custom_msg' in 'ros2_ws/src/custom_msg'
[1.603s] INFO:colcon.colcon_core.package_selection:Skipping not selected package 'my_robot_interfaces' in 'ros2_ws/src/my_robot_interfaces'
[1.603s] INFO:colcon.colcon_core.package_selection:Skipping not selected package 'ros2_msg' in 'ros2_ws/src/ros2_msg'
[1.603s] INFO:colcon.colcon_core.package_selection:Skipping not selected package 'serial_imu' in 'serial_imu_ws/src/serial_imu'
[1.603s] INFO:colcon.colcon_core.package_selection:Skipping not selected package 'serial_imu' in 'serial_test/src/serial_imu'
[1.603s] INFO:colcon.colcon_core.package_selection:Skipping not selected package 'pub_sub_custom_msg' in 'ros2_ws/src/pub_sub_custom_msg'
[1.603s] INFO:colcon.colcon_core.package_selection:Skipping not selected package 'pub_sub_custom_msg1' in 'ros2_ws/src/pub_sub_custom_msg1'
[1.644s] Level 1:colcon.colcon_core.package_discovery:discover_packages(prefix_path) check parameters
[1.644s] Level 1:colcon.colcon_core.package_discovery:discover_packages(prefix_path) discover
[1.687s] DEBUG:colcon.colcon_installed_package_information.package_discovery:Found 270 installed packages in /opt/ros/humble
[1.688s] Level 1:colcon.colcon_core.package_discovery:discover_packages(prefix_path) using defaults
[1.800s] Level 5:colcon.colcon_core.verb:set package 'custom_msg1' build argument 'cmake_args' from command line to 'None'
[1.800s] Level 5:colcon.colcon_core.verb:set package 'custom_msg1' build argument 'cmake_target' from command line to 'None'
[1.800s] Level 5:colcon.colcon_core.verb:set package 'custom_msg1' build argument 'cmake_target_skip_unavailable' from command line to 'False'
[1.800s] Level 5:colcon.colcon_core.verb:set package 'custom_msg1' build argument 'cmake_clean_cache' from command line to 'False'
[1.800s] Level 5:colcon.colcon_core.verb:set package 'custom_msg1' build argument 'cmake_clean_first' from command line to 'False'
[1.800s] Level 5:colcon.colcon_core.verb:set package 'custom_msg1' build argument 'cmake_force_configure' from command line to 'False'
[1.800s] Level 5:colcon.colcon_core.verb:set package 'custom_msg1' build argument 'ament_cmake_args' from command line to 'None'
[1.800s] Level 5:colcon.colcon_core.verb:set package 'custom_msg1' build argument 'catkin_cmake_args' from command line to 'None'
[1.801s] Level 5:colcon.colcon_core.verb:set package 'custom_msg1' build argument 'catkin_skip_building_tests' from command line to 'False'
[1.801s] DEBUG:colcon.colcon_core.verb:Building package 'custom_msg1' with the following arguments: {'ament_cmake_args': None, 'build_base': '/home/sajjad/Downloads/demo_ros2/build/custom_msg1', 'catkin_cmake_args': None, 'catkin_skip_building_tests': False, 'cmake_args': None, 'cmake_clean_cache': False, 'cmake_clean_first': False, 'cmake_force_configure': False, 'cmake_target': None, 'cmake_target_skip_unavailable': False, 'install_base': '/home/sajjad/Downloads/demo_ros2/install/custom_msg1', 'merge_install': False, 'path': '/home/sajjad/Downloads/demo_ros2/ros2_ws/src/custom_msg1', 'symlink_install': False, 'test_result_base': None}
[1.821s] INFO:colcon.colcon_core.executor:Executing jobs using 'parallel' executor
[1.842s] DEBUG:colcon.colcon_parallel_executor.executor.parallel:run_until_complete
[1.842s] INFO:colcon.colcon_ros.task.ament_cmake.build:Building ROS package in '/home/sajjad/Downloads/demo_ros2/ros2_ws/src/custom_msg1' with build type 'ament_cmake'
[1.843s] INFO:colcon.colcon_cmake.task.cmake.build:Building CMake package in '/home/sajjad/Downloads/demo_ros2/ros2_ws/src/custom_msg1'
[1.867s] INFO:colcon.colcon_core.plugin_system:Skipping extension 'colcon_core.shell.bat': Not used on non-Windows systems
[1.867s] INFO:colcon.colcon_core.shell:Skip shell extension 'powershell' for command environment: Not usable outside of PowerShell
[1.867s] DEBUG:colcon.colcon_core.shell:Skip shell extension 'dsv' for command environment
[1.926s] DEBUG:colcon.colcon_core.event_handler.log_command:Invoking command in '/home/sajjad/Downloads/demo_ros2/build/custom_msg1': CMAKE_PREFIX_PATH=/opt/ros/humble /usr/bin/cmake --build /home/sajjad/Downloads/demo_ros2/build/custom_msg1 -- -j4 -l4
[6.881s] DEBUG:colcon.colcon_core.event_handler.log_command:Invoked command in '/home/sajjad/Downloads/demo_ros2/build/custom_msg1' returned '0': CMAKE_PREFIX_PATH=/opt/ros/humble /usr/bin/cmake --build /home/sajjad/Downloads/demo_ros2/build/custom_msg1 -- -j4 -l4
[6.973s] DEBUG:colcon.colcon_core.event_handler.log_command:Invoking command in '/home/sajjad/Downloads/demo_ros2/build/custom_msg1': CMAKE_PREFIX_PATH=/opt/ros/humble /usr/bin/cmake --install /home/sajjad/Downloads/demo_ros2/build/custom_msg1
[7.066s] Level 1:colcon.colcon_core.environment:create_environment_scripts_only(custom_msg1)
[7.067s] DEBUG:colcon.colcon_core.event_handler.log_command:Invoked command in '/home/sajjad/Downloads/demo_ros2/build/custom_msg1' returned '0': CMAKE_PREFIX_PATH=/opt/ros/humble /usr/bin/cmake --install /home/sajjad/Downloads/demo_ros2/build/custom_msg1
[7.090s] Level 1:colcon.colcon_core.environment:checking '/home/sajjad/Downloads/demo_ros2/install/custom_msg1' for CMake module files
[7.092s] Level 1:colcon.colcon_core.environment:checking '/home/sajjad/Downloads/demo_ros2/install/custom_msg1' for CMake config files
[7.092s] Level 1:colcon.colcon_core.shell:create_environment_hook('custom_msg1', 'cmake_prefix_path')
[7.113s] INFO:colcon.colcon_core.shell:Creating environment hook '/home/sajjad/Downloads/demo_ros2/install/custom_msg1/share/custom_msg1/hook/cmake_prefix_path.ps1'
[7.114s] INFO:colcon.colcon_core.shell:Creating environment descriptor '/home/sajjad/Downloads/demo_ros2/install/custom_msg1/share/custom_msg1/hook/cmake_prefix_path.dsv'
[7.114s] INFO:colcon.colcon_core.shell:Creating environment hook '/home/sajjad/Downloads/demo_ros2/install/custom_msg1/share/custom_msg1/hook/cmake_prefix_path.sh'
[7.115s] Level 1:colcon.colcon_core.environment:checking '/home/sajjad/Downloads/demo_ros2/install/custom_msg1/lib'
[7.116s] Level 1:colcon.colcon_core.shell:create_environment_hook('custom_msg1', 'ld_library_path_lib')
[7.137s] INFO:colcon.colcon_core.shell:Creating environment hook '/home/sajjad/Downloads/demo_ros2/install/custom_msg1/share/custom_msg1/hook/ld_library_path_lib.ps1'
[7.137s] INFO:colcon.colcon_core.shell:Creating environment descriptor '/home/sajjad/Downloads/demo_ros2/install/custom_msg1/share/custom_msg1/hook/ld_library_path_lib.dsv'
[7.138s] INFO:colcon.colcon_core.shell:Creating environment hook '/home/sajjad/Downloads/demo_ros2/install/custom_msg1/share/custom_msg1/hook/ld_library_path_lib.sh'
[7.138s] Level 1:colcon.colcon_core.environment:checking '/home/sajjad/Downloads/demo_ros2/install/custom_msg1/bin'
[7.138s] Level 1:colcon.colcon_core.environment:checking '/home/sajjad/Downloads/demo_ros2/install/custom_msg1/lib/pkgconfig/custom_msg1.pc'
[7.139s] Level 1:colcon.colcon_core.environment:checking '/home/sajjad/Downloads/demo_ros2/install/custom_msg1/lib/python3.10/site-packages'
[7.139s] Level 1:colcon.colcon_core.environment:checking '/home/sajjad/Downloads/demo_ros2/install/custom_msg1/bin'
[7.160s] INFO:colcon.colcon_core.shell:Creating package script '/home/sajjad/Downloads/demo_ros2/install/custom_msg1/share/custom_msg1/package.ps1'
[7.161s] INFO:colcon.colcon_core.shell:Creating package descriptor '/home/sajjad/Downloads/demo_ros2/install/custom_msg1/share/custom_msg1/package.dsv'
[7.162s] INFO:colcon.colcon_core.shell:Creating package script '/home/sajjad/Downloads/demo_ros2/install/custom_msg1/share/custom_msg1/package.sh'
[7.162s] INFO:colcon.colcon_core.shell:Creating package script '/home/sajjad/Downloads/demo_ros2/install/custom_msg1/share/custom_msg1/package.bash'
[7.163s] INFO:colcon.colcon_core.shell:Creating package script '/home/sajjad/Downloads/demo_ros2/install/custom_msg1/share/custom_msg1/package.zsh'
[7.164s] Level 1:colcon.colcon_core.environment:create_file_with_runtime_dependencies(/home/sajjad/Downloads/demo_ros2/install/custom_msg1/share/colcon-core/packages/custom_msg1)
[7.274s] Level 1:colcon.colcon_core.environment:create_environment_scripts_only(custom_msg1)
[7.296s] Level 1:colcon.colcon_core.environment:checking '/home/sajjad/Downloads/demo_ros2/install/custom_msg1' for CMake module files
[7.297s] Level 1:colcon.colcon_core.environment:checking '/home/sajjad/Downloads/demo_ros2/install/custom_msg1' for CMake config files
[7.297s] Level 1:colcon.colcon_core.shell:create_environment_hook('custom_msg1', 'cmake_prefix_path')
[7.318s] INFO:colcon.colcon_core.shell:Creating environment hook '/home/sajjad/Downloads/demo_ros2/install/custom_msg1/share/custom_msg1/hook/cmake_prefix_path.ps1'
[7.319s] INFO:colcon.colcon_core.shell:Creating environment descriptor '/home/sajjad/Downloads/demo_ros2/install/custom_msg1/share/custom_msg1/hook/cmake_prefix_path.dsv'
[7.319s] INFO:colcon.colcon_core.shell:Creating environment hook '/home/sajjad/Downloads/demo_ros2/install/custom_msg1/share/custom_msg1/hook/cmake_prefix_path.sh'
[7.320s] Level 1:colcon.colcon_core.environment:checking '/home/sajjad/Downloads/demo_ros2/install/custom_msg1/lib'
[7.320s] Level 1:colcon.colcon_core.shell:create_environment_hook('custom_msg1', 'ld_library_path_lib')
[7.354s] INFO:colcon.colcon_core.shell:Creating environment hook '/home/sajjad/Downloads/demo_ros2/install/custom_msg1/share/custom_msg1/hook/ld_library_path_lib.ps1'
[7.355s] INFO:colcon.colcon_core.shell:Creating environment descriptor '/home/sajjad/Downloads/demo_ros2/install/custom_msg1/share/custom_msg1/hook/ld_library_path_lib.dsv'
[7.355s] INFO:colcon.colcon_core.shell:Creating environment hook '/home/sajjad/Downloads/demo_ros2/install/custom_msg1/share/custom_msg1/hook/ld_library_path_lib.sh'
[7.356s] Level 1:colcon.colcon_core.environment:checking '/home/sajjad/Downloads/demo_ros2/install/custom_msg1/bin'
[7.356s] Level 1:colcon.colcon_core.environment:checking '/home/sajjad/Downloads/demo_ros2/install/custom_msg1/lib/pkgconfig/custom_msg1.pc'
[7.356s] Level 1:colcon.colcon_core.environment:checking '/home/sajjad/Downloads/demo_ros2/install/custom_msg1/lib/python3.10/site-packages'
[7.356s] Level 1:colcon.colcon_core.environment:checking '/home/sajjad/Downloads/demo_ros2/install/custom_msg1/bin'
[7.378s] INFO:colcon.colcon_core.shell:Creating package script '/home/sajjad/Downloads/demo_ros2/install/custom_msg1/share/custom_msg1/package.ps1'
[7.379s] INFO:colcon.colcon_core.shell:Creating package descriptor '/home/sajjad/Downloads/demo_ros2/install/custom_msg1/share/custom_msg1/package.dsv'
[7.379s] INFO:colcon.colcon_core.shell:Creating package script '/home/sajjad/Downloads/demo_ros2/install/custom_msg1/share/custom_msg1/package.sh'
[7.380s] INFO:colcon.colcon_core.shell:Creating package script '/home/sajjad/Downloads/demo_ros2/install/custom_msg1/share/custom_msg1/package.bash'
[7.380s] INFO:colcon.colcon_core.shell:Creating package script '/home/sajjad/Downloads/demo_ros2/install/custom_msg1/share/custom_msg1/package.zsh'
[7.381s] Level 1:colcon.colcon_core.environment:create_file_with_runtime_dependencies(/home/sajjad/Downloads/demo_ros2/install/custom_msg1/share/colcon-core/packages/custom_msg1)
[7.382s] DEBUG:colcon.colcon_parallel_executor.executor.parallel:closing loop
[7.383s] DEBUG:colcon.colcon_parallel_executor.executor.parallel:loop closed
[7.383s] DEBUG:colcon.colcon_parallel_executor.executor.parallel:run_until_complete finished with '0'
[7.383s] DEBUG:colcon.colcon_core.event_reactor:joining thread
[7.416s] INFO:colcon.colcon_core.plugin_system:Skipping extension 'colcon_notification.desktop_notification.terminal_notifier': Not used on non-Darwin systems
[7.416s] INFO:colcon.colcon_core.plugin_system:Skipping extension 'colcon_notification.desktop_notification.win32': Not used on non-Windows systems
[7.416s] INFO:colcon.colcon_notification.desktop_notification:Sending desktop notification using 'notify2'
[7.436s] DEBUG:colcon.colcon_core.event_reactor:joined thread
[7.461s] INFO:colcon.colcon_core.shell:Creating prefix script '/home/sajjad/Downloads/demo_ros2/install/local_setup.ps1'
[7.463s] INFO:colcon.colcon_core.shell:Creating prefix util module '/home/sajjad/Downloads/demo_ros2/install/_local_setup_util_ps1.py'
[7.464s] INFO:colcon.colcon_core.shell:Creating prefix chain script '/home/sajjad/Downloads/demo_ros2/install/setup.ps1'
[7.488s] INFO:colcon.colcon_core.shell:Creating prefix script '/home/sajjad/Downloads/demo_ros2/install/local_setup.sh'
[7.488s] INFO:colcon.colcon_core.shell:Creating prefix util module '/home/sajjad/Downloads/demo_ros2/install/_local_setup_util_sh.py'
[7.489s] INFO:colcon.colcon_core.shell:Creating prefix chain script '/home/sajjad/Downloads/demo_ros2/install/setup.sh'
[7.512s] INFO:colcon.colcon_core.shell:Creating prefix script '/home/sajjad/Downloads/demo_ros2/install/local_setup.bash'
[7.513s] INFO:colcon.colcon_core.shell:Creating prefix chain script '/home/sajjad/Downloads/demo_ros2/install/setup.bash'
[7.534s] INFO:colcon.colcon_core.shell:Creating prefix script '/home/sajjad/Downloads/demo_ros2/install/local_setup.zsh'
[7.535s] INFO:colcon.colcon_core.shell:Creating prefix chain script '/home/sajjad/Downloads/demo_ros2/install/setup.zsh'
